<?xml version="1.0" encoding="UTF-8" standalone="no"?><testsuite errors="1" failures="0" name="Data Dokter Admin" skipped="0" tests="29" time="396.76" timestamp="2022-07-15 03:12:23"><testcase name="As a admin i want to view data dokter"/><testcase name="As a admin i want to detail data dokter"/><testcase name="As a admin i want to add data dokter - Valid"/><testcase name="As a admin i want to add data dokter - Kosong"/><testcase name="As a admin i want to add data dokter - Invalid"/><testcase name="As a admin i want to edit data dokter - Valid"><error message="no such element: Unable to locate element: {&quot;method&quot;:&quot;xpath&quot;,&quot;selector&quot;:&quot;//*[@role=&quot;dialog&quot;]&quot;}&#10;  (Session info: chrome=103.0.5060.114)&#10;For documentation on this error, please visit: https://selenium.dev/exceptions/#no_such_element&#10;Build info: version: '4.1.4', revision: '535d840ee2'&#10;System info: host: 'LAPTOP-SQP5LMI4', ip: '192.168.100.42', os.name: 'Windows 11', os.arch: 'amd64', os.version: '10.0', java.version: '11.0.15'&#10;Driver info: org.openqa.selenium.chrome.ChromeDriver&#10;Command: [4ecbbe6647678339615e439e143d1018, findElement {using=xpath, value=//*[@role=&quot;dialog&quot;]}]&#10;Capabilities {acceptInsecureCerts: false, browserName: chrome, browserVersion: 103.0.5060.114, chrome: {chromedriverVersion: 103.0.5060.53 (a1711811edd7..., userDataDir: C:\Users\BAGASD~1\AppData\L...}, goog:chromeOptions: {debuggerAddress: localhost:62449}, javascriptEnabled: true, networkConnectionEnabled: false, pageLoadStrategy: normal, platform: WINDOWS, platformName: WINDOWS, proxy: Proxy(), se:cdp: ws://localhost:62449/devtoo..., se:cdpVersion: 103.0.5060.114, setWindowRect: true, strictFileInteractability: false, timeouts: {implicit: 0, pageLoad: 300000, script: 30000}, unhandledPromptBehavior: dismiss and notify, webauthn:extension:credBlob: true, webauthn:extension:largeBlob: true, webauthn:virtualAuthenticators: true}&#10;Session ID: 4ecbbe6647678339615e439e143d1018&#10;For documentation on this error, please visit: https://selenium.dev/exceptions/#no_such_element&#10;Build info: version: '4.1.4', revision: '535d840ee2'&#10;System info: host: 'LAPTOP-SQP5LMI4', ip: '192.168.100.42', os.name: 'Windows 11', os.arch: 'amd64', os.version: '10.0', java.version: '11.0.15'&#10;Driver info: driver.version: unknown" type="org.openqa.selenium.NoSuchElementException">no such element: Unable to locate element: {"method":"xpath","selector":"//*[@role="dialog"]"}
  (Session info: chrome=103.0.5060.114)
For documentation on this error, please visit: https://selenium.dev/exceptions/#no_such_element
Build info: version: '4.1.4', revision: '535d840ee2'
System info: host: 'LAPTOP-SQP5LMI4', ip: '192.168.100.42', os.name: 'Windows 11', os.arch: 'amd64', os.version: '10.0', java.version: '11.0.15'
Driver info: org.openqa.selenium.chrome.ChromeDriver
Command: [4ecbbe6647678339615e439e143d1018, findElement {using=xpath, value=//*[@role="dialog"]}]
Capabilities {acceptInsecureCerts: false, browserName: chrome, browserVersion: 103.0.5060.114, chrome: {chromedriverVersion: 103.0.5060.53 (a1711811edd7..., userDataDir: C:\Users\BAGASD~1\AppData\L...}, goog:chromeOptions: {debuggerAddress: localhost:62449}, javascriptEnabled: true, networkConnectionEnabled: false, pageLoadStrategy: normal, platform: WINDOWS, platformName: WINDOWS, proxy: Proxy(), se:cdp: ws://localhost:62449/devtoo..., se:cdpVersion: 103.0.5060.114, setWindowRect: true, strictFileInteractability: false, timeouts: {implicit: 0, pageLoad: 300000, script: 30000}, unhandledPromptBehavior: dismiss and notify, webauthn:extension:credBlob: true, webauthn:extension:largeBlob: true, webauthn:virtualAuthenticators: true}
Session ID: 4ecbbe6647678339615e439e143d1018
For documentation on this error, please visit: https://selenium.dev/exceptions/#no_such_element
Build info: version: '4.1.4', revision: '535d840ee2'
System info: host: 'LAPTOP-SQP5LMI4', ip: '192.168.100.42', os.name: 'Windows 11', os.arch: 'amd64', os.version: '10.0', java.version: '11.0.15'
Driver info: driver.version: unknown</error><system-err>no such element: Unable to locate element: {"method":"xpath","selector":"//*[@role="dialog"]"}
  (Session info: chrome=103.0.5060.114)
For documentation on this error, please visit: https://selenium.dev/exceptions/#no_such_element
Build info: version: '4.1.4', revision: '535d840ee2'
System info: host: 'LAPTOP-SQP5LMI4', ip: '192.168.100.42', os.name: 'Windows 11', os.arch: 'amd64', os.version: '10.0', java.version: '11.0.15'
Driver info: org.openqa.selenium.chrome.ChromeDriver
Command: [4ecbbe6647678339615e439e143d1018, findElement {using=xpath, value=//*[@role="dialog"]}]
Capabilities {acceptInsecureCerts: false, browserName: chrome, browserVersion: 103.0.5060.114, chrome: {chromedriverVersion: 103.0.5060.53 (a1711811edd7..., userDataDir: C:\Users\BAGASD~1\AppData\L...}, goog:chromeOptions: {debuggerAddress: localhost:62449}, javascriptEnabled: true, networkConnectionEnabled: false, pageLoadStrategy: normal, platform: WINDOWS, platformName: WINDOWS, proxy: Proxy(), se:cdp: ws://localhost:62449/devtoo..., se:cdpVersion: 103.0.5060.114, setWindowRect: true, strictFileInteractability: false, timeouts: {implicit: 0, pageLoad: 300000, script: 30000}, unhandledPromptBehavior: dismiss and notify, webauthn:extension:credBlob: true, webauthn:extension:largeBlob: true, webauthn:virtualAuthenticators: true}
Session ID: 4ecbbe6647678339615e439e143d1018
For documentation on this error, please visit: https://selenium.dev/exceptions/#no_such_element
Build info: version: '4.1.4', revision: '535d840ee2'
System info: host: 'LAPTOP-SQP5LMI4', ip: '192.168.100.42', os.name: 'Windows 11', os.arch: 'amd64', os.version: '10.0', java.version: '11.0.15'
Driver info: driver.version: unknown&#13;
TestingWeb@1.0-SNAPSHOT/starter.pages.PatientDataPage.validAddData(PatientDataPage.java:90)&#13;
TestingWeb@1.0-SNAPSHOT/starter.stepdefinitios.PatientDataSteps.validEditData(PatientDataSteps.java:81)&#13;
✽.Valid edit data(file:///C:/Alterra/Web/TestingWeb/src/test/resources/features/3DataDokter.feature:103)&#13;
</system-err></testcase><testcase name="As a admin i want to edit data dokter - Invalid"/><testcase name="As a admin i want to delete data dokter - No"/><testcase name="As a admin i want to delete data dokter - Yes"/><testcase name="As a admin i want to delete data dokter"/></testsuite>