<?xml version="1.0" encoding="UTF-8"?>
<testsuite xmlns:xsi="http://www.w3.org/2001/XMLSchema-instance" xsi:noNamespaceSchemaLocation="https://maven.apache.org/surefire/maven-failsafe-plugin/xsd/failsafe-test-report-3.0.xsd" version="3.0" name="CucumberTestSuite" time="149.309" tests="4" errors="0" skipped="0" failures="0">
  <properties>
[...]
</properties>
  <testcase name="As a admin i want to View archive" classname="Arsip jadwal - admin" time="37.956">
    <system-out><![CDATA[20:23:04.049 [main] INFO io.cucumber.core.plugin.SerenityReporter - Running feature from file:///C:/Alterra/CapstoneBaru/QE/TestingWebUpdate/src/test/resources/features/2LogOut.feature
20:23:04.248 [main] INFO  - 

-------------------------------------------------------------------------------------
     _______. _______ .______       _______ .__   __.  __  .___________.____    ____ 
    /       ||   ____||   _  \     |   ____||  \ |  | |  | |           |\   \  /   / 
   |   (----`|  |__   |  |_)  |    |  |__   |   \|  | |  | `---|  |----` \   \/   /  
    \   \    |   __|  |      /     |   __|  |  . `  | |  |     |  |       \_    _/   
.----)   |   |  |____ |  |\  \----.|  |____ |  |\   | |  |     |  |         |  |     
|_______/    |_______|| _| `._____||_______||__| \__| |__|     |__|         |__|    
                                                                                     
 News and tutorials at http://www.serenity-bdd.info                                  
 Documentation at https://wakaleo.gitbooks.io/the-serenity-book/content/             
 Join the Serenity Community on Gitter: https://gitter.im/serenity-bdd/serenity-core 
 Serenity BDD Support and Training at http://serenity-bdd.info/#/trainingandsupport  
-------------------------------------------------------------------------------------

20:23:04.250 [main] DEBUG net.thucydides.core.steps.StepEventBus - Test suite started for story net.thucydides.core.model.Story@3f0256d1
20:23:04.251 [main] INFO  - Test Suite Started: LogOut Acount - Admin
20:23:04.266 [main] INFO io.cucumber.core.plugin.SerenityReporter - Running feature from file:///C:/Alterra/CapstoneBaru/QE/TestingWebUpdate/src/test/resources/features/4DataPasien.feature
20:23:04.280 [main] DEBUG net.thucydides.core.steps.StepEventBus - Test suite started for story net.thucydides.core.model.Story@b5b91de1
20:23:04.288 [main] INFO  - Test Suite Started: Data Pasien - Admin
20:23:04.288 [main] INFO io.cucumber.core.plugin.SerenityReporter - Running feature from file:///C:/Alterra/CapstoneBaru/QE/TestingWebUpdate/src/test/resources/features/5KelolaJadwal.feature
20:23:04.297 [main] DEBUG net.thucydides.core.steps.StepEventBus - Test suite started for story net.thucydides.core.model.Story@aff70ed2
20:23:04.301 [main] INFO  - Test Suite Started: Kelola jadwal - admin
20:23:04.301 [main] INFO io.cucumber.core.plugin.SerenityReporter - Running feature from file:///C:/Alterra/CapstoneBaru/QE/TestingWebUpdate/src/test/resources/features/6ArsipJadwal.feature
20:23:04.308 [main] DEBUG net.thucydides.core.steps.StepEventBus - Test suite started for story net.thucydides.core.model.Story@49b25d95
20:23:04.308 [main] INFO  - Test Suite Started: Arsip jadwal - admin
20:23:04.308 [main] INFO io.cucumber.core.plugin.SerenityReporter - Running feature from file:///C:/Alterra/CapstoneBaru/QE/TestingWebUpdate/src/test/resources/features/AddDataDokter.feature
20:23:04.323 [main] DEBUG net.thucydides.core.steps.StepEventBus - Test suite started for story net.thucydides.core.model.Story@f27570ba
20:23:04.324 [main] INFO  - Test Suite Started: Add Data Dokter - Admin
20:23:04.324 [main] INFO io.cucumber.core.plugin.SerenityReporter - Running feature from file:///C:/Alterra/CapstoneBaru/QE/TestingWebUpdate/src/test/resources/features/AddDataPasien.feature
20:23:04.332 [main] DEBUG net.thucydides.core.steps.StepEventBus - Test suite started for story net.thucydides.core.model.Story@2ed0929a
20:23:04.332 [main] INFO  - Test Suite Started: Add Data Pasien - Admin
20:23:04.332 [main] INFO io.cucumber.core.plugin.SerenityReporter - Running feature from file:///C:/Alterra/CapstoneBaru/QE/TestingWebUpdate/src/test/resources/features/AddKelolaJadwal.feature
20:23:04.346 [main] DEBUG net.thucydides.core.steps.StepEventBus - Test suite started for story net.thucydides.core.model.Story@346b43ca
20:23:04.346 [main] INFO  - Test Suite Started: Add Kelola Jadwal - Admin
20:23:04.347 [main] INFO io.cucumber.core.plugin.SerenityReporter - Running feature from file:///C:/Alterra/CapstoneBaru/QE/TestingWebUpdate/src/test/resources/features/DeleteDataDokter.feature
20:23:04.349 [main] DEBUG net.thucydides.core.steps.StepEventBus - Test suite started for story net.thucydides.core.model.Story@f29440ba
20:23:04.349 [main] INFO  - Test Suite Started: Delete Data Dokter - Admin
20:23:04.349 [main] INFO io.cucumber.core.plugin.SerenityReporter - Running feature from file:///C:/Alterra/CapstoneBaru/QE/TestingWebUpdate/src/test/resources/features/DeleteDataPasien.feature
20:23:04.360 [main] DEBUG net.thucydides.core.steps.StepEventBus - Test suite started for story net.thucydides.core.model.Story@2eef629a
20:23:04.361 [main] INFO  - Test Suite Started: Delete Data Pasien - Admin
20:23:04.361 [main] INFO io.cucumber.core.plugin.SerenityReporter - Running feature from file:///C:/Alterra/CapstoneBaru/QE/TestingWebUpdate/src/test/resources/features/DetailDataDokter.feature
20:23:04.362 [main] DEBUG net.thucydides.core.steps.StepEventBus - Test suite started for story net.thucydides.core.model.Story@4f1566fa
20:23:04.362 [main] INFO  - Test Suite Started: Detail Data Dokter - Admin
20:23:04.362 [main] INFO io.cucumber.core.plugin.SerenityReporter - Running feature from file:///C:/Alterra/CapstoneBaru/QE/TestingWebUpdate/src/test/resources/features/DetailDataPasien.feature
20:23:04.371 [main] DEBUG net.thucydides.core.steps.StepEventBus - Test suite started for story net.thucydides.core.model.Story@8b7088da
20:23:04.371 [main] INFO  - Test Suite Started: Detail Data Pasien - Admin
20:23:04.371 [main] INFO io.cucumber.core.plugin.SerenityReporter - Running feature from file:///C:/Alterra/CapstoneBaru/QE/TestingWebUpdate/src/test/resources/features/DetailDataReviewArsipJadwal.feature
20:23:04.376 [main] DEBUG net.thucydides.core.steps.StepEventBus - Test suite started for story net.thucydides.core.model.Story@8abb42ff
20:23:04.377 [main] INFO  - Test Suite Started: Detail Review Arsip Jadwal - Admin
20:23:04.377 [main] INFO io.cucumber.core.plugin.SerenityReporter - Running feature from file:///C:/Alterra/CapstoneBaru/QE/TestingWebUpdate/src/test/resources/features/EditDataDokter.feature
20:23:04.385 [main] DEBUG net.thucydides.core.steps.StepEventBus - Test suite started for story net.thucydides.core.model.Story@44a0505a
20:23:04.385 [main] INFO  - Test Suite Started: Edit Data Dokter - Admin
20:23:04.385 [main] INFO io.cucumber.core.plugin.SerenityReporter - Running feature from file:///C:/Alterra/CapstoneBaru/QE/TestingWebUpdate/src/test/resources/features/EditDataPasien.feature
20:23:04.390 [main] DEBUG net.thucydides.core.steps.StepEventBus - Test suite started for story net.thucydides.core.model.Story@80fb723a
20:23:04.390 [main] INFO  - Test Suite Started: Edit Data Pasien - Admin
20:23:04.390 [main] INFO io.cucumber.core.plugin.SerenityReporter - Running feature from file:///C:/Alterra/CapstoneBaru/QE/TestingWebUpdate/src/test/resources/features/SearchArsipJadwal.feature
20:23:04.401 [main] DEBUG net.thucydides.core.steps.StepEventBus - Test suite started for story net.thucydides.core.model.Story@4d12b45e
20:23:04.402 [main] INFO  - Test Suite Started: Search Arsip Jadwal - Admin
20:23:04.402 [main] INFO io.cucumber.core.plugin.SerenityReporter - Running feature from file:///C:/Alterra/CapstoneBaru/QE/TestingWebUpdate/src/test/resources/features/SearchDataDokter.feature
20:23:04.407 [main] DEBUG net.thucydides.core.steps.StepEventBus - Test suite started for story net.thucydides.core.model.Story@b9f7eb9a
20:23:04.407 [main] INFO  - Test Suite Started: Search Data Dokter - Admin
20:23:04.407 [main] INFO io.cucumber.core.plugin.SerenityReporter - Running feature from file:///C:/Alterra/CapstoneBaru/QE/TestingWebUpdate/src/test/resources/features/SearchDataPasien.feature
20:23:04.412 [main] DEBUG net.thucydides.core.steps.StepEventBus - Test suite started for story net.thucydides.core.model.Story@f6530d7a
20:23:04.412 [main] INFO  - Test Suite Started: Search Data Pasien - Admin
20:23:04.412 [main] INFO io.cucumber.core.plugin.SerenityReporter - Running feature from file:///C:/Alterra/CapstoneBaru/QE/TestingWebUpdate/src/test/resources/features/SearchKelolaJadwal.feature
20:23:04.414 [main] DEBUG net.thucydides.core.steps.StepEventBus - Test suite started for story net.thucydides.core.model.Story@253a86aa
20:23:04.414 [main] INFO  - Test Suite Started: Search Kelola Jadwal - Admin
20:23:04.414 [main] INFO io.cucumber.core.plugin.SerenityReporter - Running feature from file:///C:/Alterra/CapstoneBaru/QE/TestingWebUpdate/src/test/resources/features/ViewArsipJadwal.feature
20:23:04.420 [main] DEBUG net.thucydides.core.steps.StepEventBus - Test suite started for story net.thucydides.core.model.Story@cccefd7e
20:23:04.420 [main] INFO  - Test Suite Started: View Arsip Jadwal - Admin
20:23:04.420 [main] INFO io.cucumber.core.plugin.SerenityReporter - Running feature from file:///C:/Alterra/CapstoneBaru/QE/TestingWebUpdate/src/test/resources/features/ViewDataDokter.feature
20:23:04.429 [main] DEBUG net.thucydides.core.steps.StepEventBus - Test suite started for story net.thucydides.core.model.Story@5afdfe7a
20:23:04.429 [main] INFO  - Test Suite Started: View Data Dokter - Admin
20:23:04.429 [main] INFO io.cucumber.core.plugin.SerenityReporter - Running feature from file:///C:/Alterra/CapstoneBaru/QE/TestingWebUpdate/src/test/resources/features/ViewDataPasien.feature
20:23:04.435 [main] DEBUG net.thucydides.core.steps.StepEventBus - Test suite started for story net.thucydides.core.model.Story@9759205a
20:23:04.435 [main] INFO  - Test Suite Started: View Data Pasien - Admin
20:23:04.436 [main] INFO io.cucumber.core.plugin.SerenityReporter - Running feature from file:///C:/Alterra/CapstoneBaru/QE/TestingWebUpdate/src/test/resources/features/ViewKelolaJadwal.feature
20:23:04.439 [main] DEBUG net.thucydides.core.steps.StepEventBus - Test suite started for story net.thucydides.core.model.Story@9d07618a
20:23:04.439 [main] INFO  - Test Suite Started: View Kelola Jadwal - Admin
20:23:04.439 [main] INFO io.cucumber.core.plugin.SerenityReporter - Running feature from file:///C:/Alterra/CapstoneBaru/QE/TestingWebUpdate/src/test/resources/features/6ArsipJadwal.feature
20:23:04.446 [main] DEBUG net.thucydides.core.steps.StepEventBus - Test suite started for story net.thucydides.core.model.Story@49b25d95
20:23:04.447 [main] INFO  - Test Suite Started: Arsip jadwal - admin

@ArsipJadwal111 @ViewArsipJadwal
Scenario Outline: As a admin i want to View archive &amp#27;[90m# src/test/resources/features/6ArsipJadwal.feature:15&amp#27;[0m
20:23:04.592 [main] INFO io.cucumber.core.plugin.SerenityReporter - Running feature from file:///C:/Alterra/CapstoneBaru/QE/TestingWebUpdate/src/test/resources/features/6ArsipJadwal.feature
20:23:04.720 [main] INFO  - 
  _____   ___   ___   _____     ___   _____     _     ___   _____   ___   ___  
 |_   _| | __| / __| |_   _|   / __| |_   _|   /_\   | _ \ |_   _| | __| |   \ 
   | |   | _|  \__ \   | |     \__ \   | |    / _ \  |   /   | |   | _|  | |) |
   |_|   |___| |___/   |_|     |___/   |_|   /_/ \_\ |_|_\   |_|   |___| |___/ 

As a admin i want to View archive(arsip-jadwal---admin;as-a-admin-i-want-to-view-archive)
--------------------------------------------------------------------------------
20:23:05.887 [main] DEBUG net.thucydides.core.steps.StepInterceptor - STARTING STEP: LoginSteps.openLoginPage - openLogin
20:23:05.933 [main] INFO net.serenitybdd.core.webdriver.driverproviders.ChromeDriverProvider - Using automatically driver download
20:23:07.094 [main] DEBUG io.github.bonigarcia.wdm.cache.ResolutionCache - Removing resolution chrome=103 from cache (expired on Sun Jul 17 20:05:23 ICT 2022)
20:23:07.127 [main] DEBUG org.apache.hc.client5.http.impl.classic.InternalHttpClient - ex-00000001: preparing request execution
20:23:07.138 [main] DEBUG org.apache.hc.client5.http.protocol.RequestAddCookies - Cookie spec selected: strict
20:23:07.141 [main] DEBUG org.apache.hc.client5.http.protocol.RequestAuthCache - Auth cache not set in the context
20:23:07.141 [main] DEBUG org.apache.hc.client5.http.impl.classic.ProtocolExec - ex-00000001: target auth state: UNCHALLENGED
20:23:07.141 [main] DEBUG org.apache.hc.client5.http.impl.classic.ProtocolExec - ex-00000001: proxy auth state: UNCHALLENGED
20:23:07.141 [main] DEBUG org.apache.hc.client5.http.impl.classic.ConnectExec - ex-00000001: acquiring connection with route {s}->https://raw.githubusercontent.com:443
20:23:07.141 [main] DEBUG org.apache.hc.client5.http.impl.classic.InternalHttpClient - ex-00000001: acquiring endpoint (3 MINUTES)
20:23:07.141 [main] DEBUG org.apache.hc.client5.http.impl.io.PoolingHttpClientConnectionManager - ex-00000001: endpoint lease request (3 MINUTES) [route: {s}->https://raw.githubusercontent.com:443][total available: 0; route allocated: 0 of 5; total allocated: 0 of 25]
20:23:07.160 [main] DEBUG org.apache.hc.client5.http.impl.io.PoolingHttpClientConnectionManager - ex-00000001: endpoint leased [route: {s}->https://raw.githubusercontent.com:443][total available: 0; route allocated: 1 of 5; total allocated: 1 of 25]
20:23:07.176 [main] DEBUG org.apache.hc.client5.http.impl.io.PoolingHttpClientConnectionManager - ex-00000001: acquired ep-00000000
20:23:07.176 [main] DEBUG org.apache.hc.client5.http.impl.classic.InternalHttpClient - ex-00000001: acquired endpoint ep-00000000
20:23:07.176 [main] DEBUG org.apache.hc.client5.http.impl.classic.ConnectExec - ex-00000001: opening connection {s}->https://raw.githubusercontent.com:443
20:23:07.176 [main] DEBUG org.apache.hc.client5.http.impl.classic.InternalHttpClient - ep-00000000: connecting endpoint (30 SECONDS)
20:23:07.176 [main] DEBUG org.apache.hc.client5.http.impl.io.PoolingHttpClientConnectionManager - ep-00000000: connecting endpoint to https://raw.githubusercontent.com:443 (30 SECONDS)
20:23:07.223 [main] DEBUG org.apache.hc.client5.http.impl.io.DefaultHttpClientConnectionOperator - http-outgoing-0: connecting to raw.githubusercontent.com/185.199.108.133:443
20:23:07.223 [main] DEBUG org.apache.hc.client5.http.ssl.SSLConnectionSocketFactory - Connecting socket to raw.githubusercontent.com/185.199.108.133:443 with timeout 30 SECONDS
20:23:07.288 [main] DEBUG org.apache.hc.client5.http.ssl.SSLConnectionSocketFactory - Enabled protocols: [TLSv1.3, TLSv1.2]
20:23:07.288 [main] DEBUG org.apache.hc.client5.http.ssl.SSLConnectionSocketFactory - Enabled cipher suites: [TLS_AES_256_GCM_SHA384, TLS_AES_128_GCM_SHA256, TLS_CHACHA20_POLY1305_SHA256, TLS_ECDHE_ECDSA_WITH_AES_256_GCM_SHA384, TLS_ECDHE_ECDSA_WITH_AES_128_GCM_SHA256, TLS_ECDHE_ECDSA_WITH_CHACHA20_POLY1305_SHA256, TLS_ECDHE_RSA_WITH_AES_256_GCM_SHA384, TLS_ECDHE_RSA_WITH_CHACHA20_POLY1305_SHA256, TLS_ECDHE_RSA_WITH_AES_128_GCM_SHA256, TLS_DHE_RSA_WITH_AES_256_GCM_SHA384, TLS_DHE_RSA_WITH_CHACHA20_POLY1305_SHA256, TLS_DHE_DSS_WITH_AES_256_GCM_SHA384, TLS_DHE_RSA_WITH_AES_128_GCM_SHA256, TLS_DHE_DSS_WITH_AES_128_GCM_SHA256, TLS_ECDHE_ECDSA_WITH_AES_256_CBC_SHA384, TLS_ECDHE_RSA_WITH_AES_256_CBC_SHA384, TLS_ECDHE_ECDSA_WITH_AES_128_CBC_SHA256, TLS_ECDHE_RSA_WITH_AES_128_CBC_SHA256, TLS_DHE_RSA_WITH_AES_256_CBC_SHA256, TLS_DHE_DSS_WITH_AES_256_CBC_SHA256, TLS_DHE_RSA_WITH_AES_128_CBC_SHA256, TLS_DHE_DSS_WITH_AES_128_CBC_SHA256, TLS_ECDH_ECDSA_WITH_AES_256_GCM_SHA384, TLS_ECDH_RSA_WITH_AES_256_GCM_SHA384, TLS_ECDH_ECDSA_WITH_AES_128_GCM_SHA256, TLS_ECDH_RSA_WITH_AES_128_GCM_SHA256, TLS_ECDH_ECDSA_WITH_AES_256_CBC_SHA384, TLS_ECDH_RSA_WITH_AES_256_CBC_SHA384, TLS_ECDH_ECDSA_WITH_AES_128_CBC_SHA256, TLS_ECDH_RSA_WITH_AES_128_CBC_SHA256, TLS_ECDHE_ECDSA_WITH_AES_256_CBC_SHA, TLS_ECDHE_RSA_WITH_AES_256_CBC_SHA, TLS_ECDHE_ECDSA_WITH_AES_128_CBC_SHA, TLS_ECDHE_RSA_WITH_AES_128_CBC_SHA, TLS_DHE_RSA_WITH_AES_256_CBC_SHA, TLS_DHE_DSS_WITH_AES_256_CBC_SHA, TLS_DHE_RSA_WITH_AES_128_CBC_SHA, TLS_DHE_DSS_WITH_AES_128_CBC_SHA, TLS_ECDH_ECDSA_WITH_AES_256_CBC_SHA, TLS_ECDH_RSA_WITH_AES_256_CBC_SHA, TLS_ECDH_ECDSA_WITH_AES_128_CBC_SHA, TLS_ECDH_RSA_WITH_AES_128_CBC_SHA, TLS_RSA_WITH_AES_256_GCM_SHA384, TLS_RSA_WITH_AES_128_GCM_SHA256, TLS_RSA_WITH_AES_256_CBC_SHA256, TLS_RSA_WITH_AES_128_CBC_SHA256, TLS_RSA_WITH_AES_256_CBC_SHA, TLS_RSA_WITH_AES_128_CBC_SHA, TLS_EMPTY_RENEGOTIATION_INFO_SCSV]
20:23:07.288 [main] DEBUG org.apache.hc.client5.http.ssl.SSLConnectionSocketFactory - Starting handshake
20:23:07.496 [main] DEBUG org.apache.hc.client5.http.ssl.SSLConnectionSocketFactory - Secure session established
20:23:07.496 [main] DEBUG org.apache.hc.client5.http.ssl.SSLConnectionSocketFactory -  negotiated protocol: TLSv1.3
20:23:07.496 [main] DEBUG org.apache.hc.client5.http.ssl.SSLConnectionSocketFactory -  negotiated cipher suite: TLS_AES_256_GCM_SHA384
20:23:07.496 [main] DEBUG org.apache.hc.client5.http.ssl.SSLConnectionSocketFactory -  peer principal: CN=*.github.io, O="GitHub, Inc.", L=San Francisco, ST=California, C=US
20:23:07.503 [main] DEBUG org.apache.hc.client5.http.ssl.SSLConnectionSocketFactory -  peer alternative names: [*.github.io, github.com, *.github.com, www.github.com, github.io, githubusercontent.com, *.githubusercontent.com]
20:23:07.503 [main] DEBUG org.apache.hc.client5.http.ssl.SSLConnectionSocketFactory -  issuer principal: CN=DigiCert TLS RSA SHA256 2020 CA1, O=DigiCert Inc, C=US
20:23:07.503 [main] DEBUG org.apache.hc.client5.http.impl.io.DefaultHttpClientConnectionOperator - http-outgoing-0: connection established 192.168.100.42:51287<->185.199.108.133:443
20:23:07.503 [main] DEBUG org.apache.hc.client5.http.impl.io.PoolingHttpClientConnectionManager - ep-00000000: connected http-outgoing-0
20:23:07.503 [main] DEBUG org.apache.hc.client5.http.impl.classic.InternalHttpClient - ep-00000000: endpoint connected
20:23:07.505 [main] DEBUG org.apache.hc.client5.http.impl.classic.MainClientExec - ex-00000001: executing GET /bonigarcia/webdrivermanager/master/src/main/resources/commands.properties HTTP/1.1
20:23:07.505 [main] DEBUG org.apache.hc.client5.http.impl.classic.InternalHttpClient - ep-00000000: start execution ex-00000001
20:23:07.506 [main] DEBUG org.apache.hc.client5.http.impl.io.PoolingHttpClientConnectionManager - ep-00000000: executing exchange ex-00000001 over http-outgoing-0
20:23:07.506 [main] DEBUG org.apache.hc.client5.http.headers - http-outgoing-0 >> GET /bonigarcia/webdrivermanager/master/src/main/resources/commands.properties HTTP/1.1
20:23:07.506 [main] DEBUG org.apache.hc.client5.http.headers - http-outgoing-0 >> user-agent: Apache-HttpClient/5.0
20:23:07.506 [main] DEBUG org.apache.hc.client5.http.headers - http-outgoing-0 >> accept-encoding: gzip, deflate, br
20:23:07.506 [main] DEBUG org.apache.hc.client5.http.headers - http-outgoing-0 >> cache-control: max-age=0
20:23:07.506 [main] DEBUG org.apache.hc.client5.http.headers - http-outgoing-0 >> connection: keep-alive
20:23:07.506 [main] DEBUG org.apache.hc.client5.http.headers - http-outgoing-0 >> Host: raw.githubusercontent.com
20:23:07.506 [main] DEBUG org.apache.hc.client5.http.wire - http-outgoing-0 >> "GET /bonigarcia/webdrivermanager/master/src/main/resources/commands.properties HTTP/1.1[\r][\n]"
20:23:07.506 [main] DEBUG org.apache.hc.client5.http.wire - http-outgoing-0 >> "user-agent: Apache-HttpClient/5.0[\r][\n]"
20:23:07.506 [main] DEBUG org.apache.hc.client5.http.wire - http-outgoing-0 >> "accept-encoding: gzip, deflate, br[\r][\n]"
20:23:07.506 [main] DEBUG org.apache.hc.client5.http.wire - http-outgoing-0 >> "cache-control: max-age=0[\r][\n]"
20:23:07.506 [main] DEBUG org.apache.hc.client5.http.wire - http-outgoing-0 >> "connection: keep-alive[\r][\n]"
20:23:07.506 [main] DEBUG org.apache.hc.client5.http.wire - http-outgoing-0 >> "Host: raw.githubusercontent.com[\r][\n]"
20:23:07.506 [main] DEBUG org.apache.hc.client5.http.wire - http-outgoing-0 >> "[\r][\n]"
20:23:07.545 [main] DEBUG org.apache.hc.client5.http.wire - http-outgoing-0 << "HTTP/1.1 200 OK[\r][\n]"
20:23:07.546 [main] DEBUG org.apache.hc.client5.http.wire - http-outgoing-0 << "Connection: keep-alive[\r][\n]"
20:23:07.546 [main] DEBUG org.apache.hc.client5.http.wire - http-outgoing-0 << "Content-Length: 723[\r][\n]"
20:23:07.546 [main] DEBUG org.apache.hc.client5.http.wire - http-outgoing-0 << "Cache-Control: max-age=300[\r][\n]"
20:23:07.546 [main] DEBUG org.apache.hc.client5.http.wire - http-outgoing-0 << "Content-Security-Policy: default-src 'none'; style-src 'unsafe-inline'; sandbox[\r][\n]"
20:23:07.546 [main] DEBUG org.apache.hc.client5.http.wire - http-outgoing-0 << "Content-Type: text/plain; charset=utf-8[\r][\n]"
20:23:07.546 [main] DEBUG org.apache.hc.client5.http.wire - http-outgoing-0 << "ETag: W/"e82b438271e9e8680c688b0b680efd0bdd22faa6d6f0a32fc1fd8accc486b67e"[\r][\n]"
20:23:07.546 [main] DEBUG org.apache.hc.client5.http.wire - http-outgoing-0 << "Strict-Transport-Security: max-age=31536000[\r][\n]"
20:23:07.546 [main] DEBUG org.apache.hc.client5.http.wire - http-outgoing-0 << "X-Content-Type-Options: nosniff[\r][\n]"
20:23:07.546 [main] DEBUG org.apache.hc.client5.http.wire - http-outgoing-0 << "X-Frame-Options: deny[\r][\n]"
20:23:07.546 [main] DEBUG org.apache.hc.client5.http.wire - http-outgoing-0 << "X-XSS-Protection: 1; mode=block[\r][\n]"
20:23:07.546 [main] DEBUG org.apache.hc.client5.http.wire - http-outgoing-0 << "X-GitHub-Request-Id: 8C88:0B5B:52CD10:70F5C6:62CA17D0[\r][\n]"
20:23:07.546 [main] DEBUG org.apache.hc.client5.http.wire - http-outgoing-0 << "Content-Encoding: gzip[\r][\n]"
20:23:07.547 [main] DEBUG org.apache.hc.client5.http.wire - http-outgoing-0 << "Accept-Ranges: bytes[\r][\n]"
20:23:07.547 [main] DEBUG org.apache.hc.client5.http.wire - http-outgoing-0 << "Date: Sun, 17 Jul 2022 13:26:50 GMT[\r][\n]"
20:23:07.547 [main] DEBUG org.apache.hc.client5.http.wire - http-outgoing-0 << "Via: 1.1 varnish[\r][\n]"
20:23:07.547 [main] DEBUG org.apache.hc.client5.http.wire - http-outgoing-0 << "X-Served-By: cache-qpg1269-QPG[\r][\n]"
20:23:07.547 [main] DEBUG org.apache.hc.client5.http.wire - http-outgoing-0 << "X-Cache: HIT[\r][\n]"
20:23:07.547 [main] DEBUG org.apache.hc.client5.http.wire - http-outgoing-0 << "X-Cache-Hits: 1[\r][\n]"
20:23:07.547 [main] DEBUG org.apache.hc.client5.http.wire - http-outgoing-0 << "X-Timer: S1658064411.948069,VS0,VE1[\r][\n]"
20:23:07.547 [main] DEBUG org.apache.hc.client5.http.wire - http-outgoing-0 << "Vary: Authorization,Accept-Encoding,Origin[\r][\n]"
20:23:07.547 [main] DEBUG org.apache.hc.client5.http.wire - http-outgoing-0 << "Access-Control-Allow-Origin: *[\r][\n]"
20:23:07.548 [main] DEBUG org.apache.hc.client5.http.wire - http-outgoing-0 << "X-Fastly-Request-ID: 9fdd6ae25fe020244a117e87163c5239f2a349f7[\r][\n]"
20:23:07.549 [main] DEBUG org.apache.hc.client5.http.wire - http-outgoing-0 << "Expires: Sun, 17 Jul 2022 13:31:50 GMT[\r][\n]"
20:23:07.549 [main] DEBUG org.apache.hc.client5.http.wire - http-outgoing-0 << "Source-Age: 291[\r][\n]"
20:23:07.549 [main] DEBUG org.apache.hc.client5.http.wire - http-outgoing-0 << "[\r][\n]"
20:23:07.557 [main] DEBUG org.apache.hc.client5.http.headers - http-outgoing-0 << HTTP/1.1 200 OK
20:23:07.557 [main] DEBUG org.apache.hc.client5.http.headers - http-outgoing-0 << Connection: keep-alive
20:23:07.558 [main] DEBUG org.apache.hc.client5.http.headers - http-outgoing-0 << Content-Length: 723
20:23:07.558 [main] DEBUG org.apache.hc.client5.http.headers - http-outgoing-0 << Cache-Control: max-age=300
20:23:07.558 [main] DEBUG org.apache.hc.client5.http.headers - http-outgoing-0 << Content-Security-Policy: default-src 'none'; style-src 'unsafe-inline'; sandbox
20:23:07.558 [main] DEBUG org.apache.hc.client5.http.headers - http-outgoing-0 << Content-Type: text/plain; charset=utf-8
20:23:07.558 [main] DEBUG org.apache.hc.client5.http.headers - http-outgoing-0 << ETag: W/"e82b438271e9e8680c688b0b680efd0bdd22faa6d6f0a32fc1fd8accc486b67e"
20:23:07.558 [main] DEBUG org.apache.hc.client5.http.headers - http-outgoing-0 << Strict-Transport-Security: max-age=31536000
20:23:07.558 [main] DEBUG org.apache.hc.client5.http.headers - http-outgoing-0 << X-Content-Type-Options: nosniff
20:23:07.558 [main] DEBUG org.apache.hc.client5.http.headers - http-outgoing-0 << X-Frame-Options: deny
20:23:07.559 [main] DEBUG org.apache.hc.client5.http.headers - http-outgoing-0 << X-XSS-Protection: 1; mode=block
20:23:07.559 [main] DEBUG org.apache.hc.client5.http.headers - http-outgoing-0 << X-GitHub-Request-Id: 8C88:0B5B:52CD10:70F5C6:62CA17D0
20:23:07.559 [main] DEBUG org.apache.hc.client5.http.headers - http-outgoing-0 << Content-Encoding: gzip
20:23:07.559 [main] DEBUG org.apache.hc.client5.http.headers - http-outgoing-0 << Accept-Ranges: bytes
20:23:07.559 [main] DEBUG org.apache.hc.client5.http.headers - http-outgoing-0 << Date: Sun, 17 Jul 2022 13:26:50 GMT
20:23:07.559 [main] DEBUG org.apache.hc.client5.http.headers - http-outgoing-0 << Via: 1.1 varnish
20:23:07.559 [main] DEBUG org.apache.hc.client5.http.headers - http-outgoing-0 << X-Served-By: cache-qpg1269-QPG
20:23:07.559 [main] DEBUG org.apache.hc.client5.http.headers - http-outgoing-0 << X-Cache: HIT
20:23:07.559 [main] DEBUG org.apache.hc.client5.http.headers - http-outgoing-0 << X-Cache-Hits: 1
20:23:07.559 [main] DEBUG org.apache.hc.client5.http.headers - http-outgoing-0 << X-Timer: S1658064411.948069,VS0,VE1
20:23:07.559 [main] DEBUG org.apache.hc.client5.http.headers - http-outgoing-0 << Vary: Authorization,Accept-Encoding,Origin
20:23:07.559 [main] DEBUG org.apache.hc.client5.http.headers - http-outgoing-0 << Access-Control-Allow-Origin: *
20:23:07.559 [main] DEBUG org.apache.hc.client5.http.headers - http-outgoing-0 << X-Fastly-Request-ID: 9fdd6ae25fe020244a117e87163c5239f2a349f7
20:23:07.559 [main] DEBUG org.apache.hc.client5.http.headers - http-outgoing-0 << Expires: Sun, 17 Jul 2022 13:31:50 GMT
20:23:07.559 [main] DEBUG org.apache.hc.client5.http.headers - http-outgoing-0 << Source-Age: 291
20:23:07.568 [main] DEBUG org.apache.hc.client5.http.impl.classic.MainClientExec - ex-00000001: connection can be kept alive for 3 MINUTES
20:23:07.568 [main] DEBUG org.apache.hc.client5.http.wire - http-outgoing-0 << "[0x1f][0xffffff8b][0x8][0x0][0x0][0x0][0x0][0x0][0x0][0x3][0xffffffb5]V]o[0xffffffda]0[0x14]}[0xffffffe7]W\[0xffffff81]*[0xffffffb5][0x12][0x1f][[M[0xffffffd3]$[0x1e]hF[0xffffffbb]i [0x18][0xffffffb4][0xffffffdd]&[0xfffffff9][0xffffffc5]$7[0xffffffc1]R[0x12]#;[0xffffff94]v[0xffffffbf]~[0xffffffb6][0xfffffff3]1[0xffffff92][0xffffff9a][0xffffffc1][0x1a]x[0xffffffcb][0xffffffb5][0xffffffaf][0xffffffcf]9[0xffffffbe][0xfffffff7]8v[0xb][0x1c][0x1e]E4[0xfffffff6]$x4[0xffffffa1][0xb]*[0xffffffb1][0xffffffd1][0xffffff82][0xfffffffb]%[0xffffff93][0xffffffe0][0xffffffb3][0x10][0xffffffc1][0xffffffe5]qBY,!Y[0xffffffea] KM8,[0x10][0xfffffff0][0x19][0xffffffdd]u[0xffffff82][0x1e][0xffffffb0][0xffffffd8]L[0xffffffcb]%[0xffffff86][0xffffffa1][0xe][0xffffffb8][0xfffffff0]P[0xffffffe8]$[0xf][0x13]t[0x13]3[0xfffffff9][0xffffff84]B2[0xffffffae][0xffffffe6]|@[0xfffffff5][0x1d][0x8][0xffffffc4][0x18][0x16][0xffffff82]o[0xffffffa4][0xffffff9a]P[0xffffff94][0xffffffe7][0xffffffce]R[0xfffffff0][0x8][0xffffffdb]p[0xffffffcb][0x4][0xfffffffa][0xfffffffc][0xffffffb9][\r][0xffffff93][0x15][\n]"
20:23:07.582 [main] DEBUG org.apache.hc.client5.http.wire - http-outgoing-0 << "[0xffffffda][0xffffff86][0xffffffa1][0x17][0xffffffa8]Q3[0xffffffcb][0xffffffd6][0xffffffd1][0xffffff85][0xffffffc6][0xfffffff7][0xffffff98][0xffffffef][0xffffffa3][0xffffffc0]8[0x1][0xffffffae]s[0x12][0x16][0x7] _d[0xffffff82][0xffffff91][0xffffff84][0xfffffff3][0x1f],[0xfffffff6][0x14]j[0x1b]F,^+[0xffffff98]1ua2[0xffffffbf]h([0xffffff8e][0xffffff94][0xffffffa2][0xffffff91]m[0xffffffa3][0xffffffeb][0xffffff9a][0xffffffb0][0xffffffbb]I[0x17]t[0xffffffdf][0xffffffbd][0xffffffef][0xffffffbb][0xffffff91][0xffffffd7]U[0xffffffbb][0xffffff82][0xffffff9e][0x3][0xffffff9b][0xffffff88][0xffffffb9][0xffffffa6]$[0xffffffa6][0xc][0xffffff9b][0xffffffa5][0xffffffe2][0xffffff83][0xffffff98]F[0xffffffd8]o[0xffffff9e]Mg[0xffffff93][0xffffffbb][0xffffffd9]`|[0xfffffffb]u4[0xffffff9c][0x7f]"}B[0xffffffce][0x8][0xffffffb9][0xffffffe3]<[0x8][0xffffff91][0xffffff90][0xffffff94][0xffffff82][0xffffff90][0xffffffc1]j[0x15]2WI[0xffffffe3]1![0x19][0xffffff91]BnB[0xffffff80][0x9]<f[0xffffffb5][0xffffffe8]=[0xffffffd1]p[0xffffffbd][[0xffffffcf][0xffffffe5][0x1b][0xfffffff4][0xffffff9c][0xffffffff][0xfffffffc][0xfffffff8][0xffffffe1][0xffffffe2][0xffffff94][0xffffffa2][0xffffffae][0xe][0x14]5[0xffffff9a]8[0xffffff83][0xffffffd1]`:[0xfffffffd]<[0xffffffb8][0x1f][0xffffff9c]R[0xffffffcf]u[0x7f]6[0xffffffbc][0xffffff83][0xffffffef][0xf][0xffffffc3][0xffffffd9]/[0xfffffff8][0xfffffff2][0xffffffcd]y s[0xffffffee]'[0x1b]*0g[0xffffffcb][0xffffffc8]nF7H][0xffffff83][0xffffff97]{[0xffffffb1]Q[0x5][\r][0xffffffb5]c[0xffffffb4][0xf][0x2][0xffffffb3][0xffffffb4][0xffffff93][0xe]C[0xffffffa7][0xffffffb3]kAD][0xffffff9d][0xffffffde][0xffffffdb][0xffffffda][0xffffff88][0xffffffec][0xffffffa5][0xffffffbc][0xffffff99][0xffffffd9][0xffffffba]t[0xffffffb5][0xffffffea]9[0xffffffea][0x10])[0xffffffb7][0xffffffca][0xffffff9e][0xfffffff2][0xffffffe2]d^N[0xffffffd8]FW[0x16][0xffffffcd][0xffffffdc]_[0x10][0xfffffff9]i|[0x1c][0xffffff93][0xffffff8e][0xfffffff9]o[0x16][0xffffff86]4'!$G[0xffffffdf]W[0xfffffff4]W*j[[0xfffffff3]xR[0xffffffae][0xffffffb6][0xc][0xffffffd0],; #[0xffffffa9][0xffffff92]5[0xffffffb5][0x7][0xffffff9c][0xffffffb5][0xffffffd0][0x7f][0xffffff90][0xffffffc7]jgs[0xfffffffc][0xffffffc2][0xb][0xffffffd9][0x0]t[0xffffff9e]^'Y[0xfffffffb][0xffffff9f][0xffffffb1][0xffffffd8]:[0xffffffbf][0xffffff8d][0xffffffa5][0xffffff9a][0xffffffad][0x7f]m[0x5]&[0xffffffaa][0xffffffa0]^[0xffffff9b][0xffffffcb][0x5]f[0xffffffae][0xffffffe0]RU[0xffffff82][0x10]MS9l[0xffffff91]4t[0xfffffffb][0xffffff8a]][0xffffffd6][0xfffffff4][0xffffff96][0xffffffa6][0xffffff9f]P[0xffffffce][0xffffffd5][0xffffffce][0xffffff93][0xffffffff][0xffffff97][0xffffffcc]p[0xfffffffd][0xfffffff3][0xffffffe8][0x1b][0xffffffcc][0xffffffa2][0xffffffd9]Q[0xffffffbe][0xffffffb2][0xffffffa3][0xffffffc7]m'[0xffffffdf][0xffffffe4][[0xfffffffb]^[0xffffffb0][0xffffff9a][0xffffffbe][0xffffffda][0xffffffda]_[0xffffffce][0xffffff80][0xffffffd2][0xffffffc1]7[0xffffffb7]][0xffffffc1]b[0xffffffee][0xffffffb5][0xffffffff]w[0xffffff83][0xffffffed][0xffffffa7];[0x15]<[0x10]4[0xffffff92][0xffffff84][0x18][\n]"
20:23:07.583 [main] DEBUG org.apache.hc.client5.http.wire - http-outgoing-0 << "BB[0xffffffba][0xffffff8e]][0xffffffb5]jo[0xffffffb9]+"[0xffffffea][0xffffffb4][0xffffffff]h"[0xffffffea]\?5[0xffffffa9][0xffffffaf]k[0xffffffec][0xffffffff]P[0xffffffea][\n]"
20:23:07.583 [main] DEBUG org.apache.hc.client5.http.wire - http-outgoing-0 << "w[0xffffffe1]K[0x13][0xffffffda][0xffffffec][0xffffff98][0xffffffe6]Y[0xfffffffd]h8m6[0xffffff9c]T[0xffffffc1][0xfffffff2][0xffffffa7][0xffffff91]z_[0xffffff95]o85p[0x1c][0x13][0xffffffe6][0xfffffff0]5[0xffffffee][0xfffffffc][0xffffff92][0xffffff96][0xffffffda][0xfffffff7][0xffffffcf][0xffffffb1][0x5][0x1d][0xffffffea]K[0xffffff9b]9[0xffffff8e][0xffffffad]e[0xfffffff7][0xffffff93][0xffffffa8]`[0xffffffda][0xffffffff][0x1a][0xffffffd2][0xffffff88][0xffffff85][0xfffffffd][0xfffffff2][0xffffff91]N[0xfffffff6]`[0xffffffdf]2[0xffffffcf][0xffffffae]E[0xffffff97][0xffffffc5][0xffffffa2][0xffffff9d][0xffffffef]'[0xffffff9d]mun.[0xffffffd3]f^[0xffffffc7][0xffffff82][0xffffffda][0xffffff82]9[0xfffffff5][0xffffffa9]`[0x5][0xffffffbc]4[0xffffffa1][0x1d]<M[0xffffffb5]A[0xffffffa7]3[[0xffffffc0][0x7f][0x0][0xffffffc1][0xffffffd0]$[0xffffff85][0x1d][\r][0x0][0x0]"
20:23:07.583 [main] DEBUG org.apache.hc.client5.http.impl.classic.InternalHttpClient - ep-00000000: releasing valid endpoint
20:23:07.583 [main] DEBUG org.apache.hc.client5.http.impl.io.PoolingHttpClientConnectionManager - ep-00000000: releasing endpoint
20:23:07.583 [main] DEBUG org.apache.hc.client5.http.impl.io.PoolingHttpClientConnectionManager - ep-00000000: connection http-outgoing-0 can be kept alive for 3 MINUTES
20:23:07.583 [main] DEBUG org.apache.hc.client5.http.impl.io.PoolingHttpClientConnectionManager - ep-00000000: connection released [route: {s}->https://raw.githubusercontent.com:443][total available: 1; route allocated: 1 of 5; total allocated: 1 of 25]
20:23:07.583 [main] DEBUG io.github.bonigarcia.wdm.versions.VersionDetector - Detecting chrome version using online commands.properties
20:23:07.592 [main] DEBUG io.github.bonigarcia.wdm.versions.Shell - Running command on the shell: [cmd.exe, /C, wmic, datafile, where, name="%PROGRAMFILES:\=\\%\\Google\\Chrome\\Application\\chrome.exe", get, Version, /value]
20:23:07.913 [main] DEBUG io.github.bonigarcia.wdm.versions.Shell - Result: 
20:23:07.914 [main] DEBUG io.github.bonigarcia.wdm.versions.Shell - Running command on the shell: [cmd.exe, /C, wmic, datafile, where, name="%PROGRAMFILES(X86):\=\\%\\Google\\Chrome\\Application\\chrome.exe", get, Version, /value]
20:23:08.066 [main] DEBUG io.github.bonigarcia.wdm.versions.Shell - Result: Version=103.0.5060.114
20:23:08.074 [main] DEBUG io.github.bonigarcia.wdm.cache.ResolutionCache - Resolution chrome103=103.0.5060.53 in cache (valid until 17:54:33 18/07/2022 ICT)
20:23:08.083 [main] INFO io.github.bonigarcia.wdm.WebDriverManager - Using chromedriver 103.0.5060.53 (resolved driver for Chrome 103)
20:23:08.132 [main] DEBUG io.github.bonigarcia.wdm.cache.ResolutionCache - Storing resolution chrome=103 in cache (valid until 21:23:08 17/07/2022 ICT)
20:23:08.165 [main] DEBUG io.github.bonigarcia.wdm.WebDriverManager - Driver chromedriver 103.0.5060.53 found in cache
20:23:08.165 [main] INFO io.github.bonigarcia.wdm.WebDriverManager - Exporting webdriver.chrome.driver as C:\Users\Bagas Dwi Saputra\.cache\selenium\chromedriver\win32\103.0.5060.53\chromedriver.exe
20:23:09.111 [main] DEBUG net.thucydides.core.reflection.ClassFinder - Could not load class .CucumberTestSuite
20:23:09.111 [main] DEBUG net.thucydides.core.reflection.ClassFinder - Could not load class .starter.pages.ArsipJadwalPage
20:23:09.111 [main] DEBUG net.thucydides.core.reflection.ClassFinder - Could not load class .starter.pages.DashboardPage
20:23:09.115 [main] DEBUG net.thucydides.core.reflection.ClassFinder - Could not load class .starter.pages.DokterDataPage
20:23:09.115 [main] DEBUG net.thucydides.core.reflection.ClassFinder - Could not load class .starter.pages.KelolaJadwalPage
20:23:09.116 [main] DEBUG net.thucydides.core.reflection.ClassFinder - Could not load class .starter.pages.LoginPage
20:23:09.116 [main] DEBUG net.thucydides.core.reflection.ClassFinder - Could not load class .starter.pages.PatientDataPage
20:23:09.116 [main] DEBUG net.thucydides.core.reflection.ClassFinder - Could not load class .starter.stepdefinitios.ArsipJadwalSteps
20:23:09.116 [main] DEBUG net.thucydides.core.reflection.ClassFinder - Could not load class .starter.stepdefinitios.DokterDataSteps
20:23:09.116 [main] DEBUG net.thucydides.core.reflection.ClassFinder - Could not load class .starter.stepdefinitios.KelolaJadwalSteps
20:23:09.117 [main] DEBUG net.thucydides.core.reflection.ClassFinder - Could not load class .starter.stepdefinitios.LoginSteps
20:23:09.117 [main] DEBUG net.thucydides.core.reflection.ClassFinder - Could not load class .starter.stepdefinitios.PatientDataSteps
20:23:09.118 [main] DEBUG net.thucydides.core.reflection.ClassFinder - Could not load class META-INF.versions.9.com.sun.istack.logging.StackHelper
20:23:09.119 [main] DEBUG net.thucydides.core.reflection.ClassFinder - Could not load class META-INF.versions.9.com.sun.xml.bind.v2.runtime.reflect.opt.AccessorInjector
20:23:09.119 [main] DEBUG net.thucydides.core.reflection.ClassFinder - Could not load class META-INF.versions.9.com.sun.xml.bind.v2.runtime.reflect.opt.Injector
20:23:09.119 [main] DEBUG net.thucydides.core.reflection.ClassFinder - Could not load class META-INF.versions.9.com.sun.xml.bind.v2.runtime.reflect.opt.OptimizedAccessorFactory
20:23:09.119 [main] DEBUG net.thucydides.core.reflection.ClassFinder - Could not load class META-INF.versions.9.com.sun.xml.bind.v2.runtime.reflect.opt.OptimizedTransducedAccessorFactory
20:23:09.119 [main] DEBUG net.thucydides.core.reflection.ClassFinder - Could not load class META-INF.versions.9.io.opentelemetry.sdk.internal.CurrentJavaVersionSpecific
20:23:09.119 [main] DEBUG net.thucydides.core.reflection.ClassFinder - Could not load class META-INF.versions.9.io.opentelemetry.sdk.internal.Java9VersionSpecific
20:23:09.119 [main] DEBUG net.thucydides.core.reflection.ClassFinder - Could not load class META-INF.versions.9.javax.xml.bind.ModuleUtil
20:23:09.119 [main] DEBUG net.thucydides.core.reflection.ClassFinder - Could not load class META-INF.versions.9.module-info
20:23:09.119 [main] DEBUG net.thucydides.core.reflection.ClassFinder - Could not load class META-INF.versions.9.org.codehaus.plexus.languages.java.jpms.BinaryModuleInfoParser
20:23:09.119 [main] DEBUG net.thucydides.core.reflection.ClassFinder - Could not load class META-INF.versions.9.org.codehaus.plexus.languages.java.jpms.CmdModuleNameExtractor
20:23:09.119 [main] DEBUG net.thucydides.core.reflection.ClassFinder - Could not load class META-INF.versions.9.org.junit.platform.commons.util.ModuleUtils
20:23:09.683 [main] DEBUG net.thucydides.core.reflection.ClassFinder - Could not load class com.google.gson.internal.
20:23:09.950 [main] DEBUG net.thucydides.core.reflection.ClassFinder - Could not load class com.sun.xml.bind.v2.runtime.output.FastInfosetStreamWriterOutput
20:23:10.460 [main] DEBUG net.thucydides.core.reflection.ClassFinder - Could not load class module-info
20:23:14.824 [main] DEBUG io.netty.util.internal.logging.InternalLoggerFactory - Using SLF4J as the default logging framework
20:23:14.841 [main] DEBUG io.netty.util.ResourceLeakDetector - -Dio.netty.leakDetection.level: simple
20:23:14.841 [main] DEBUG io.netty.util.ResourceLeakDetector - -Dio.netty.leakDetection.targetRecords: 4
20:23:14.841 [main] DEBUG io.netty.util.ResourceLeakDetectorFactory - Loaded default ResourceLeakDetector: io.netty.util.ResourceLeakDetector@2447e2e
20:23:14.875 [main] DEBUG io.netty.util.internal.PlatformDependent0 - -Dio.netty.noUnsafe: false
20:23:14.875 [main] DEBUG io.netty.util.internal.PlatformDependent0 - Java version: 11
20:23:14.875 [main] DEBUG io.netty.util.internal.PlatformDependent0 - sun.misc.Unsafe.theUnsafe: available
20:23:14.875 [main] DEBUG io.netty.util.internal.PlatformDependent0 - sun.misc.Unsafe.copyMemory: available
20:23:14.875 [main] DEBUG io.netty.util.internal.PlatformDependent0 - java.nio.Buffer.address: available
20:23:14.875 [main] DEBUG io.netty.util.internal.PlatformDependent0 - direct buffer constructor: unavailable: Reflective setAccessible(true) disabled
20:23:14.875 [main] DEBUG io.netty.util.internal.PlatformDependent0 - java.nio.Bits.unaligned: available, true
20:23:14.875 [main] DEBUG io.netty.util.internal.PlatformDependent0 - jdk.internal.misc.Unsafe.allocateUninitializedArray(int): unavailable: class io.netty.util.internal.PlatformDependent0$6 cannot access class jdk.internal.misc.Unsafe (in module java.base) because module java.base does not export jdk.internal.misc to unnamed module @29d2d081
20:23:14.875 [main] DEBUG io.netty.util.internal.PlatformDependent0 - java.nio.DirectByteBuffer.<init>(long, int): unavailable
20:23:14.875 [main] DEBUG io.netty.util.internal.PlatformDependent - sun.misc.Unsafe: available
20:23:14.875 [main] DEBUG io.netty.util.internal.PlatformDependent - maxDirectMemory: 3179282432 bytes (maybe)
20:23:14.875 [main] DEBUG io.netty.util.internal.PlatformDependent - -Dio.netty.tmpdir: C:\Users\BAGASD~1\AppData\Local\Temp (java.io.tmpdir)
20:23:14.875 [main] DEBUG io.netty.util.internal.PlatformDependent - -Dio.netty.bitMode: 64 (sun.arch.data.model)
20:23:14.875 [main] DEBUG io.netty.util.internal.PlatformDependent - Platform: Windows
20:23:14.875 [main] DEBUG io.netty.util.internal.PlatformDependent - -Dio.netty.maxDirectMemory: -1 bytes
20:23:14.875 [main] DEBUG io.netty.util.internal.PlatformDependent - -Dio.netty.uninitializedArrayAllocationThreshold: -1
20:23:14.890 [main] DEBUG io.netty.util.internal.CleanerJava9 - java.nio.ByteBuffer.cleaner(): available
20:23:14.890 [main] DEBUG io.netty.util.internal.PlatformDependent - -Dio.netty.noPreferDirect: false
20:23:14.900 [main] DEBUG io.netty.util.internal.PlatformDependent - org.jctools-core.MpscChunkedArrayQueue: available
20:23:14.933 [main] DEBUG io.netty.util.internal.InternalThreadLocalMap - -Dio.netty.threadLocalMap.stringBuilder.initialSize: 1024
20:23:14.933 [main] DEBUG io.netty.util.internal.InternalThreadLocalMap - -Dio.netty.threadLocalMap.stringBuilder.maxSize: 4096
20:23:14.957 [main] DEBUG io.netty.handler.ssl.JdkSslContext - Default protocols (JDK): [TLSv1.3, TLSv1.2] 
20:23:14.957 [main] DEBUG io.netty.handler.ssl.JdkSslContext - Default cipher suites (JDK): [TLS_ECDHE_ECDSA_WITH_AES_256_GCM_SHA384, TLS_ECDHE_ECDSA_WITH_AES_128_GCM_SHA256, TLS_ECDHE_RSA_WITH_AES_128_GCM_SHA256, TLS_ECDHE_RSA_WITH_AES_256_GCM_SHA384, TLS_ECDHE_RSA_WITH_AES_128_CBC_SHA, TLS_ECDHE_RSA_WITH_AES_256_CBC_SHA, TLS_RSA_WITH_AES_128_GCM_SHA256, TLS_RSA_WITH_AES_128_CBC_SHA, TLS_RSA_WITH_AES_256_CBC_SHA, TLS_AES_128_GCM_SHA256, TLS_AES_256_GCM_SHA384]
20:23:14.998 [main] DEBUG io.netty.channel.MultithreadEventLoopGroup - -Dio.netty.eventLoopThreads: 8
20:23:15.017 [main] DEBUG io.netty.channel.nio.NioEventLoop - -Dio.netty.noKeySetOptimization: false
20:23:15.017 [main] DEBUG io.netty.channel.nio.NioEventLoop - -Dio.netty.selectorAutoRebuildThreshold: 512
20:23:15.057 [main] DEBUG io.netty.buffer.PooledByteBufAllocator - -Dio.netty.allocator.numHeapArenas: 8
20:23:15.057 [main] DEBUG io.netty.buffer.PooledByteBufAllocator - -Dio.netty.allocator.numDirectArenas: 8
20:23:15.057 [main] DEBUG io.netty.buffer.PooledByteBufAllocator - -Dio.netty.allocator.pageSize: 8192
20:23:15.057 [main] DEBUG io.netty.buffer.PooledByteBufAllocator - -Dio.netty.allocator.maxOrder: 9
20:23:15.057 [main] DEBUG io.netty.buffer.PooledByteBufAllocator - -Dio.netty.allocator.chunkSize: 4194304
20:23:15.057 [main] DEBUG io.netty.buffer.PooledByteBufAllocator - -Dio.netty.allocator.smallCacheSize: 256
20:23:15.057 [main] DEBUG io.netty.buffer.PooledByteBufAllocator - -Dio.netty.allocator.normalCacheSize: 64
20:23:15.057 [main] DEBUG io.netty.buffer.PooledByteBufAllocator - -Dio.netty.allocator.maxCachedBufferCapacity: 32768
20:23:15.057 [main] DEBUG io.netty.buffer.PooledByteBufAllocator - -Dio.netty.allocator.cacheTrimInterval: 8192
20:23:15.057 [main] DEBUG io.netty.buffer.PooledByteBufAllocator - -Dio.netty.allocator.cacheTrimIntervalMillis: 0
20:23:15.057 [main] DEBUG io.netty.buffer.PooledByteBufAllocator - -Dio.netty.allocator.useCacheForAllThreads: false
20:23:15.057 [main] DEBUG io.netty.buffer.PooledByteBufAllocator - -Dio.netty.allocator.maxCachedByteBuffersPerChunk: 1023
20:23:15.075 [main] DEBUG io.netty.buffer.ByteBufUtil - -Dio.netty.allocator.type: pooled
20:23:15.075 [main] DEBUG io.netty.buffer.ByteBufUtil - -Dio.netty.threadLocalDirectBufferSize: 0
20:23:15.081 [main] DEBUG io.netty.buffer.ByteBufUtil - -Dio.netty.maxThreadLocalCharBufferSize: 16384
20:23:15.312 [main] DEBUG net.serenitybdd.core.webdriver.driverproviders.ProvideNewDriver - Instantiating driver
20:23:15.315 [main] DEBUG net.serenitybdd.core.webdriver.driverproviders.ProvideNewDriver - Driver capabilities: Capabilities {acceptInsecureCerts: false, base.url: https://fanciful-trifle-360..., browserName: chrome, chorme.driver: src/test/resources/webdrive..., driver: chrome, goog:chromeOptions: {args: [], extensions: []}}
20:23:15.715 [Forwarding newSession on session null to remote] DEBUG io.netty.channel.DefaultChannelId - -Dio.netty.processId: 23188 (auto-detected)
20:23:15.717 [Forwarding newSession on session null to remote] DEBUG io.netty.util.NetUtil - -Djava.net.preferIPv4Stack: false
20:23:15.717 [Forwarding newSession on session null to remote] DEBUG io.netty.util.NetUtil - -Djava.net.preferIPv6Addresses: false
20:23:15.870 [Forwarding newSession on session null to remote] DEBUG io.netty.util.NetUtilInitializations - Loopback interface: lo (Software Loopback Interface 1, 127.0.0.1)
20:23:15.872 [Forwarding newSession on session null to remote] DEBUG io.netty.util.NetUtil - Failed to get SOMAXCONN from sysctl and file \proc\sys\net\core\somaxconn. Default: 200
20:23:16.056 [Forwarding newSession on session null to remote] DEBUG io.netty.channel.DefaultChannelId - -Dio.netty.machineId: 80:38:fb:ff:fe:ac:4a:4a (auto-detected)
20:23:16.157 [AsyncHttpClient-1-2] DEBUG io.netty.buffer.AbstractByteBuf - -Dio.netty.buffer.checkAccessible: true
20:23:16.158 [AsyncHttpClient-1-2] DEBUG io.netty.buffer.AbstractByteBuf - -Dio.netty.buffer.checkBounds: true
20:23:16.158 [AsyncHttpClient-1-2] DEBUG io.netty.util.ResourceLeakDetectorFactory - Loaded default ResourceLeakDetector: io.netty.util.ResourceLeakDetector@704b0db8
20:23:16.184 [AsyncHttpClient-1-2] DEBUG org.asynchttpclient.netty.channel.NettyConnectListener - Using new Channel '[id: 0x3871a6bd, L:/127.0.0.1:51308 - R:localhost/127.0.0.1:61035]' for 'POST' to '/session'
20:23:16.208 [AsyncHttpClient-1-2] DEBUG io.netty.util.Recycler - -Dio.netty.recycler.maxCapacityPerThread: 4096
20:23:16.208 [AsyncHttpClient-1-2] DEBUG io.netty.util.Recycler - -Dio.netty.recycler.ratio: 8
20:23:16.208 [AsyncHttpClient-1-2] DEBUG io.netty.util.Recycler - -Dio.netty.recycler.chunkSize: 32
20:23:16.208 [AsyncHttpClient-1-2] DEBUG io.netty.util.Recycler - -Dio.netty.recycler.blocking: false
20:23:17.140 [AsyncHttpClient-1-2] DEBUG io.netty.handler.codec.compression.Brotli - brotli4j not in the classpath; Brotli support will be unavailable.
20:23:17.140 [AsyncHttpClient-1-2] DEBUG org.asynchttpclient.netty.handler.HttpHandler - 

Request DefaultHttpRequest(decodeResult: success, version: HTTP/1.1)
POST /session HTTP/1.1
User-Agent: selenium/4.1.4 (java windows)
Content-Length: 629
Content-Type: application/json; charset=utf-8
host: localhost:61035
accept: */*

Response DefaultHttpResponse(decodeResult: success, version: HTTP/1.1)
HTTP/1.1 200 OK
Content-Type: application/json; charset=utf-8
cache-control: no-cache
content-length: 794

20:23:17.158 [AsyncHttpClient-1-2] DEBUG org.asynchttpclient.netty.channel.ChannelManager - Adding key: http://localhost:61035 for channel [id: 0x3871a6bd, L:/127.0.0.1:51308 - R:localhost/127.0.0.1:61035]
20:23:17.365 [AsyncHttpClient-1-3] DEBUG org.asynchttpclient.netty.channel.NettyConnectListener - Using new Channel '[id: 0x218c61ec, L:/127.0.0.1:51315 - R:localhost/127.0.0.1:51309]' for 'GET' to '/json/version'
20:23:17.369 [AsyncHttpClient-1-3] DEBUG org.asynchttpclient.netty.handler.HttpHandler - 

Request DefaultFullHttpRequest(decodeResult: success, version: HTTP/1.1, content: EmptyByteBufBE)
GET /json/version HTTP/1.1
User-Agent: selenium/4.1.4 (java windows)
host: localhost:51309
accept: */*

Response DefaultHttpResponse(decodeResult: success, version: HTTP/1.1)
HTTP/1.1 200 OK
Content-Type: application/json; charset=UTF-8
content-length: 429

20:23:17.370 [AsyncHttpClient-1-3] DEBUG org.asynchttpclient.netty.channel.ChannelManager - Adding key: http://localhost:51309 for channel [id: 0x218c61ec, L:/127.0.0.1:51315 - R:localhost/127.0.0.1:51309]
20:23:17.371 [main] DEBUG io.netty.util.internal.ThreadLocalRandom - -Dio.netty.initialSeedUniquifier: 0x5cc35bd0ad7c69d5
20:23:17.386 [AsyncHttpClient-1-4] DEBUG org.asynchttpclient.netty.channel.NettyConnectListener - Using new Channel '[id: 0x4e790ff1, L:/127.0.0.1:51317 - R:localhost/127.0.0.1:51309]' for 'GET' to '/devtools/browser/bbe4655f-0194-4117-b8a5-e931d747e63b'
20:23:17.386 [AsyncHttpClient-1-4] DEBUG org.asynchttpclient.netty.handler.WebSocketHandler - 

Request DefaultFullHttpRequest(decodeResult: success, version: HTTP/1.1, content: EmptyByteBufBE)
GET /devtools/browser/bbe4655f-0194-4117-b8a5-e931d747e63b HTTP/1.1
upgrade: websocket
connection: upgrade
sec-websocket-key: 70i4oXWb02L1DzcXrjkn9A==
sec-websocket-version: 13
origin: http://localhost:51309
host: localhost:51309
accept: */*
user-agent: AHC/2.1

Response DefaultHttpResponse(decodeResult: success, version: HTTP/1.1)
HTTP/1.1 101 WebSocket Protocol Handshake
Upgrade: WebSocket
Connection: Upgrade
Sec-WebSocket-Accept: k7tLfCVNQGX5KDI2iyKvYIWAQA4=

20:23:18.242 [AsyncHttpClient-1-1] DEBUG org.asynchttpclient.netty.channel.DefaultChannelPool - Entry count for : http://localhost:61035 : 1
20:23:18.242 [AsyncHttpClient-1-1] DEBUG org.asynchttpclient.netty.channel.DefaultChannelPool - Entry count for : http://localhost:51309 : 1
20:23:18.891 [main] DEBUG net.thucydides.core.reflection.ClassFinder - Could not load class .CucumberTestSuite
20:23:18.891 [main] DEBUG net.thucydides.core.reflection.ClassFinder - Could not load class .starter.pages.ArsipJadwalPage
20:23:18.891 [main] DEBUG net.thucydides.core.reflection.ClassFinder - Could not load class .starter.pages.DashboardPage
20:23:18.891 [main] DEBUG net.thucydides.core.reflection.ClassFinder - Could not load class .starter.pages.DokterDataPage
20:23:18.891 [main] DEBUG net.thucydides.core.reflection.ClassFinder - Could not load class .starter.pages.KelolaJadwalPage
20:23:18.891 [main] DEBUG net.thucydides.core.reflection.ClassFinder - Could not load class .starter.pages.LoginPage
20:23:18.891 [main] DEBUG net.thucydides.core.reflection.ClassFinder - Could not load class .starter.pages.PatientDataPage
20:23:18.891 [main] DEBUG net.thucydides.core.reflection.ClassFinder - Could not load class .starter.stepdefinitios.ArsipJadwalSteps
20:23:18.891 [main] DEBUG net.thucydides.core.reflection.ClassFinder - Could not load class .starter.stepdefinitios.DokterDataSteps
20:23:18.902 [main] DEBUG net.thucydides.core.reflection.ClassFinder - Could not load class .starter.stepdefinitios.KelolaJadwalSteps
20:23:18.902 [main] DEBUG net.thucydides.core.reflection.ClassFinder - Could not load class .starter.stepdefinitios.LoginSteps
20:23:18.902 [main] DEBUG net.thucydides.core.reflection.ClassFinder - Could not load class .starter.stepdefinitios.PatientDataSteps
20:23:18.902 [main] DEBUG net.thucydides.core.reflection.ClassFinder - Could not load class META-INF.versions.9.com.sun.istack.logging.StackHelper
20:23:18.903 [main] DEBUG net.thucydides.core.reflection.ClassFinder - Could not load class META-INF.versions.9.com.sun.xml.bind.v2.runtime.reflect.opt.AccessorInjector
20:23:18.904 [main] DEBUG net.thucydides.core.reflection.ClassFinder - Could not load class META-INF.versions.9.com.sun.xml.bind.v2.runtime.reflect.opt.Injector
20:23:18.904 [main] DEBUG net.thucydides.core.reflection.ClassFinder - Could not load class META-INF.versions.9.com.sun.xml.bind.v2.runtime.reflect.opt.OptimizedAccessorFactory
20:23:18.905 [main] DEBUG net.thucydides.core.reflection.ClassFinder - Could not load class META-INF.versions.9.com.sun.xml.bind.v2.runtime.reflect.opt.OptimizedTransducedAccessorFactory
20:23:18.905 [main] DEBUG net.thucydides.core.reflection.ClassFinder - Could not load class META-INF.versions.9.io.opentelemetry.sdk.internal.CurrentJavaVersionSpecific
20:23:18.906 [main] DEBUG net.thucydides.core.reflection.ClassFinder - Could not load class META-INF.versions.9.io.opentelemetry.sdk.internal.Java9VersionSpecific
20:23:18.906 [main] DEBUG net.thucydides.core.reflection.ClassFinder - Could not load class META-INF.versions.9.javax.xml.bind.ModuleUtil
20:23:18.906 [main] DEBUG net.thucydides.core.reflection.ClassFinder - Could not load class META-INF.versions.9.module-info
20:23:18.906 [main] DEBUG net.thucydides.core.reflection.ClassFinder - Could not load class META-INF.versions.9.org.codehaus.plexus.languages.java.jpms.BinaryModuleInfoParser
20:23:18.906 [main] DEBUG net.thucydides.core.reflection.ClassFinder - Could not load class META-INF.versions.9.org.codehaus.plexus.languages.java.jpms.CmdModuleNameExtractor
20:23:18.906 [main] DEBUG net.thucydides.core.reflection.ClassFinder - Could not load class META-INF.versions.9.org.junit.platform.commons.util.ModuleUtils
20:23:18.906 [main] DEBUG net.thucydides.core.reflection.ClassFinder - Could not load class com.google.gson.internal.
20:23:18.906 [main] DEBUG net.thucydides.core.reflection.ClassFinder - Could not load class com.sun.xml.bind.v2.runtime.output.FastInfosetStreamWriterOutput
20:23:18.906 [main] DEBUG net.thucydides.core.reflection.ClassFinder - Could not load class module-info
20:23:18.956 [Forwarding get on session b63024072f587d85732aa88cd515b128 to remote] DEBUG org.asynchttpclient.netty.request.NettyRequestSender - Using pooled Channel '[id: 0x3871a6bd, L:/127.0.0.1:51308 - R:localhost/127.0.0.1:61035]' for 'POST' to 'http://localhost:61035/session/b63024072f587d85732aa88cd515b128/url'
20:23:18.956 [Forwarding get on session b63024072f587d85732aa88cd515b128 to remote] DEBUG org.asynchttpclient.netty.request.NettyRequestSender - Using open Channel [id: 0x3871a6bd, L:/127.0.0.1:51308 - R:localhost/127.0.0.1:61035] for POST '/session/b63024072f587d85732aa88cd515b128/url'
20:23:19.314 [AsyncHttpClient-1-1] DEBUG org.asynchttpclient.netty.channel.DefaultChannelPool - Entry count for : http://localhost:51309 : 1
20:23:19.900 [AsyncHttpClient-1-2] DEBUG org.asynchttpclient.netty.handler.HttpHandler - 

Request DefaultHttpRequest(decodeResult: success, version: HTTP/1.1)
POST /session/b63024072f587d85732aa88cd515b128/url HTTP/1.1
User-Agent: selenium/4.1.4 (java windows)
Content-Length: 78
Content-Type: application/json; charset=utf-8
host: localhost:61035
accept: */*

Response DefaultHttpResponse(decodeResult: success, version: HTTP/1.1)
HTTP/1.1 200 OK
Content-Type: application/json; charset=utf-8
cache-control: no-cache
content-length: 14

20:23:19.900 [AsyncHttpClient-1-2] DEBUG org.asynchttpclient.netty.channel.ChannelManager - Adding key: http://localhost:61035 for channel [id: 0x3871a6bd, L:/127.0.0.1:51308 - R:localhost/127.0.0.1:61035]
20:23:19.906 [Forwarding setTimeout on session b63024072f587d85732aa88cd515b128 to remote] DEBUG org.asynchttpclient.netty.request.NettyRequestSender - Using pooled Channel '[id: 0x3871a6bd, L:/127.0.0.1:51308 - R:localhost/127.0.0.1:61035]' for 'POST' to 'http://localhost:61035/session/b63024072f587d85732aa88cd515b128/timeouts'
20:23:19.906 [Forwarding setTimeout on session b63024072f587d85732aa88cd515b128 to remote] DEBUG org.asynchttpclient.netty.request.NettyRequestSender - Using open Channel [id: 0x3871a6bd, L:/127.0.0.1:51308 - R:localhost/127.0.0.1:61035] for POST '/session/b63024072f587d85732aa88cd515b128/timeouts'
20:23:19.909 [AsyncHttpClient-1-2] DEBUG org.asynchttpclient.netty.handler.HttpHandler - 

Request DefaultHttpRequest(decodeResult: success, version: HTTP/1.1)
POST /session/b63024072f587d85732aa88cd515b128/timeouts HTTP/1.1
User-Agent: selenium/4.1.4 (java windows)
Content-Length: 22
Content-Type: application/json; charset=utf-8
host: localhost:61035
accept: */*

Response DefaultHttpResponse(decodeResult: success, version: HTTP/1.1)
HTTP/1.1 200 OK
Content-Type: application/json; charset=utf-8
cache-control: no-cache
content-length: 14

20:23:19.911 [AsyncHttpClient-1-2] DEBUG org.asynchttpclient.netty.channel.ChannelManager - Adding key: http://localhost:61035 for channel [id: 0x3871a6bd, L:/127.0.0.1:51308 - R:localhost/127.0.0.1:61035]
20:23:19.919 [Forwarding getCurrentUrl on session b63024072f587d85732aa88cd515b128 to remote] DEBUG org.asynchttpclient.netty.request.NettyRequestSender - Using pooled Channel '[id: 0x3871a6bd, L:/127.0.0.1:51308 - R:localhost/127.0.0.1:61035]' for 'GET' to 'http://localhost:61035/session/b63024072f587d85732aa88cd515b128/url'
20:23:19.919 [Forwarding getCurrentUrl on session b63024072f587d85732aa88cd515b128 to remote] DEBUG org.asynchttpclient.netty.request.NettyRequestSender - Using open Channel [id: 0x3871a6bd, L:/127.0.0.1:51308 - R:localhost/127.0.0.1:61035] for GET '/session/b63024072f587d85732aa88cd515b128/url'
20:23:19.926 [AsyncHttpClient-1-2] DEBUG org.asynchttpclient.netty.handler.HttpHandler - 

Request DefaultFullHttpRequest(decodeResult: success, version: HTTP/1.1, content: EmptyByteBufBE)
GET /session/b63024072f587d85732aa88cd515b128/url HTTP/1.1
User-Agent: selenium/4.1.4 (java windows)
Cache-Control: no-cache
Content-Type: application/json; charset=utf-8
host: localhost:61035
accept: */*

Response DefaultHttpResponse(decodeResult: success, version: HTTP/1.1)
HTTP/1.1 200 OK
Content-Type: application/json; charset=utf-8
cache-control: no-cache
content-length: 60

20:23:19.927 [AsyncHttpClient-1-2] DEBUG org.asynchttpclient.netty.channel.ChannelManager - Adding key: http://localhost:61035 for channel [id: 0x3871a6bd, L:/127.0.0.1:51308 - R:localhost/127.0.0.1:61035]
20:23:19.958 [main] DEBUG net.serenitybdd.core.photography.Darkroom - Opening darkroom
20:23:19.961 [Forwarding screenshot on session b63024072f587d85732aa88cd515b128 to remote] DEBUG org.asynchttpclient.netty.request.NettyRequestSender - Using pooled Channel '[id: 0x3871a6bd, L:/127.0.0.1:51308 - R:localhost/127.0.0.1:61035]' for 'GET' to 'http://localhost:61035/session/b63024072f587d85732aa88cd515b128/screenshot'
20:23:19.961 [Forwarding screenshot on session b63024072f587d85732aa88cd515b128 to remote] DEBUG org.asynchttpclient.netty.request.NettyRequestSender - Using open Channel [id: 0x3871a6bd, L:/127.0.0.1:51308 - R:localhost/127.0.0.1:61035] for GET '/session/b63024072f587d85732aa88cd515b128/screenshot'
20:23:19.963 [Darkroom Processing Line] DEBUG net.serenitybdd.core.photography.DarkroomProcessingLine - Darkroom processing line starting up
20:23:20.153 [AsyncHttpClient-1-2] DEBUG org.asynchttpclient.netty.handler.HttpHandler - 

Request DefaultFullHttpRequest(decodeResult: success, version: HTTP/1.1, content: EmptyByteBufBE)
GET /session/b63024072f587d85732aa88cd515b128/screenshot HTTP/1.1
User-Agent: selenium/4.1.4 (java windows)
Cache-Control: no-cache
Content-Type: application/json; charset=utf-8
host: localhost:61035
accept: */*

Response DefaultHttpResponse(decodeResult: success, version: HTTP/1.1)
HTTP/1.1 200 OK
Content-Type: application/json; charset=utf-8
cache-control: no-cache
content-length: 380436

20:23:20.157 [AsyncHttpClient-1-2] DEBUG org.asynchttpclient.netty.channel.ChannelManager - Adding key: http://localhost:61035 for channel [id: 0x3871a6bd, L:/127.0.0.1:51308 - R:localhost/127.0.0.1:61035]
20:23:20.234 [main] DEBUG net.serenitybdd.core.photography.Darkroom - Send negative for processing for target\site\serenity\d122c364c40ece9db0ad32cd97c3fcf63e95ba606118dda8d3e5a1d2b8235ce2.png
20:23:20.235 [Darkroom Processing Line] DEBUG net.serenitybdd.core.photography.DarkroomProcessingLine - Processing screenshot image in /var/screenshots/screenshot-17244348894985657196
20:23:20.235 [Darkroom Processing Line] DEBUG net.serenitybdd.core.photography.DarkroomProcessingLine - Saving screenshot to target\site\serenity\d122c364c40ece9db0ad32cd97c3fcf63e95ba606118dda8d3e5a1d2b8235ce2.png
20:23:20.237 [main] DEBUG net.thucydides.core.steps.StepInterceptor - STEP DONE: openLogin
  &amp#27;[32mGiven &amp#27;[0m&amp#27;[32mOpen login page&amp#27;[0m                             &amp#27;[90m# starter.stepdefinitios.LoginSteps.openLoginPage()&amp#27;[0m
20:23:20.416 [AsyncHttpClient-1-1] DEBUG org.asynchttpclient.netty.channel.DefaultChannelPool - Entry count for : http://localhost:61035 : 1
20:23:20.416 [AsyncHttpClient-1-1] DEBUG org.asynchttpclient.netty.channel.DefaultChannelPool - Entry count for : http://localhost:51309 : 1
20:23:20.852 [Forwarding findElement on session b63024072f587d85732aa88cd515b128 to remote] DEBUG org.asynchttpclient.netty.request.NettyRequestSender - Using pooled Channel '[id: 0x3871a6bd, L:/127.0.0.1:51308 - R:localhost/127.0.0.1:61035]' for 'POST' to 'http://localhost:61035/session/b63024072f587d85732aa88cd515b128/element'
20:23:20.852 [Forwarding findElement on session b63024072f587d85732aa88cd515b128 to remote] DEBUG org.asynchttpclient.netty.request.NettyRequestSender - Using open Channel [id: 0x3871a6bd, L:/127.0.0.1:51308 - R:localhost/127.0.0.1:61035] for POST '/session/b63024072f587d85732aa88cd515b128/element'
20:23:20.872 [AsyncHttpClient-1-2] DEBUG org.asynchttpclient.netty.handler.HttpHandler - 

Request DefaultHttpRequest(decodeResult: success, version: HTTP/1.1)
POST /session/b63024072f587d85732aa88cd515b128/element HTTP/1.1
User-Agent: selenium/4.1.4 (java windows)
Content-Length: 70
Content-Type: application/json; charset=utf-8
host: localhost:61035
accept: */*

Response DefaultHttpResponse(decodeResult: success, version: HTTP/1.1)
HTTP/1.1 200 OK
Content-Type: application/json; charset=utf-8
cache-control: no-cache
content-length: 88

20:23:20.872 [AsyncHttpClient-1-2] DEBUG org.asynchttpclient.netty.channel.ChannelManager - Adding key: http://localhost:61035 for channel [id: 0x3871a6bd, L:/127.0.0.1:51308 - R:localhost/127.0.0.1:61035]
20:23:20.876 [Forwarding sendKeysToElement on session b63024072f587d85732aa88cd515b128 to remote] DEBUG org.asynchttpclient.netty.request.NettyRequestSender - Using pooled Channel '[id: 0x3871a6bd, L:/127.0.0.1:51308 - R:localhost/127.0.0.1:61035]' for 'POST' to 'http://localhost:61035/session/b63024072f587d85732aa88cd515b128/element/fef7b5c3-9277-458d-b4f5-02e2a3af2c7e/value'
20:23:20.876 [Forwarding sendKeysToElement on session b63024072f587d85732aa88cd515b128 to remote] DEBUG org.asynchttpclient.netty.request.NettyRequestSender - Using open Channel [id: 0x3871a6bd, L:/127.0.0.1:51308 - R:localhost/127.0.0.1:61035] for POST '/session/b63024072f587d85732aa88cd515b128/element/fef7b5c3-9277-458d-b4f5-02e2a3af2c7e/value'
20:23:21.028 [AsyncHttpClient-1-2] DEBUG org.asynchttpclient.netty.handler.HttpHandler - 

Request DefaultHttpRequest(decodeResult: success, version: HTTP/1.1)
POST /session/b63024072f587d85732aa88cd515b128/element/fef7b5c3-9277-458d-b4f5-02e2a3af2c7e/value HTTP/1.1
User-Agent: selenium/4.1.4 (java windows)
Content-Length: 131
Content-Type: application/json; charset=utf-8
host: localhost:61035
accept: */*

Response DefaultHttpResponse(decodeResult: success, version: HTTP/1.1)
HTTP/1.1 200 OK
Content-Type: application/json; charset=utf-8
cache-control: no-cache
content-length: 14

20:23:21.028 [AsyncHttpClient-1-2] DEBUG org.asynchttpclient.netty.channel.ChannelManager - Adding key: http://localhost:61035 for channel [id: 0x3871a6bd, L:/127.0.0.1:51308 - R:localhost/127.0.0.1:61035]
  &amp#27;[32mAnd &amp#27;[0m&amp#27;[32mI input &amp#27;[0m&amp#27;[32m&amp#27;[1m"admin"&amp#27;[0m&amp#27;[32m login email valid&amp#27;[0m             &amp#27;[90m# starter.stepdefinitios.LoginSteps.iInputLoginEmailValid(java.lang.String)&amp#27;[0m
20:23:21.038 [Forwarding screenshot on session b63024072f587d85732aa88cd515b128 to remote] DEBUG org.asynchttpclient.netty.request.NettyRequestSender - Using pooled Channel '[id: 0x3871a6bd, L:/127.0.0.1:51308 - R:localhost/127.0.0.1:61035]' for 'GET' to 'http://localhost:61035/session/b63024072f587d85732aa88cd515b128/screenshot'
20:23:21.038 [Forwarding screenshot on session b63024072f587d85732aa88cd515b128 to remote] DEBUG org.asynchttpclient.netty.request.NettyRequestSender - Using open Channel [id: 0x3871a6bd, L:/127.0.0.1:51308 - R:localhost/127.0.0.1:61035] for GET '/session/b63024072f587d85732aa88cd515b128/screenshot'
20:23:21.260 [AsyncHttpClient-1-2] DEBUG org.asynchttpclient.netty.handler.HttpHandler - 

Request DefaultFullHttpRequest(decodeResult: success, version: HTTP/1.1, content: EmptyByteBufBE)
GET /session/b63024072f587d85732aa88cd515b128/screenshot HTTP/1.1
User-Agent: selenium/4.1.4 (java windows)
Cache-Control: no-cache
Content-Type: application/json; charset=utf-8
host: localhost:61035
accept: */*

Response DefaultHttpResponse(decodeResult: success, version: HTTP/1.1)
HTTP/1.1 200 OK
Content-Type: application/json; charset=utf-8
cache-control: no-cache
content-length: 379420

20:23:21.272 [AsyncHttpClient-1-2] DEBUG org.asynchttpclient.netty.channel.ChannelManager - Adding key: http://localhost:61035 for channel [id: 0x3871a6bd, L:/127.0.0.1:51308 - R:localhost/127.0.0.1:61035]
20:23:21.290 [main] DEBUG net.serenitybdd.core.photography.Darkroom - Send negative for processing for target\site\serenity\93df20195d3751dea78ac30a105f84d37c410e0341f58ded6fb231b5b47402e6.png
20:23:21.290 [Darkroom Processing Line] DEBUG net.serenitybdd.core.photography.DarkroomProcessingLine - Processing screenshot image in /var/screenshots/screenshot-18080353235266300036
20:23:21.290 [Darkroom Processing Line] DEBUG net.serenitybdd.core.photography.DarkroomProcessingLine - Saving screenshot to target\site\serenity\93df20195d3751dea78ac30a105f84d37c410e0341f58ded6fb231b5b47402e6.png
20:23:21.535 [AsyncHttpClient-1-1] DEBUG org.asynchttpclient.netty.channel.DefaultChannelPool - Entry count for : http://localhost:61035 : 1
20:23:21.535 [AsyncHttpClient-1-1] DEBUG org.asynchttpclient.netty.channel.DefaultChannelPool - Entry count for : http://localhost:51309 : 1
20:23:21.824 [Forwarding screenshot on session b63024072f587d85732aa88cd515b128 to remote] DEBUG org.asynchttpclient.netty.request.NettyRequestSender - Using pooled Channel '[id: 0x3871a6bd, L:/127.0.0.1:51308 - R:localhost/127.0.0.1:61035]' for 'GET' to 'http://localhost:61035/session/b63024072f587d85732aa88cd515b128/screenshot'
20:23:21.824 [Forwarding screenshot on session b63024072f587d85732aa88cd515b128 to remote] DEBUG org.asynchttpclient.netty.request.NettyRequestSender - Using open Channel [id: 0x3871a6bd, L:/127.0.0.1:51308 - R:localhost/127.0.0.1:61035] for GET '/session/b63024072f587d85732aa88cd515b128/screenshot'
20:23:22.019 [AsyncHttpClient-1-2] DEBUG org.asynchttpclient.netty.handler.HttpHandler - 

Request DefaultFullHttpRequest(decodeResult: success, version: HTTP/1.1, content: EmptyByteBufBE)
GET /session/b63024072f587d85732aa88cd515b128/screenshot HTTP/1.1
User-Agent: selenium/4.1.4 (java windows)
Cache-Control: no-cache
Content-Type: application/json; charset=utf-8
host: localhost:61035
accept: */*

Response DefaultHttpResponse(decodeResult: success, version: HTTP/1.1)
HTTP/1.1 200 OK
Content-Type: application/json; charset=utf-8
cache-control: no-cache
content-length: 379404

20:23:22.019 [AsyncHttpClient-1-2] DEBUG org.asynchttpclient.netty.channel.ChannelManager - Adding key: http://localhost:61035 for channel [id: 0x3871a6bd, L:/127.0.0.1:51308 - R:localhost/127.0.0.1:61035]
20:23:22.034 [main] DEBUG net.serenitybdd.core.photography.Darkroom - Send negative for processing for target\site\serenity\f684e1524ced0278b0b6c6b37709a7cbfb8281aeb576b04a4743fda17448b798.png
20:23:22.034 [Darkroom Processing Line] DEBUG net.serenitybdd.core.photography.DarkroomProcessingLine - Processing screenshot image in /var/screenshots/screenshot-6852534436872844568
20:23:22.034 [Darkroom Processing Line] DEBUG net.serenitybdd.core.photography.DarkroomProcessingLine - Saving screenshot to target\site\serenity\f684e1524ced0278b0b6c6b37709a7cbfb8281aeb576b04a4743fda17448b798.png
20:23:22.034 [main] DEBUG net.thucydides.core.steps.StepInterceptor - STARTING STEP: LoginSteps.iInputLoginPasswordValid - inputPasswordLogin
20:23:22.039 [Forwarding findElement on session b63024072f587d85732aa88cd515b128 to remote] DEBUG org.asynchttpclient.netty.request.NettyRequestSender - Using pooled Channel '[id: 0x3871a6bd, L:/127.0.0.1:51308 - R:localhost/127.0.0.1:61035]' for 'POST' to 'http://localhost:61035/session/b63024072f587d85732aa88cd515b128/element'
20:23:22.039 [Forwarding findElement on session b63024072f587d85732aa88cd515b128 to remote] DEBUG org.asynchttpclient.netty.request.NettyRequestSender - Using open Channel [id: 0x3871a6bd, L:/127.0.0.1:51308 - R:localhost/127.0.0.1:61035] for POST '/session/b63024072f587d85732aa88cd515b128/element'
20:23:22.059 [AsyncHttpClient-1-2] DEBUG org.asynchttpclient.netty.handler.HttpHandler - 

Request DefaultHttpRequest(decodeResult: success, version: HTTP/1.1)
POST /session/b63024072f587d85732aa88cd515b128/element HTTP/1.1
User-Agent: selenium/4.1.4 (java windows)
Content-Length: 70
Content-Type: application/json; charset=utf-8
host: localhost:61035
accept: */*

Response DefaultHttpResponse(decodeResult: success, version: HTTP/1.1)
HTTP/1.1 200 OK
Content-Type: application/json; charset=utf-8
cache-control: no-cache
content-length: 88

20:23:22.059 [AsyncHttpClient-1-2] DEBUG org.asynchttpclient.netty.channel.ChannelManager - Adding key: http://localhost:61035 for channel [id: 0x3871a6bd, L:/127.0.0.1:51308 - R:localhost/127.0.0.1:61035]
20:23:22.059 [Forwarding sendKeysToElement on session b63024072f587d85732aa88cd515b128 to remote] DEBUG org.asynchttpclient.netty.request.NettyRequestSender - Using pooled Channel '[id: 0x3871a6bd, L:/127.0.0.1:51308 - R:localhost/127.0.0.1:61035]' for 'POST' to 'http://localhost:61035/session/b63024072f587d85732aa88cd515b128/element/6ab7f5d8-e845-412e-9d24-da30473a3720/value'
20:23:22.059 [Forwarding sendKeysToElement on session b63024072f587d85732aa88cd515b128 to remote] DEBUG org.asynchttpclient.netty.request.NettyRequestSender - Using open Channel [id: 0x3871a6bd, L:/127.0.0.1:51308 - R:localhost/127.0.0.1:61035] for POST '/session/b63024072f587d85732aa88cd515b128/element/6ab7f5d8-e845-412e-9d24-da30473a3720/value'
20:23:22.155 [AsyncHttpClient-1-2] DEBUG org.asynchttpclient.netty.handler.HttpHandler - 

Request DefaultHttpRequest(decodeResult: success, version: HTTP/1.1)
POST /session/b63024072f587d85732aa88cd515b128/element/6ab7f5d8-e845-412e-9d24-da30473a3720/value HTTP/1.1
User-Agent: selenium/4.1.4 (java windows)
Content-Length: 161
Content-Type: application/json; charset=utf-8
host: localhost:61035
accept: */*

Response DefaultHttpResponse(decodeResult: success, version: HTTP/1.1)
HTTP/1.1 200 OK
Content-Type: application/json; charset=utf-8
cache-control: no-cache
content-length: 14

20:23:22.156 [AsyncHttpClient-1-2] DEBUG org.asynchttpclient.netty.channel.ChannelManager - Adding key: http://localhost:61035 for channel [id: 0x3871a6bd, L:/127.0.0.1:51308 - R:localhost/127.0.0.1:61035]
20:23:22.166 [Forwarding screenshot on session b63024072f587d85732aa88cd515b128 to remote] DEBUG org.asynchttpclient.netty.request.NettyRequestSender - Using pooled Channel '[id: 0x3871a6bd, L:/127.0.0.1:51308 - R:localhost/127.0.0.1:61035]' for 'GET' to 'http://localhost:61035/session/b63024072f587d85732aa88cd515b128/screenshot'
20:23:22.166 [Forwarding screenshot on session b63024072f587d85732aa88cd515b128 to remote] DEBUG org.asynchttpclient.netty.request.NettyRequestSender - Using open Channel [id: 0x3871a6bd, L:/127.0.0.1:51308 - R:localhost/127.0.0.1:61035] for GET '/session/b63024072f587d85732aa88cd515b128/screenshot'
20:23:22.357 [AsyncHttpClient-1-2] DEBUG org.asynchttpclient.netty.handler.HttpHandler - 

Request DefaultFullHttpRequest(decodeResult: success, version: HTTP/1.1, content: EmptyByteBufBE)
GET /session/b63024072f587d85732aa88cd515b128/screenshot HTTP/1.1
User-Agent: selenium/4.1.4 (java windows)
Cache-Control: no-cache
Content-Type: application/json; charset=utf-8
host: localhost:61035
accept: */*

Response DefaultHttpResponse(decodeResult: success, version: HTTP/1.1)
HTTP/1.1 200 OK
Content-Type: application/json; charset=utf-8
cache-control: no-cache
content-length: 377580

20:23:22.358 [AsyncHttpClient-1-2] DEBUG org.asynchttpclient.netty.channel.ChannelManager - Adding key: http://localhost:61035 for channel [id: 0x3871a6bd, L:/127.0.0.1:51308 - R:localhost/127.0.0.1:61035]
20:23:22.364 [main] DEBUG net.serenitybdd.core.photography.Darkroom - Send negative for processing for target\site\serenity\44fa0aa493cf3a3837a7fab79c30bded8f584eda85d2cfd055a7ef5b4e3f0a4a.png
20:23:22.364 [main] DEBUG net.thucydides.core.steps.StepInterceptor - STEP DONE: inputPasswordLogin
  &amp#27;[32mAnd &amp#27;[0m&amp#27;[32mI input &amp#27;[0m&amp#27;[32m&amp#27;[1m"admin123"&amp#27;[0m&amp#27;[32m login password valid&amp#27;[0m       &amp#27;[90m# starter.stepdefinitios.LoginSteps.iInputLoginPasswordValid(java.lang.String)&amp#27;[0m
20:23:22.364 [Darkroom Processing Line] DEBUG net.serenitybdd.core.photography.DarkroomProcessingLine - Processing screenshot image in /var/screenshots/screenshot-1416117435206653881
20:23:22.364 [Darkroom Processing Line] DEBUG net.serenitybdd.core.photography.DarkroomProcessingLine - Saving screenshot to target\site\serenity\44fa0aa493cf3a3837a7fab79c30bded8f584eda85d2cfd055a7ef5b4e3f0a4a.png
20:23:22.392 [main] DEBUG net.thucydides.core.steps.StepInterceptor - STARTING STEP: LoginSteps.iClickButtonLogin - clickButtonLogin
20:23:22.404 [Forwarding findElement on session b63024072f587d85732aa88cd515b128 to remote] DEBUG org.asynchttpclient.netty.request.NettyRequestSender - Using pooled Channel '[id: 0x3871a6bd, L:/127.0.0.1:51308 - R:localhost/127.0.0.1:61035]' for 'POST' to 'http://localhost:61035/session/b63024072f587d85732aa88cd515b128/element'
20:23:22.404 [Forwarding findElement on session b63024072f587d85732aa88cd515b128 to remote] DEBUG org.asynchttpclient.netty.request.NettyRequestSender - Using open Channel [id: 0x3871a6bd, L:/127.0.0.1:51308 - R:localhost/127.0.0.1:61035] for POST '/session/b63024072f587d85732aa88cd515b128/element'
20:23:22.424 [AsyncHttpClient-1-2] DEBUG org.asynchttpclient.netty.handler.HttpHandler - 

Request DefaultHttpRequest(decodeResult: success, version: HTTP/1.1)
POST /session/b63024072f587d85732aa88cd515b128/element HTTP/1.1
User-Agent: selenium/4.1.4 (java windows)
Content-Length: 68
Content-Type: application/json; charset=utf-8
host: localhost:61035
accept: */*

Response DefaultHttpResponse(decodeResult: success, version: HTTP/1.1)
HTTP/1.1 200 OK
Content-Type: application/json; charset=utf-8
cache-control: no-cache
content-length: 88

20:23:22.424 [AsyncHttpClient-1-2] DEBUG org.asynchttpclient.netty.channel.ChannelManager - Adding key: http://localhost:61035 for channel [id: 0x3871a6bd, L:/127.0.0.1:51308 - R:localhost/127.0.0.1:61035]
20:23:22.426 [Forwarding getElementTagName on session b63024072f587d85732aa88cd515b128 to remote] DEBUG org.asynchttpclient.netty.request.NettyRequestSender - Using pooled Channel '[id: 0x3871a6bd, L:/127.0.0.1:51308 - R:localhost/127.0.0.1:61035]' for 'GET' to 'http://localhost:61035/session/b63024072f587d85732aa88cd515b128/element/92b8279a-2806-4ad1-b90e-fc6d88620a96/name'
20:23:22.426 [Forwarding getElementTagName on session b63024072f587d85732aa88cd515b128 to remote] DEBUG org.asynchttpclient.netty.request.NettyRequestSender - Using open Channel [id: 0x3871a6bd, L:/127.0.0.1:51308 - R:localhost/127.0.0.1:61035] for GET '/session/b63024072f587d85732aa88cd515b128/element/92b8279a-2806-4ad1-b90e-fc6d88620a96/name'
20:23:22.437 [AsyncHttpClient-1-2] DEBUG org.asynchttpclient.netty.handler.HttpHandler - 

Request DefaultFullHttpRequest(decodeResult: success, version: HTTP/1.1, content: EmptyByteBufBE)
GET /session/b63024072f587d85732aa88cd515b128/element/92b8279a-2806-4ad1-b90e-fc6d88620a96/name HTTP/1.1
User-Agent: selenium/4.1.4 (java windows)
Cache-Control: no-cache
Content-Type: application/json; charset=utf-8
host: localhost:61035
accept: */*

Response DefaultHttpResponse(decodeResult: success, version: HTTP/1.1)
HTTP/1.1 200 OK
Content-Type: application/json; charset=utf-8
cache-control: no-cache
content-length: 18

20:23:22.437 [AsyncHttpClient-1-2] DEBUG org.asynchttpclient.netty.channel.ChannelManager - Adding key: http://localhost:61035 for channel [id: 0x3871a6bd, L:/127.0.0.1:51308 - R:localhost/127.0.0.1:61035]
20:23:22.439 [Forwarding getElementTagName on session b63024072f587d85732aa88cd515b128 to remote] DEBUG org.asynchttpclient.netty.request.NettyRequestSender - Using pooled Channel '[id: 0x3871a6bd, L:/127.0.0.1:51308 - R:localhost/127.0.0.1:61035]' for 'GET' to 'http://localhost:61035/session/b63024072f587d85732aa88cd515b128/element/92b8279a-2806-4ad1-b90e-fc6d88620a96/name'
20:23:22.439 [Forwarding getElementTagName on session b63024072f587d85732aa88cd515b128 to remote] DEBUG org.asynchttpclient.netty.request.NettyRequestSender - Using open Channel [id: 0x3871a6bd, L:/127.0.0.1:51308 - R:localhost/127.0.0.1:61035] for GET '/session/b63024072f587d85732aa88cd515b128/element/92b8279a-2806-4ad1-b90e-fc6d88620a96/name'
20:23:22.442 [AsyncHttpClient-1-2] DEBUG org.asynchttpclient.netty.handler.HttpHandler - 

Request DefaultFullHttpRequest(decodeResult: success, version: HTTP/1.1, content: EmptyByteBufBE)
GET /session/b63024072f587d85732aa88cd515b128/element/92b8279a-2806-4ad1-b90e-fc6d88620a96/name HTTP/1.1
User-Agent: selenium/4.1.4 (java windows)
Cache-Control: no-cache
Content-Type: application/json; charset=utf-8
host: localhost:61035
accept: */*

Response DefaultHttpResponse(decodeResult: success, version: HTTP/1.1)
HTTP/1.1 200 OK
Content-Type: application/json; charset=utf-8
cache-control: no-cache
content-length: 18

20:23:22.442 [AsyncHttpClient-1-2] DEBUG org.asynchttpclient.netty.channel.ChannelManager - Adding key: http://localhost:61035 for channel [id: 0x3871a6bd, L:/127.0.0.1:51308 - R:localhost/127.0.0.1:61035]
20:23:22.448 [Forwarding isElementEnabled on session b63024072f587d85732aa88cd515b128 to remote] DEBUG org.asynchttpclient.netty.request.NettyRequestSender - Using pooled Channel '[id: 0x3871a6bd, L:/127.0.0.1:51308 - R:localhost/127.0.0.1:61035]' for 'GET' to 'http://localhost:61035/session/b63024072f587d85732aa88cd515b128/element/92b8279a-2806-4ad1-b90e-fc6d88620a96/enabled'
20:23:22.448 [Forwarding isElementEnabled on session b63024072f587d85732aa88cd515b128 to remote] DEBUG org.asynchttpclient.netty.request.NettyRequestSender - Using open Channel [id: 0x3871a6bd, L:/127.0.0.1:51308 - R:localhost/127.0.0.1:61035] for GET '/session/b63024072f587d85732aa88cd515b128/element/92b8279a-2806-4ad1-b90e-fc6d88620a96/enabled'
20:23:22.458 [AsyncHttpClient-1-2] DEBUG org.asynchttpclient.netty.handler.HttpHandler - 

Request DefaultFullHttpRequest(decodeResult: success, version: HTTP/1.1, content: EmptyByteBufBE)
GET /session/b63024072f587d85732aa88cd515b128/element/92b8279a-2806-4ad1-b90e-fc6d88620a96/enabled HTTP/1.1
User-Agent: selenium/4.1.4 (java windows)
Cache-Control: no-cache
Content-Type: application/json; charset=utf-8
host: localhost:61035
accept: */*

Response DefaultHttpResponse(decodeResult: success, version: HTTP/1.1)
HTTP/1.1 200 OK
Content-Type: application/json; charset=utf-8
cache-control: no-cache
content-length: 14

20:23:22.458 [AsyncHttpClient-1-2] DEBUG org.asynchttpclient.netty.channel.ChannelManager - Adding key: http://localhost:61035 for channel [id: 0x3871a6bd, L:/127.0.0.1:51308 - R:localhost/127.0.0.1:61035]
20:23:22.458 [Forwarding isElementEnabled on session b63024072f587d85732aa88cd515b128 to remote] DEBUG org.asynchttpclient.netty.request.NettyRequestSender - Using pooled Channel '[id: 0x3871a6bd, L:/127.0.0.1:51308 - R:localhost/127.0.0.1:61035]' for 'GET' to 'http://localhost:61035/session/b63024072f587d85732aa88cd515b128/element/92b8279a-2806-4ad1-b90e-fc6d88620a96/enabled'
20:23:22.458 [Forwarding isElementEnabled on session b63024072f587d85732aa88cd515b128 to remote] DEBUG org.asynchttpclient.netty.request.NettyRequestSender - Using open Channel [id: 0x3871a6bd, L:/127.0.0.1:51308 - R:localhost/127.0.0.1:61035] for GET '/session/b63024072f587d85732aa88cd515b128/element/92b8279a-2806-4ad1-b90e-fc6d88620a96/enabled'
20:23:22.478 [AsyncHttpClient-1-2] DEBUG org.asynchttpclient.netty.handler.HttpHandler - 

Request DefaultFullHttpRequest(decodeResult: success, version: HTTP/1.1, content: EmptyByteBufBE)
GET /session/b63024072f587d85732aa88cd515b128/element/92b8279a-2806-4ad1-b90e-fc6d88620a96/enabled HTTP/1.1
[...]
20:25:18.190 [main] DEBUG net.serenitybdd.core.photography.Darkroom - Send negative for processing for target\site\serenity\6bbdcd3c3622f19150478b1e5740d71359ded9e1e46604a1b06ce60e6834cbff.png
20:25:18.190 [main] DEBUG net.thucydides.core.steps.StepInterceptor - STARTING STEP: PatientDataSteps.inputDataCategory - inputDataCategory
20:25:18.195 [Forwarding findElement on session f1ffc58d00f9230218939ed45090982d to remote] DEBUG org.asynchttpclient.netty.request.NettyRequestSender - Using pooled Channel '[id: 0x119643f5, L:/127.0.0.1:51389 - R:localhost/127.0.0.1:49374]' for 'POST' to 'http://localhost:49374/session/f1ffc58d00f9230218939ed45090982d/element'
20:25:18.195 [Forwarding findElement on session f1ffc58d00f9230218939ed45090982d to remote] DEBUG org.asynchttpclient.netty.request.NettyRequestSender - Using open Channel [id: 0x119643f5, L:/127.0.0.1:51389 - R:localhost/127.0.0.1:49374] for POST '/session/f1ffc58d00f9230218939ed45090982d/element'
20:25:18.215 [AsyncHttpClient-1-3] DEBUG org.asynchttpclient.netty.handler.HttpHandler - 

Request DefaultHttpRequest(decodeResult: success, version: HTTP/1.1)
POST /session/f1ffc58d00f9230218939ed45090982d/element HTTP/1.1
User-Agent: selenium/4.1.4 (java windows)
Content-Length: 102
Content-Type: application/json; charset=utf-8
host: localhost:49374
accept: */*

Response DefaultHttpResponse(decodeResult: success, version: HTTP/1.1)
HTTP/1.1 200 OK
Content-Type: application/json; charset=utf-8
cache-control: no-cache
content-length: 88

20:25:18.215 [AsyncHttpClient-1-3] DEBUG org.asynchttpclient.netty.channel.ChannelManager - Adding key: http://localhost:49374 for channel [id: 0x119643f5, L:/127.0.0.1:51389 - R:localhost/127.0.0.1:49374]
20:25:18.217 [Forwarding clearElement on session f1ffc58d00f9230218939ed45090982d to remote] DEBUG org.asynchttpclient.netty.request.NettyRequestSender - Using pooled Channel '[id: 0x119643f5, L:/127.0.0.1:51389 - R:localhost/127.0.0.1:49374]' for 'POST' to 'http://localhost:49374/session/f1ffc58d00f9230218939ed45090982d/element/c5e07e87-fbd6-42d0-bbdc-b4bd71852f93/clear'
20:25:18.217 [Forwarding clearElement on session f1ffc58d00f9230218939ed45090982d to remote] DEBUG org.asynchttpclient.netty.request.NettyRequestSender - Using open Channel [id: 0x119643f5, L:/127.0.0.1:51389 - R:localhost/127.0.0.1:49374] for POST '/session/f1ffc58d00f9230218939ed45090982d/element/c5e07e87-fbd6-42d0-bbdc-b4bd71852f93/clear'
20:25:18.269 [AsyncHttpClient-1-3] DEBUG org.asynchttpclient.netty.handler.HttpHandler - 

Request DefaultHttpRequest(decodeResult: success, version: HTTP/1.1)
POST /session/f1ffc58d00f9230218939ed45090982d/element/c5e07e87-fbd6-42d0-bbdc-b4bd71852f93/clear HTTP/1.1
User-Agent: selenium/4.1.4 (java windows)
Content-Length: 50
Content-Type: application/json; charset=utf-8
host: localhost:49374
accept: */*

Response DefaultHttpResponse(decodeResult: success, version: HTTP/1.1)
HTTP/1.1 200 OK
Content-Type: application/json; charset=utf-8
cache-control: no-cache
content-length: 14

20:25:18.269 [AsyncHttpClient-1-3] DEBUG org.asynchttpclient.netty.channel.ChannelManager - Adding key: http://localhost:49374 for channel [id: 0x119643f5, L:/127.0.0.1:51389 - R:localhost/127.0.0.1:49374]
20:25:18.272 [Forwarding sendKeysToElement on session f1ffc58d00f9230218939ed45090982d to remote] DEBUG org.asynchttpclient.netty.request.NettyRequestSender - Using pooled Channel '[id: 0x119643f5, L:/127.0.0.1:51389 - R:localhost/127.0.0.1:49374]' for 'POST' to 'http://localhost:49374/session/f1ffc58d00f9230218939ed45090982d/element/c5e07e87-fbd6-42d0-bbdc-b4bd71852f93/value'
20:25:18.272 [Forwarding sendKeysToElement on session f1ffc58d00f9230218939ed45090982d to remote] DEBUG org.asynchttpclient.netty.request.NettyRequestSender - Using open Channel [id: 0x119643f5, L:/127.0.0.1:51389 - R:localhost/127.0.0.1:49374] for POST '/session/f1ffc58d00f9230218939ed45090982d/element/c5e07e87-fbd6-42d0-bbdc-b4bd71852f93/value'
20:25:18.428 [AsyncHttpClient-1-3] DEBUG org.asynchttpclient.netty.handler.HttpHandler - 

Request DefaultHttpRequest(decodeResult: success, version: HTTP/1.1)
POST /session/f1ffc58d00f9230218939ed45090982d/element/c5e07e87-fbd6-42d0-bbdc-b4bd71852f93/value HTTP/1.1
User-Agent: selenium/4.1.4 (java windows)
Content-Length: 171
Content-Type: application/json; charset=utf-8
host: localhost:49374
accept: */*

Response DefaultHttpResponse(decodeResult: success, version: HTTP/1.1)
HTTP/1.1 200 OK
Content-Type: application/json; charset=utf-8
cache-control: no-cache
content-length: 14

20:25:18.428 [AsyncHttpClient-1-3] DEBUG org.asynchttpclient.netty.channel.ChannelManager - Adding key: http://localhost:49374 for channel [id: 0x119643f5, L:/127.0.0.1:51389 - R:localhost/127.0.0.1:49374]
20:25:18.447 [Forwarding screenshot on session f1ffc58d00f9230218939ed45090982d to remote] DEBUG org.asynchttpclient.netty.request.NettyRequestSender - Using pooled Channel '[id: 0x119643f5, L:/127.0.0.1:51389 - R:localhost/127.0.0.1:49374]' for 'GET' to 'http://localhost:49374/session/f1ffc58d00f9230218939ed45090982d/screenshot'
20:25:18.447 [Forwarding screenshot on session f1ffc58d00f9230218939ed45090982d to remote] DEBUG org.asynchttpclient.netty.request.NettyRequestSender - Using open Channel [id: 0x119643f5, L:/127.0.0.1:51389 - R:localhost/127.0.0.1:49374] for GET '/session/f1ffc58d00f9230218939ed45090982d/screenshot'
20:25:18.638 [AsyncHttpClient-1-3] DEBUG org.asynchttpclient.netty.handler.HttpHandler - 

Request DefaultFullHttpRequest(decodeResult: success, version: HTTP/1.1, content: EmptyByteBufBE)
GET /session/f1ffc58d00f9230218939ed45090982d/screenshot HTTP/1.1
User-Agent: selenium/4.1.4 (java windows)
Cache-Control: no-cache
Content-Type: application/json; charset=utf-8
host: localhost:49374
accept: */*

Response DefaultHttpResponse(decodeResult: success, version: HTTP/1.1)
HTTP/1.1 200 OK
Content-Type: application/json; charset=utf-8
cache-control: no-cache
content-length: 119612

20:25:18.639 [AsyncHttpClient-1-3] DEBUG org.asynchttpclient.netty.channel.ChannelManager - Adding key: http://localhost:49374 for channel [id: 0x119643f5, L:/127.0.0.1:51389 - R:localhost/127.0.0.1:49374]
20:25:18.639 [main] DEBUG net.serenitybdd.core.photography.Darkroom - Send negative for processing for target\site\serenity\da8ef6241be325363d0e42addbd797b245d89faceaa78bce2f66c93070643e36.png
20:25:18.639 [main] DEBUG net.thucydides.core.steps.StepInterceptor - STEP DONE: inputDataCategory
20:25:18.639 [Darkroom Processing Line] DEBUG net.serenitybdd.core.photography.DarkroomProcessingLine - Processing screenshot image in /var/screenshots/screenshot-1525505058102603583
  &amp#27;[32mAnd &amp#27;[0m&amp#27;[32mInput data &amp#27;[0m&amp#27;[32m&amp#27;[1m"&%^%^*)%"&amp#27;[0m&amp#27;[32m category&amp#27;[0m                  &amp#27;[90m# starter.stepdefinitios.PatientDataSteps.inputDataCategory(java.lang.String)&amp#27;[0m
20:25:18.639 [Darkroom Processing Line] DEBUG net.serenitybdd.core.photography.DarkroomProcessingLine - Saving screenshot to target\site\serenity\da8ef6241be325363d0e42addbd797b245d89faceaa78bce2f66c93070643e36.png
20:25:19.214 [AsyncHttpClient-1-1] DEBUG org.asynchttpclient.netty.channel.DefaultChannelPool - Entry count for : http://localhost:49374 : 1
20:25:19.214 [AsyncHttpClient-1-1] DEBUG org.asynchttpclient.netty.channel.DefaultChannelPool - Entry count for : http://localhost:51390 : 1
20:25:20.323 [AsyncHttpClient-1-1] DEBUG org.asynchttpclient.netty.channel.DefaultChannelPool - Entry count for : http://localhost:49374 : 1
20:25:20.323 [AsyncHttpClient-1-1] DEBUG org.asynchttpclient.netty.channel.DefaultChannelPool - Entry count for : http://localhost:51390 : 1
20:25:20.680 [Forwarding screenshot on session f1ffc58d00f9230218939ed45090982d to remote] DEBUG org.asynchttpclient.netty.request.NettyRequestSender - Using pooled Channel '[id: 0x119643f5, L:/127.0.0.1:51389 - R:localhost/127.0.0.1:49374]' for 'GET' to 'http://localhost:49374/session/f1ffc58d00f9230218939ed45090982d/screenshot'
20:25:20.680 [Forwarding screenshot on session f1ffc58d00f9230218939ed45090982d to remote] DEBUG org.asynchttpclient.netty.request.NettyRequestSender - Using open Channel [id: 0x119643f5, L:/127.0.0.1:51389 - R:localhost/127.0.0.1:49374] for GET '/session/f1ffc58d00f9230218939ed45090982d/screenshot'
20:25:20.884 [AsyncHttpClient-1-3] DEBUG org.asynchttpclient.netty.handler.HttpHandler - 

Request DefaultFullHttpRequest(decodeResult: success, version: HTTP/1.1, content: EmptyByteBufBE)
GET /session/f1ffc58d00f9230218939ed45090982d/screenshot HTTP/1.1
User-Agent: selenium/4.1.4 (java windows)
Cache-Control: no-cache
Content-Type: application/json; charset=utf-8
host: localhost:49374
accept: */*

Response DefaultHttpResponse(decodeResult: success, version: HTTP/1.1)
HTTP/1.1 200 OK
Content-Type: application/json; charset=utf-8
cache-control: no-cache
content-length: 119612

20:25:20.885 [AsyncHttpClient-1-3] DEBUG org.asynchttpclient.netty.channel.ChannelManager - Adding key: http://localhost:49374 for channel [id: 0x119643f5, L:/127.0.0.1:51389 - R:localhost/127.0.0.1:49374]
20:25:20.888 [main] DEBUG net.serenitybdd.core.photography.Darkroom - Send negative for processing for target\site\serenity\da8ef6241be325363d0e42addbd797b245d89faceaa78bce2f66c93070643e36.png
20:25:20.894 [main] DEBUG net.thucydides.core.steps.StepInterceptor - STARTING STEP: ArsipJadwalSteps.validDataCategoryArchive - validPagePasien
20:25:20.897 [Forwarding findElement on session f1ffc58d00f9230218939ed45090982d to remote] DEBUG org.asynchttpclient.netty.request.NettyRequestSender - Using pooled Channel '[id: 0x119643f5, L:/127.0.0.1:51389 - R:localhost/127.0.0.1:49374]' for 'POST' to 'http://localhost:49374/session/f1ffc58d00f9230218939ed45090982d/element'
20:25:20.897 [Forwarding findElement on session f1ffc58d00f9230218939ed45090982d to remote] DEBUG org.asynchttpclient.netty.request.NettyRequestSender - Using open Channel [id: 0x119643f5, L:/127.0.0.1:51389 - R:localhost/127.0.0.1:49374] for POST '/session/f1ffc58d00f9230218939ed45090982d/element'
20:25:20.925 [AsyncHttpClient-1-3] DEBUG org.asynchttpclient.netty.handler.HttpHandler - 

Request DefaultHttpRequest(decodeResult: success, version: HTTP/1.1)
POST /session/f1ffc58d00f9230218939ed45090982d/element HTTP/1.1
User-Agent: selenium/4.1.4 (java windows)
Content-Length: 126
Content-Type: application/json; charset=utf-8
host: localhost:49374
accept: */*

Response DefaultHttpResponse(decodeResult: success, version: HTTP/1.1)
HTTP/1.1 200 OK
Content-Type: application/json; charset=utf-8
cache-control: no-cache
content-length: 88

20:25:20.926 [AsyncHttpClient-1-3] DEBUG org.asynchttpclient.netty.channel.ChannelManager - Adding key: http://localhost:49374 for channel [id: 0x119643f5, L:/127.0.0.1:51389 - R:localhost/127.0.0.1:49374]
20:25:20.928 [Forwarding isElementEnabled on session f1ffc58d00f9230218939ed45090982d to remote] DEBUG org.asynchttpclient.netty.request.NettyRequestSender - Using pooled Channel '[id: 0x119643f5, L:/127.0.0.1:51389 - R:localhost/127.0.0.1:49374]' for 'GET' to 'http://localhost:49374/session/f1ffc58d00f9230218939ed45090982d/element/e57a2372-d6cb-4347-967c-1879b81ac644/enabled'
20:25:20.928 [Forwarding isElementEnabled on session f1ffc58d00f9230218939ed45090982d to remote] DEBUG org.asynchttpclient.netty.request.NettyRequestSender - Using open Channel [id: 0x119643f5, L:/127.0.0.1:51389 - R:localhost/127.0.0.1:49374] for GET '/session/f1ffc58d00f9230218939ed45090982d/element/e57a2372-d6cb-4347-967c-1879b81ac644/enabled'
20:25:20.947 [AsyncHttpClient-1-3] DEBUG org.asynchttpclient.netty.handler.HttpHandler - 

Request DefaultFullHttpRequest(decodeResult: success, version: HTTP/1.1, content: EmptyByteBufBE)
GET /session/f1ffc58d00f9230218939ed45090982d/element/e57a2372-d6cb-4347-967c-1879b81ac644/enabled HTTP/1.1
User-Agent: selenium/4.1.4 (java windows)
Cache-Control: no-cache
Content-Type: application/json; charset=utf-8
host: localhost:49374
accept: */*

Response DefaultHttpResponse(decodeResult: success, version: HTTP/1.1)
HTTP/1.1 200 OK
Content-Type: application/json; charset=utf-8
cache-control: no-cache
content-length: 14

20:25:20.947 [AsyncHttpClient-1-3] DEBUG org.asynchttpclient.netty.channel.ChannelManager - Adding key: http://localhost:49374 for channel [id: 0x119643f5, L:/127.0.0.1:51389 - R:localhost/127.0.0.1:49374]
20:25:20.963 [Forwarding screenshot on session f1ffc58d00f9230218939ed45090982d to remote] DEBUG org.asynchttpclient.netty.request.NettyRequestSender - Using pooled Channel '[id: 0x119643f5, L:/127.0.0.1:51389 - R:localhost/127.0.0.1:49374]' for 'GET' to 'http://localhost:49374/session/f1ffc58d00f9230218939ed45090982d/screenshot'
20:25:20.963 [Forwarding screenshot on session f1ffc58d00f9230218939ed45090982d to remote] DEBUG org.asynchttpclient.netty.request.NettyRequestSender - Using open Channel [id: 0x119643f5, L:/127.0.0.1:51389 - R:localhost/127.0.0.1:49374] for GET '/session/f1ffc58d00f9230218939ed45090982d/screenshot'
20:25:21.184 [AsyncHttpClient-1-3] DEBUG org.asynchttpclient.netty.handler.HttpHandler - 

Request DefaultFullHttpRequest(decodeResult: success, version: HTTP/1.1, content: EmptyByteBufBE)
GET /session/f1ffc58d00f9230218939ed45090982d/screenshot HTTP/1.1
User-Agent: selenium/4.1.4 (java windows)
Cache-Control: no-cache
Content-Type: application/json; charset=utf-8
host: localhost:49374
accept: */*

Response DefaultHttpResponse(decodeResult: success, version: HTTP/1.1)
HTTP/1.1 200 OK
Content-Type: application/json; charset=utf-8
cache-control: no-cache
content-length: 119612

20:25:21.185 [AsyncHttpClient-1-3] DEBUG org.asynchttpclient.netty.channel.ChannelManager - Adding key: http://localhost:49374 for channel [id: 0x119643f5, L:/127.0.0.1:51389 - R:localhost/127.0.0.1:49374]
20:25:21.193 [main] DEBUG net.serenitybdd.core.photography.Darkroom - Send negative for processing for target\site\serenity\da8ef6241be325363d0e42addbd797b245d89faceaa78bce2f66c93070643e36.png
20:25:21.194 [main] DEBUG net.thucydides.core.steps.StepInterceptor - STEP DONE: validPagePasien
  &amp#27;[32mAnd &amp#27;[0m&amp#27;[32mValid data category archive&amp#27;[0m                     &amp#27;[90m# starter.stepdefinitios.ArsipJadwalSteps.validDataCategoryArchive()&amp#27;[0m
20:25:21.212 [AsyncHttpClient-1-5] DEBUG org.asynchttpclient.netty.handler.WebSocketHandler - Channel Closed: [id: 0x88cd90e6, L:/127.0.0.1:51397 ! R:localhost/127.0.0.1:51390] with attribute NettyResponseFuture{currentRetry=5,
	isDone=1,
	isCancelled=0,
	asyncHandler=org.asynchttpclient.ws.WebSocketUpgradeHandler@1b9d29fe,
	nettyRequest=org.asynchttpclient.netty.request.NettyRequest@7b808518,
	future=java.util.concurrent.CompletableFuture@2d94f4d4[Completed normally],
	uri=ws://localhost:51390/devtools/browser/39c43608-bb5c-4a92-8b4e-c1e4e65a7fc5,
	keepAlive=true,
	redirectCount=0,
	timeoutsHolder=null,
	inAuth=0,
	touch=1658064290900}
20:25:21.212 [AsyncHttpClient-1-5] DEBUG org.asynchttpclient.netty.channel.ChannelManager - Closing Channel [id: 0x88cd90e6, L:/127.0.0.1:51397 ! R:localhost/127.0.0.1:51390] 
20:25:21.213 [Driver Command Executor] DEBUG org.asynchttpclient.netty.request.NettyRequestSender - Using pooled Channel '[id: 0x119643f5, L:/127.0.0.1:51389 - R:localhost/127.0.0.1:49374]' for 'DELETE' to 'http://localhost:49374/session/f1ffc58d00f9230218939ed45090982d'
20:25:21.213 [Driver Command Executor] DEBUG org.asynchttpclient.netty.request.NettyRequestSender - Using open Channel [id: 0x119643f5, L:/127.0.0.1:51389 - R:localhost/127.0.0.1:49374] for DELETE '/session/f1ffc58d00f9230218939ed45090982d'
20:25:21.273 [AsyncHttpClient-1-4] DEBUG org.asynchttpclient.netty.handler.HttpHandler - Unexpected I/O exception on channel [id: 0x71e7a83a, L:/127.0.0.1:51396 - R:localhost/127.0.0.1:51390]
java.io.IOException: An existing connection was forcibly closed by the remote host
	at java.base/sun.nio.ch.SocketDispatcher.read0(Native Method)
	at java.base/sun.nio.ch.SocketDispatcher.read(SocketDispatcher.java:43)
	at java.base/sun.nio.ch.IOUtil.readIntoNativeBuffer(IOUtil.java:276)
	at java.base/sun.nio.ch.IOUtil.read(IOUtil.java:233)
	at java.base/sun.nio.ch.IOUtil.read(IOUtil.java:223)
	at java.base/sun.nio.ch.SocketChannelImpl.read(SocketChannelImpl.java:356)
	at io.netty.buffer.PooledByteBuf.setBytes(PooledByteBuf.java:258)
	at io.netty.buffer.AbstractByteBuf.writeBytes(AbstractByteBuf.java:1132)
	at io.netty.channel.socket.nio.NioSocketChannel.doReadBytes(NioSocketChannel.java:357)
	at io.netty.channel.nio.AbstractNioByteChannel$NioByteUnsafe.read(AbstractNioByteChannel.java:151)
	at io.netty.channel.nio.NioEventLoop.processSelectedKey(NioEventLoop.java:722)
	at io.netty.channel.nio.NioEventLoop.processSelectedKeysOptimized(NioEventLoop.java:658)
	at io.netty.channel.nio.NioEventLoop.processSelectedKeys(NioEventLoop.java:584)
	at io.netty.channel.nio.NioEventLoop.run(NioEventLoop.java:496)
	at io.netty.util.concurrent.SingleThreadEventExecutor$4.run(SingleThreadEventExecutor.java:986)
	at io.netty.util.internal.ThreadExecutorMap$2.run(ThreadExecutorMap.java:74)
	at io.netty.util.concurrent.FastThreadLocalRunnable.run(FastThreadLocalRunnable.java:30)
	at java.base/java.lang.Thread.run(Thread.java:829)
20:25:21.273 [AsyncHttpClient-1-4] DEBUG org.asynchttpclient.netty.channel.ChannelManager - Closing Channel [id: 0x71e7a83a, L:/127.0.0.1:51396 - R:localhost/127.0.0.1:51390] 
20:25:21.274 [AsyncHttpClient-1-4] DEBUG org.asynchttpclient.netty.handler.HttpHandler - Channel Closed: [id: 0x71e7a83a, L:/127.0.0.1:51396 ! R:localhost/127.0.0.1:51390] with attribute DISCARD
20:25:21.304 [AsyncHttpClient-1-3] DEBUG org.asynchttpclient.netty.handler.HttpHandler - 

Request DefaultFullHttpRequest(decodeResult: success, version: HTTP/1.1, content: EmptyByteBufBE)
DELETE /session/f1ffc58d00f9230218939ed45090982d HTTP/1.1
User-Agent: selenium/4.1.4 (java windows)
Content-Type: application/json; charset=utf-8
host: localhost:49374
accept: */*

Response DefaultHttpResponse(decodeResult: success, version: HTTP/1.1)
HTTP/1.1 200 OK
Content-Type: application/json; charset=utf-8
cache-control: no-cache
content-length: 14

20:25:21.304 [AsyncHttpClient-1-3] DEBUG org.asynchttpclient.netty.channel.ChannelManager - Adding key: http://localhost:49374 for channel [id: 0x119643f5, L:/127.0.0.1:51389 - R:localhost/127.0.0.1:49374]
20:25:21.374 [AsyncHttpClient-1-3] DEBUG org.asynchttpclient.netty.handler.HttpHandler - Channel Closed: [id: 0x119643f5, L:/127.0.0.1:51389 ! R:localhost/127.0.0.1:49374] with attribute DISCARD
20:25:21.399 [main] INFO  - 
  _____   ___   ___   _____     ___     _     ___   ___   ___   ___  
 |_   _| | __| / __| |_   _|   | _ \   /_\   / __| / __| | __| |   \ 
   | |   | _|  \__ \   | |     |  _/  / _ \  \__ \ \__ \ | _|  | |) |
   |_|   |___| |___/   |_|     |_|   /_/ \_\ |___/ |___/ |___| |___/ 

As a admin i want to search archive
----------------------------------------------------------------------
]]></system-out>
    <system-err><![CDATA[Starting ChromeDriver 103.0.5060.53 (a1711811edd74ff1cf2150f36ffa3b0dae40b17f-refs/branch-heads/5060@{#853}) on port 49374
Only local connections are allowed.
Please see https://chromedriver.chromium.org/security-considerations for suggestions on keeping ChromeDriver safe.
ChromeDriver was started successfully.
Jul 17, 2022 8:24:50 PM org.openqa.selenium.remote.ProtocolHandshake createSession
INFO: Detected dialect: W3C
Jul 17, 2022 8:24:50 PM org.openqa.selenium.devtools.CdpVersionFinder findNearestMatch
WARNING: Unable to find an exact match for CDP version 103, so returning the closest version found: 101
Jul 17, 2022 8:24:50 PM org.openqa.selenium.devtools.CdpVersionFinder findNearestMatch
INFO: Found CDP implementation for version 103 of 101
]]></system-err>
  </testcase>
</testsuite>