<?xml version="1.0" encoding="UTF-8"?>
<testsuite xmlns:xsi="http://www.w3.org/2001/XMLSchema-instance" xsi:noNamespaceSchemaLocation="https://maven.apache.org/surefire/maven-failsafe-plugin/xsd/failsafe-test-report-3.0.xsd" version="3.0" name="CucumberTestSuite" time="110.749" tests="7" errors="0" skipped="0" failures="0">
  <properties>
[...]
</properties>
  <testcase name="As a admin I login - kosong #1" classname="Login - Admin" time="21.774">
    <system-out><![CDATA[19:05:19.295 [main] INFO io.cucumber.core.plugin.SerenityReporter - Running feature from file:///C:/Alterra/CapstoneBaru/QE/TestingWebUpdate/src/test/resources/features/1Login.feature
19:05:19.489 [main] INFO  - 

-------------------------------------------------------------------------------------
     _______. _______ .______       _______ .__   __.  __  .___________.____    ____ 
    /       ||   ____||   _  \     |   ____||  \ |  | |  | |           |\   \  /   / 
   |   (----`|  |__   |  |_)  |    |  |__   |   \|  | |  | `---|  |----` \   \/   /  
    \   \    |   __|  |      /     |   __|  |  . `  | |  |     |  |       \_    _/   
.----)   |   |  |____ |  |\  \----.|  |____ |  |\   | |  |     |  |         |  |     
|_______/    |_______|| _| `._____||_______||__| \__| |__|     |__|         |__|    
                                                                                     
 News and tutorials at http://www.serenity-bdd.info                                  
 Documentation at https://wakaleo.gitbooks.io/the-serenity-book/content/             
 Join the Serenity Community on Gitter: https://gitter.im/serenity-bdd/serenity-core 
 Serenity BDD Support and Training at http://serenity-bdd.info/#/trainingandsupport  
-------------------------------------------------------------------------------------

19:05:19.494 [main] DEBUG net.thucydides.core.steps.StepEventBus - Test suite started for story net.thucydides.core.model.Story@c08956d5
19:05:19.497 [main] INFO  - Test Suite Started: Login - Admin
19:05:19.512 [main] INFO io.cucumber.core.plugin.SerenityReporter - Running feature from file:///C:/Alterra/CapstoneBaru/QE/TestingWebUpdate/src/test/resources/features/2LogOut.feature
19:05:19.516 [main] DEBUG net.thucydides.core.steps.StepEventBus - Test suite started for story net.thucydides.core.model.Story@3f0256d1
19:05:19.516 [main] INFO  - Test Suite Started: LogOut Acount - Admin
19:05:19.516 [main] INFO io.cucumber.core.plugin.SerenityReporter - Running feature from file:///C:/Alterra/CapstoneBaru/QE/TestingWebUpdate/src/test/resources/features/4DataPasien.feature
19:05:19.539 [main] DEBUG net.thucydides.core.steps.StepEventBus - Test suite started for story net.thucydides.core.model.Story@b5b91de1
19:05:19.539 [main] INFO  - Test Suite Started: Data Pasien - Admin
19:05:19.539 [main] INFO io.cucumber.core.plugin.SerenityReporter - Running feature from file:///C:/Alterra/CapstoneBaru/QE/TestingWebUpdate/src/test/resources/features/6ArsipJadwal.feature
19:05:19.563 [main] DEBUG net.thucydides.core.steps.StepEventBus - Test suite started for story net.thucydides.core.model.Story@49b25d95
19:05:19.563 [main] INFO  - Test Suite Started: Arsip jadwal - admin
19:05:19.563 [main] INFO io.cucumber.core.plugin.SerenityReporter - Running feature from file:///C:/Alterra/CapstoneBaru/QE/TestingWebUpdate/src/test/resources/features/AddDataDokter.feature
19:05:19.579 [main] DEBUG net.thucydides.core.steps.StepEventBus - Test suite started for story net.thucydides.core.model.Story@f27570ba
19:05:19.580 [main] INFO  - Test Suite Started: Add Data Dokter - Admin
19:05:19.580 [main] INFO io.cucumber.core.plugin.SerenityReporter - Running feature from file:///C:/Alterra/CapstoneBaru/QE/TestingWebUpdate/src/test/resources/features/AddDataPasien.feature
19:05:19.595 [main] DEBUG net.thucydides.core.steps.StepEventBus - Test suite started for story net.thucydides.core.model.Story@2ed0929a
19:05:19.596 [main] INFO  - Test Suite Started: Add Data Pasien - Admin
19:05:19.596 [main] INFO io.cucumber.core.plugin.SerenityReporter - Running feature from file:///C:/Alterra/CapstoneBaru/QE/TestingWebUpdate/src/test/resources/features/AddKelolaJadwal.feature
19:05:19.603 [main] DEBUG net.thucydides.core.steps.StepEventBus - Test suite started for story net.thucydides.core.model.Story@346b43ca
19:05:19.603 [main] INFO  - Test Suite Started: Add Kelola Jadwal - Admin
19:05:19.603 [main] INFO io.cucumber.core.plugin.SerenityReporter - Running feature from file:///C:/Alterra/CapstoneBaru/QE/TestingWebUpdate/src/test/resources/features/DeleteDataDokter.feature
19:05:19.615 [main] DEBUG net.thucydides.core.steps.StepEventBus - Test suite started for story net.thucydides.core.model.Story@f29440ba
19:05:19.615 [main] INFO  - Test Suite Started: Delete Data Dokter - Admin
19:05:19.615 [main] INFO io.cucumber.core.plugin.SerenityReporter - Running feature from file:///C:/Alterra/CapstoneBaru/QE/TestingWebUpdate/src/test/resources/features/DeleteDataPasien.feature
19:05:19.621 [main] DEBUG net.thucydides.core.steps.StepEventBus - Test suite started for story net.thucydides.core.model.Story@2eef629a
19:05:19.623 [main] INFO  - Test Suite Started: Delete Data Pasien - Admin
19:05:19.623 [main] INFO io.cucumber.core.plugin.SerenityReporter - Running feature from file:///C:/Alterra/CapstoneBaru/QE/TestingWebUpdate/src/test/resources/features/DetailDataDokter.feature
19:05:19.629 [main] DEBUG net.thucydides.core.steps.StepEventBus - Test suite started for story net.thucydides.core.model.Story@4f1566fa
19:05:19.630 [main] INFO  - Test Suite Started: Detail Data Dokter - Admin
19:05:19.630 [main] INFO io.cucumber.core.plugin.SerenityReporter - Running feature from file:///C:/Alterra/CapstoneBaru/QE/TestingWebUpdate/src/test/resources/features/DetailDataPasien.feature
19:05:19.634 [main] DEBUG net.thucydides.core.steps.StepEventBus - Test suite started for story net.thucydides.core.model.Story@8b7088da
19:05:19.634 [main] INFO  - Test Suite Started: Detail Data Pasien - Admin
19:05:19.634 [main] INFO io.cucumber.core.plugin.SerenityReporter - Running feature from file:///C:/Alterra/CapstoneBaru/QE/TestingWebUpdate/src/test/resources/features/DetailDataReviewArsipJadwal.feature
19:05:19.634 [main] DEBUG net.thucydides.core.steps.StepEventBus - Test suite started for story net.thucydides.core.model.Story@8abb42ff
19:05:19.634 [main] INFO  - Test Suite Started: Detail Review Arsip Jadwal - Admin
19:05:19.634 [main] INFO io.cucumber.core.plugin.SerenityReporter - Running feature from file:///C:/Alterra/CapstoneBaru/QE/TestingWebUpdate/src/test/resources/features/EditDataDokter.feature
19:05:19.649 [main] DEBUG net.thucydides.core.steps.StepEventBus - Test suite started for story net.thucydides.core.model.Story@44a0505a
19:05:19.649 [main] INFO  - Test Suite Started: Edit Data Dokter - Admin
19:05:19.649 [main] INFO io.cucumber.core.plugin.SerenityReporter - Running feature from file:///C:/Alterra/CapstoneBaru/QE/TestingWebUpdate/src/test/resources/features/EditDataPasien.feature
19:05:19.655 [main] DEBUG net.thucydides.core.steps.StepEventBus - Test suite started for story net.thucydides.core.model.Story@80fb723a
19:05:19.657 [main] INFO  - Test Suite Started: Edit Data Pasien - Admin
19:05:19.657 [main] INFO io.cucumber.core.plugin.SerenityReporter - Running feature from file:///C:/Alterra/CapstoneBaru/QE/TestingWebUpdate/src/test/resources/features/SearchArsipJadwal.feature
19:05:19.664 [main] DEBUG net.thucydides.core.steps.StepEventBus - Test suite started for story net.thucydides.core.model.Story@4d12b45e
19:05:19.665 [main] INFO  - Test Suite Started: Search Arsip Jadwal - Admin
19:05:19.665 [main] INFO io.cucumber.core.plugin.SerenityReporter - Running feature from file:///C:/Alterra/CapstoneBaru/QE/TestingWebUpdate/src/test/resources/features/SearchDataDokter.feature
19:05:19.670 [main] DEBUG net.thucydides.core.steps.StepEventBus - Test suite started for story net.thucydides.core.model.Story@b9f7eb9a
19:05:19.670 [main] INFO  - Test Suite Started: Search Data Dokter - Admin
19:05:19.670 [main] INFO io.cucumber.core.plugin.SerenityReporter - Running feature from file:///C:/Alterra/CapstoneBaru/QE/TestingWebUpdate/src/test/resources/features/SearchDataPasien.feature
19:05:19.676 [main] DEBUG net.thucydides.core.steps.StepEventBus - Test suite started for story net.thucydides.core.model.Story@f6530d7a
19:05:19.676 [main] INFO  - Test Suite Started: Search Data Pasien - Admin
19:05:19.676 [main] INFO io.cucumber.core.plugin.SerenityReporter - Running feature from file:///C:/Alterra/CapstoneBaru/QE/TestingWebUpdate/src/test/resources/features/SearchKelolaJadwal.feature
19:05:19.687 [main] DEBUG net.thucydides.core.steps.StepEventBus - Test suite started for story net.thucydides.core.model.Story@253a86aa
19:05:19.688 [main] INFO  - Test Suite Started: Search Kelola Jadwal - Admin
19:05:19.688 [main] INFO io.cucumber.core.plugin.SerenityReporter - Running feature from file:///C:/Alterra/CapstoneBaru/QE/TestingWebUpdate/src/test/resources/features/ViewArsipJadwal.feature
19:05:19.688 [main] DEBUG net.thucydides.core.steps.StepEventBus - Test suite started for story net.thucydides.core.model.Story@cccefd7e
19:05:19.688 [main] INFO  - Test Suite Started: View Arsip Jadwal - Admin
19:05:19.688 [main] INFO io.cucumber.core.plugin.SerenityReporter - Running feature from file:///C:/Alterra/CapstoneBaru/QE/TestingWebUpdate/src/test/resources/features/ViewDataDokter.feature
19:05:19.696 [main] DEBUG net.thucydides.core.steps.StepEventBus - Test suite started for story net.thucydides.core.model.Story@5afdfe7a
19:05:19.696 [main] INFO  - Test Suite Started: View Data Dokter - Admin
19:05:19.696 [main] INFO io.cucumber.core.plugin.SerenityReporter - Running feature from file:///C:/Alterra/CapstoneBaru/QE/TestingWebUpdate/src/test/resources/features/ViewDataPasien.feature
19:05:19.700 [main] DEBUG net.thucydides.core.steps.StepEventBus - Test suite started for story net.thucydides.core.model.Story@9759205a
19:05:19.702 [main] INFO  - Test Suite Started: View Data Pasien - Admin
19:05:19.702 [main] INFO io.cucumber.core.plugin.SerenityReporter - Running feature from file:///C:/Alterra/CapstoneBaru/QE/TestingWebUpdate/src/test/resources/features/ViewKelolaJadwal.feature
19:05:19.706 [main] DEBUG net.thucydides.core.steps.StepEventBus - Test suite started for story net.thucydides.core.model.Story@9d07618a
19:05:19.707 [main] INFO  - Test Suite Started: View Kelola Jadwal - Admin
19:05:19.707 [main] INFO io.cucumber.core.plugin.SerenityReporter - Running feature from file:///C:/Alterra/CapstoneBaru/QE/TestingWebUpdate/src/test/resources/features/1Login.feature
19:05:19.710 [main] DEBUG net.thucydides.core.steps.StepEventBus - Test suite started for story net.thucydides.core.model.Story@c08956d5
19:05:19.710 [main] INFO  - Test Suite Started: Login - Admin

@Login111 @LoginAdminKosong
Scenario Outline: As a admin I login - kosong &amp#27;[90m# src/test/resources/features/1Login.feature:13&amp#27;[0m
19:05:19.870 [main] INFO io.cucumber.core.plugin.SerenityReporter - Running feature from file:///C:/Alterra/CapstoneBaru/QE/TestingWebUpdate/src/test/resources/features/1Login.feature
19:05:20.027 [main] INFO  - 
  _____   ___   ___   _____     ___   _____     _     ___   _____   ___   ___  
 |_   _| | __| / __| |_   _|   / __| |_   _|   /_\   | _ \ |_   _| | __| |   \ 
   | |   | _|  \__ \   | |     \__ \   | |    / _ \  |   /   | |   | _|  | |) |
   |_|   |___| |___/   |_|     |___/   |_|   /_/ \_\ |_|_\   |_|   |___| |___/ 

As a admin I login - kosong(login---admin;as-a-admin-i-login---kosong)
--------------------------------------------------------------------------------
19:05:21.236 [main] DEBUG net.thucydides.core.steps.StepInterceptor - STARTING STEP: LoginSteps.openLoginPage - openLogin
19:05:21.283 [main] INFO net.serenitybdd.core.webdriver.driverproviders.ChromeDriverProvider - Using automatically driver download
19:05:22.399 [main] DEBUG io.github.bonigarcia.wdm.cache.ResolutionCache - Removing resolution chrome=103 from cache (expired on Sun Jul 17 18:54:33 ICT 2022)
19:05:22.418 [main] DEBUG org.apache.hc.client5.http.impl.classic.InternalHttpClient - ex-00000001: preparing request execution
19:05:22.440 [main] DEBUG org.apache.hc.client5.http.protocol.RequestAddCookies - Cookie spec selected: strict
19:05:22.450 [main] DEBUG org.apache.hc.client5.http.protocol.RequestAuthCache - Auth cache not set in the context
19:05:22.450 [main] DEBUG org.apache.hc.client5.http.impl.classic.ProtocolExec - ex-00000001: target auth state: UNCHALLENGED
19:05:22.451 [main] DEBUG org.apache.hc.client5.http.impl.classic.ProtocolExec - ex-00000001: proxy auth state: UNCHALLENGED
19:05:22.451 [main] DEBUG org.apache.hc.client5.http.impl.classic.ConnectExec - ex-00000001: acquiring connection with route {s}->https://raw.githubusercontent.com:443
19:05:22.452 [main] DEBUG org.apache.hc.client5.http.impl.classic.InternalHttpClient - ex-00000001: acquiring endpoint (3 MINUTES)
19:05:22.453 [main] DEBUG org.apache.hc.client5.http.impl.io.PoolingHttpClientConnectionManager - ex-00000001: endpoint lease request (3 MINUTES) [route: {s}->https://raw.githubusercontent.com:443][total available: 0; route allocated: 0 of 5; total allocated: 0 of 25]
19:05:22.461 [main] DEBUG org.apache.hc.client5.http.impl.io.PoolingHttpClientConnectionManager - ex-00000001: endpoint leased [route: {s}->https://raw.githubusercontent.com:443][total available: 0; route allocated: 1 of 5; total allocated: 1 of 25]
19:05:22.470 [main] DEBUG org.apache.hc.client5.http.impl.io.PoolingHttpClientConnectionManager - ex-00000001: acquired ep-00000000
19:05:22.470 [main] DEBUG org.apache.hc.client5.http.impl.classic.InternalHttpClient - ex-00000001: acquired endpoint ep-00000000
19:05:22.470 [main] DEBUG org.apache.hc.client5.http.impl.classic.ConnectExec - ex-00000001: opening connection {s}->https://raw.githubusercontent.com:443
19:05:22.470 [main] DEBUG org.apache.hc.client5.http.impl.classic.InternalHttpClient - ep-00000000: connecting endpoint (30 SECONDS)
19:05:22.470 [main] DEBUG org.apache.hc.client5.http.impl.io.PoolingHttpClientConnectionManager - ep-00000000: connecting endpoint to https://raw.githubusercontent.com:443 (30 SECONDS)
19:05:22.503 [main] DEBUG org.apache.hc.client5.http.impl.io.DefaultHttpClientConnectionOperator - http-outgoing-0: connecting to raw.githubusercontent.com/185.199.108.133:443
19:05:22.503 [main] DEBUG org.apache.hc.client5.http.ssl.SSLConnectionSocketFactory - Connecting socket to raw.githubusercontent.com/185.199.108.133:443 with timeout 30 SECONDS
19:05:22.590 [main] DEBUG org.apache.hc.client5.http.ssl.SSLConnectionSocketFactory - Enabled protocols: [TLSv1.3, TLSv1.2]
19:05:22.590 [main] DEBUG org.apache.hc.client5.http.ssl.SSLConnectionSocketFactory - Enabled cipher suites: [TLS_AES_256_GCM_SHA384, TLS_AES_128_GCM_SHA256, TLS_CHACHA20_POLY1305_SHA256, TLS_ECDHE_ECDSA_WITH_AES_256_GCM_SHA384, TLS_ECDHE_ECDSA_WITH_AES_128_GCM_SHA256, TLS_ECDHE_ECDSA_WITH_CHACHA20_POLY1305_SHA256, TLS_ECDHE_RSA_WITH_AES_256_GCM_SHA384, TLS_ECDHE_RSA_WITH_CHACHA20_POLY1305_SHA256, TLS_ECDHE_RSA_WITH_AES_128_GCM_SHA256, TLS_DHE_RSA_WITH_AES_256_GCM_SHA384, TLS_DHE_RSA_WITH_CHACHA20_POLY1305_SHA256, TLS_DHE_DSS_WITH_AES_256_GCM_SHA384, TLS_DHE_RSA_WITH_AES_128_GCM_SHA256, TLS_DHE_DSS_WITH_AES_128_GCM_SHA256, TLS_ECDHE_ECDSA_WITH_AES_256_CBC_SHA384, TLS_ECDHE_RSA_WITH_AES_256_CBC_SHA384, TLS_ECDHE_ECDSA_WITH_AES_128_CBC_SHA256, TLS_ECDHE_RSA_WITH_AES_128_CBC_SHA256, TLS_DHE_RSA_WITH_AES_256_CBC_SHA256, TLS_DHE_DSS_WITH_AES_256_CBC_SHA256, TLS_DHE_RSA_WITH_AES_128_CBC_SHA256, TLS_DHE_DSS_WITH_AES_128_CBC_SHA256, TLS_ECDH_ECDSA_WITH_AES_256_GCM_SHA384, TLS_ECDH_RSA_WITH_AES_256_GCM_SHA384, TLS_ECDH_ECDSA_WITH_AES_128_GCM_SHA256, TLS_ECDH_RSA_WITH_AES_128_GCM_SHA256, TLS_ECDH_ECDSA_WITH_AES_256_CBC_SHA384, TLS_ECDH_RSA_WITH_AES_256_CBC_SHA384, TLS_ECDH_ECDSA_WITH_AES_128_CBC_SHA256, TLS_ECDH_RSA_WITH_AES_128_CBC_SHA256, TLS_ECDHE_ECDSA_WITH_AES_256_CBC_SHA, TLS_ECDHE_RSA_WITH_AES_256_CBC_SHA, TLS_ECDHE_ECDSA_WITH_AES_128_CBC_SHA, TLS_ECDHE_RSA_WITH_AES_128_CBC_SHA, TLS_DHE_RSA_WITH_AES_256_CBC_SHA, TLS_DHE_DSS_WITH_AES_256_CBC_SHA, TLS_DHE_RSA_WITH_AES_128_CBC_SHA, TLS_DHE_DSS_WITH_AES_128_CBC_SHA, TLS_ECDH_ECDSA_WITH_AES_256_CBC_SHA, TLS_ECDH_RSA_WITH_AES_256_CBC_SHA, TLS_ECDH_ECDSA_WITH_AES_128_CBC_SHA, TLS_ECDH_RSA_WITH_AES_128_CBC_SHA, TLS_RSA_WITH_AES_256_GCM_SHA384, TLS_RSA_WITH_AES_128_GCM_SHA256, TLS_RSA_WITH_AES_256_CBC_SHA256, TLS_RSA_WITH_AES_128_CBC_SHA256, TLS_RSA_WITH_AES_256_CBC_SHA, TLS_RSA_WITH_AES_128_CBC_SHA, TLS_EMPTY_RENEGOTIATION_INFO_SCSV]
19:05:22.590 [main] DEBUG org.apache.hc.client5.http.ssl.SSLConnectionSocketFactory - Starting handshake
19:05:22.825 [main] DEBUG org.apache.hc.client5.http.ssl.SSLConnectionSocketFactory - Secure session established
19:05:22.825 [main] DEBUG org.apache.hc.client5.http.ssl.SSLConnectionSocketFactory -  negotiated protocol: TLSv1.3
19:05:22.825 [main] DEBUG org.apache.hc.client5.http.ssl.SSLConnectionSocketFactory -  negotiated cipher suite: TLS_AES_256_GCM_SHA384
19:05:22.825 [main] DEBUG org.apache.hc.client5.http.ssl.SSLConnectionSocketFactory -  peer principal: CN=*.github.io, O="GitHub, Inc.", L=San Francisco, ST=California, C=US
19:05:22.849 [main] DEBUG org.apache.hc.client5.http.ssl.SSLConnectionSocketFactory -  peer alternative names: [*.github.io, github.com, *.github.com, www.github.com, github.io, githubusercontent.com, *.githubusercontent.com]
19:05:22.849 [main] DEBUG org.apache.hc.client5.http.ssl.SSLConnectionSocketFactory -  issuer principal: CN=DigiCert TLS RSA SHA256 2020 CA1, O=DigiCert Inc, C=US
19:05:22.849 [main] DEBUG org.apache.hc.client5.http.impl.io.DefaultHttpClientConnectionOperator - http-outgoing-0: connection established 192.168.100.42:50350<->185.199.108.133:443
19:05:22.849 [main] DEBUG org.apache.hc.client5.http.impl.io.PoolingHttpClientConnectionManager - ep-00000000: connected http-outgoing-0
19:05:22.849 [main] DEBUG org.apache.hc.client5.http.impl.classic.InternalHttpClient - ep-00000000: endpoint connected
19:05:22.849 [main] DEBUG org.apache.hc.client5.http.impl.classic.MainClientExec - ex-00000001: executing GET /bonigarcia/webdrivermanager/master/src/main/resources/commands.properties HTTP/1.1
19:05:22.849 [main] DEBUG org.apache.hc.client5.http.impl.classic.InternalHttpClient - ep-00000000: start execution ex-00000001
19:05:22.849 [main] DEBUG org.apache.hc.client5.http.impl.io.PoolingHttpClientConnectionManager - ep-00000000: executing exchange ex-00000001 over http-outgoing-0
19:05:22.849 [main] DEBUG org.apache.hc.client5.http.headers - http-outgoing-0 >> GET /bonigarcia/webdrivermanager/master/src/main/resources/commands.properties HTTP/1.1
19:05:22.849 [main] DEBUG org.apache.hc.client5.http.headers - http-outgoing-0 >> user-agent: Apache-HttpClient/5.0
19:05:22.849 [main] DEBUG org.apache.hc.client5.http.headers - http-outgoing-0 >> accept-encoding: gzip, deflate, br
19:05:22.849 [main] DEBUG org.apache.hc.client5.http.headers - http-outgoing-0 >> cache-control: max-age=0
19:05:22.849 [main] DEBUG org.apache.hc.client5.http.headers - http-outgoing-0 >> connection: keep-alive
19:05:22.849 [main] DEBUG org.apache.hc.client5.http.headers - http-outgoing-0 >> Host: raw.githubusercontent.com
19:05:22.849 [main] DEBUG org.apache.hc.client5.http.wire - http-outgoing-0 >> "GET /bonigarcia/webdrivermanager/master/src/main/resources/commands.properties HTTP/1.1[\r][\n]"
19:05:22.849 [main] DEBUG org.apache.hc.client5.http.wire - http-outgoing-0 >> "user-agent: Apache-HttpClient/5.0[\r][\n]"
19:05:22.849 [main] DEBUG org.apache.hc.client5.http.wire - http-outgoing-0 >> "accept-encoding: gzip, deflate, br[\r][\n]"
19:05:22.849 [main] DEBUG org.apache.hc.client5.http.wire - http-outgoing-0 >> "cache-control: max-age=0[\r][\n]"
19:05:22.849 [main] DEBUG org.apache.hc.client5.http.wire - http-outgoing-0 >> "connection: keep-alive[\r][\n]"
19:05:22.849 [main] DEBUG org.apache.hc.client5.http.wire - http-outgoing-0 >> "Host: raw.githubusercontent.com[\r][\n]"
19:05:22.849 [main] DEBUG org.apache.hc.client5.http.wire - http-outgoing-0 >> "[\r][\n]"
19:05:22.899 [main] DEBUG org.apache.hc.client5.http.wire - http-outgoing-0 << "HTTP/1.1 200 OK[\r][\n]"
19:05:22.899 [main] DEBUG org.apache.hc.client5.http.wire - http-outgoing-0 << "Connection: keep-alive[\r][\n]"
19:05:22.899 [main] DEBUG org.apache.hc.client5.http.wire - http-outgoing-0 << "Content-Length: 723[\r][\n]"
19:05:22.899 [main] DEBUG org.apache.hc.client5.http.wire - http-outgoing-0 << "Cache-Control: max-age=300[\r][\n]"
19:05:22.899 [main] DEBUG org.apache.hc.client5.http.wire - http-outgoing-0 << "Content-Security-Policy: default-src 'none'; style-src 'unsafe-inline'; sandbox[\r][\n]"
19:05:22.899 [main] DEBUG org.apache.hc.client5.http.wire - http-outgoing-0 << "Content-Type: text/plain; charset=utf-8[\r][\n]"
19:05:22.900 [main] DEBUG org.apache.hc.client5.http.wire - http-outgoing-0 << "ETag: W/"e82b438271e9e8680c688b0b680efd0bdd22faa6d6f0a32fc1fd8accc486b67e"[\r][\n]"
19:05:22.900 [main] DEBUG org.apache.hc.client5.http.wire - http-outgoing-0 << "Strict-Transport-Security: max-age=31536000[\r][\n]"
19:05:22.900 [main] DEBUG org.apache.hc.client5.http.wire - http-outgoing-0 << "X-Content-Type-Options: nosniff[\r][\n]"
19:05:22.900 [main] DEBUG org.apache.hc.client5.http.wire - http-outgoing-0 << "X-Frame-Options: deny[\r][\n]"
19:05:22.900 [main] DEBUG org.apache.hc.client5.http.wire - http-outgoing-0 << "X-XSS-Protection: 1; mode=block[\r][\n]"
19:05:22.900 [main] DEBUG org.apache.hc.client5.http.wire - http-outgoing-0 << "X-GitHub-Request-Id: 8C88:0B5B:52CD10:70F5C6:62CA17D0[\r][\n]"
19:05:22.900 [main] DEBUG org.apache.hc.client5.http.wire - http-outgoing-0 << "Content-Encoding: gzip[\r][\n]"
19:05:22.900 [main] DEBUG org.apache.hc.client5.http.wire - http-outgoing-0 << "Accept-Ranges: bytes[\r][\n]"
19:05:22.901 [main] DEBUG org.apache.hc.client5.http.wire - http-outgoing-0 << "Date: Sun, 17 Jul 2022 12:09:06 GMT[\r][\n]"
19:05:22.901 [main] DEBUG org.apache.hc.client5.http.wire - http-outgoing-0 << "Via: 1.1 varnish[\r][\n]"
19:05:22.901 [main] DEBUG org.apache.hc.client5.http.wire - http-outgoing-0 << "X-Served-By: cache-qpg1241-QPG[\r][\n]"
19:05:22.901 [main] DEBUG org.apache.hc.client5.http.wire - http-outgoing-0 << "X-Cache: HIT[\r][\n]"
19:05:22.901 [main] DEBUG org.apache.hc.client5.http.wire - http-outgoing-0 << "X-Cache-Hits: 1[\r][\n]"
19:05:22.901 [main] DEBUG org.apache.hc.client5.http.wire - http-outgoing-0 << "X-Timer: S1658059746.280694,VS0,VE1[\r][\n]"
19:05:22.901 [main] DEBUG org.apache.hc.client5.http.wire - http-outgoing-0 << "Vary: Authorization,Accept-Encoding,Origin[\r][\n]"
19:05:22.901 [main] DEBUG org.apache.hc.client5.http.wire - http-outgoing-0 << "Access-Control-Allow-Origin: *[\r][\n]"
19:05:22.901 [main] DEBUG org.apache.hc.client5.http.wire - http-outgoing-0 << "X-Fastly-Request-ID: 4fff1871058e0d9c9a51c5628c68c29e51141f74[\r][\n]"
19:05:22.901 [main] DEBUG org.apache.hc.client5.http.wire - http-outgoing-0 << "Expires: Sun, 17 Jul 2022 12:14:06 GMT[\r][\n]"
19:05:22.901 [main] DEBUG org.apache.hc.client5.http.wire - http-outgoing-0 << "Source-Age: 94[\r][\n]"
19:05:22.903 [main] DEBUG org.apache.hc.client5.http.wire - http-outgoing-0 << "[\r][\n]"
19:05:22.910 [main] DEBUG org.apache.hc.client5.http.headers - http-outgoing-0 << HTTP/1.1 200 OK
19:05:22.910 [main] DEBUG org.apache.hc.client5.http.headers - http-outgoing-0 << Connection: keep-alive
19:05:22.910 [main] DEBUG org.apache.hc.client5.http.headers - http-outgoing-0 << Content-Length: 723
19:05:22.910 [main] DEBUG org.apache.hc.client5.http.headers - http-outgoing-0 << Cache-Control: max-age=300
19:05:22.911 [main] DEBUG org.apache.hc.client5.http.headers - http-outgoing-0 << Content-Security-Policy: default-src 'none'; style-src 'unsafe-inline'; sandbox
19:05:22.911 [main] DEBUG org.apache.hc.client5.http.headers - http-outgoing-0 << Content-Type: text/plain; charset=utf-8
19:05:22.911 [main] DEBUG org.apache.hc.client5.http.headers - http-outgoing-0 << ETag: W/"e82b438271e9e8680c688b0b680efd0bdd22faa6d6f0a32fc1fd8accc486b67e"
19:05:22.911 [main] DEBUG org.apache.hc.client5.http.headers - http-outgoing-0 << Strict-Transport-Security: max-age=31536000
19:05:22.911 [main] DEBUG org.apache.hc.client5.http.headers - http-outgoing-0 << X-Content-Type-Options: nosniff
19:05:22.911 [main] DEBUG org.apache.hc.client5.http.headers - http-outgoing-0 << X-Frame-Options: deny
19:05:22.911 [main] DEBUG org.apache.hc.client5.http.headers - http-outgoing-0 << X-XSS-Protection: 1; mode=block
19:05:22.911 [main] DEBUG org.apache.hc.client5.http.headers - http-outgoing-0 << X-GitHub-Request-Id: 8C88:0B5B:52CD10:70F5C6:62CA17D0
19:05:22.911 [main] DEBUG org.apache.hc.client5.http.headers - http-outgoing-0 << Content-Encoding: gzip
19:05:22.911 [main] DEBUG org.apache.hc.client5.http.headers - http-outgoing-0 << Accept-Ranges: bytes
19:05:22.911 [main] DEBUG org.apache.hc.client5.http.headers - http-outgoing-0 << Date: Sun, 17 Jul 2022 12:09:06 GMT
19:05:22.911 [main] DEBUG org.apache.hc.client5.http.headers - http-outgoing-0 << Via: 1.1 varnish
19:05:22.911 [main] DEBUG org.apache.hc.client5.http.headers - http-outgoing-0 << X-Served-By: cache-qpg1241-QPG
19:05:22.911 [main] DEBUG org.apache.hc.client5.http.headers - http-outgoing-0 << X-Cache: HIT
19:05:22.911 [main] DEBUG org.apache.hc.client5.http.headers - http-outgoing-0 << X-Cache-Hits: 1
19:05:22.912 [main] DEBUG org.apache.hc.client5.http.headers - http-outgoing-0 << X-Timer: S1658059746.280694,VS0,VE1
19:05:22.912 [main] DEBUG org.apache.hc.client5.http.headers - http-outgoing-0 << Vary: Authorization,Accept-Encoding,Origin
19:05:22.912 [main] DEBUG org.apache.hc.client5.http.headers - http-outgoing-0 << Access-Control-Allow-Origin: *
19:05:22.912 [main] DEBUG org.apache.hc.client5.http.headers - http-outgoing-0 << X-Fastly-Request-ID: 4fff1871058e0d9c9a51c5628c68c29e51141f74
19:05:22.912 [main] DEBUG org.apache.hc.client5.http.headers - http-outgoing-0 << Expires: Sun, 17 Jul 2022 12:14:06 GMT
19:05:22.912 [main] DEBUG org.apache.hc.client5.http.headers - http-outgoing-0 << Source-Age: 94
19:05:22.917 [main] DEBUG org.apache.hc.client5.http.impl.classic.MainClientExec - ex-00000001: connection can be kept alive for 3 MINUTES
19:05:22.917 [main] DEBUG org.apache.hc.client5.http.wire - http-outgoing-0 << "[0x1f][0xffffff8b][0x8][0x0][0x0][0x0][0x0][0x0][0x0][0x3][0xffffffb5]V]o[0xffffffda]0[0x14]}[0xffffffe7]W\[0xffffff81]*[0xffffffb5][0x12][0x1f][[M[0xffffffd3]$[0x1e]hF[0xffffffbb]i [0x18][0xffffffb4][0xffffffdd]&[0xfffffff9][0xffffffc5]$7[0xffffffc1]R[0x12]#;[0xffffff94]v[0xffffffbf]~[0xffffffb6][0xfffffff3]1[0xffffff92][0xffffff9a][0xffffffc1][0x1a]x[0xffffffcb][0xffffffb5][0xffffffaf][0xffffffcf]9[0xffffffbe][0xfffffff7]8v[0xb][0x1c][0x1e]E4[0xfffffff6]$x4[0xffffffa1][0xb]*[0xffffffb1][0xffffffd1][0xffffff82][0xfffffffb]%[0xffffff93][0xffffffe0][0xffffffb3][0x10][0xffffffc1][0xffffffe5]qBY,!Y[0xffffffea] KM8,[0x10][0xfffffff0][0x19][0xffffffdd]u[0xffffff82][0x1e][0xffffffb0][0xffffffd8]L[0xffffffcb]%[0xffffff86][0xffffffa1][0xe][0xffffffb8][0xfffffff0]P[0xffffffe8]$[0xf][0x13]t[0x13]3[0xfffffff9][0xffffff84]B2[0xffffffae][0xffffffe6]|@[0xfffffff5][0x1d][0x8][0xffffffc4][0x18][0x16][0xffffff82]o[0xffffffa4][0xffffff9a]P[0xffffff94][0xffffffe7][0xffffffce]R[0xfffffff0][0x8][0xffffffdb]p[0xffffffcb][0x4][0xfffffffa][0xfffffffc][0xffffffb9][\r][0xffffff93][0x15][\n]"
19:05:22.931 [main] DEBUG org.apache.hc.client5.http.wire - http-outgoing-0 << "[0xffffffda][0xffffff86][0xffffffa1][0x17][0xffffffa8]Q3[0xffffffcb][0xffffffd6][0xffffffd1][0xffffff85][0xffffffc6][0xfffffff7][0xffffff98][0xffffffef][0xffffffa3][0xffffffc0]8[0x1][0xffffffae]s[0x12][0x16][0x7] _d[0xffffff82][0xffffff91][0xffffff84][0xfffffff3][0x1f],[0xfffffff6][0x14]j[0x1b]F,^+[0xffffff98]1ua2[0xffffffbf]h([0xffffff8e][0xffffff94][0xffffffa2][0xffffff91]m[0xffffffa3][0xffffffeb][0xffffff9a][0xffffffb0][0xffffffbb]I[0x17]t[0xffffffdf][0xffffffbd][0xffffffef][0xffffffbb][0xffffff91][0xffffffd7]U[0xffffffbb][0xffffff82][0xffffff9e][0x3][0xffffff9b][0xffffff88][0xffffffb9][0xffffffa6]$[0xffffffa6][0xc][0xffffff9b][0xffffffa5][0xffffffe2][0xffffff83][0xffffff98]F[0xffffffd8]o[0xffffff9e]Mg[0xffffff93][0xffffffbb][0xffffffd9]`|[0xfffffffb]u4[0xffffff9c][0x7f]"}B[0xffffffce][0x8][0xffffffb9][0xffffffe3]<[0x8][0xffffff91][0xffffff90][0xffffff94][0xffffff82][0xffffff90][0xffffffc1]j[0x15]2WI[0xffffffe3]1![0x19][0xffffff91]BnB[0xffffff80][0x9]<f[0xffffffb5][0xffffffe8]=[0xffffffd1]p[0xffffffbd][[0xffffffcf][0xffffffe5][0x1b][0xfffffff4][0xffffff9c][0xffffffff][0xfffffffc][0xfffffff8][0xffffffe1][0xffffffe2][0xffffff94][0xffffffa2][0xffffffae][0xe][0x14]5[0xffffff9a]8[0xffffff83][0xffffffd1]`:[0xfffffffd]<[0xffffffb8][0x1f][0xffffff9c]R[0xffffffcf]u[0x7f]6[0xffffffbc][0xffffff83][0xffffffef][0xf][0xffffffc3][0xffffffd9]/[0xfffffff8][0xfffffff2][0xffffffcd]y s[0xffffffee]'[0x1b]*0g[0xffffffcb][0xffffffc8]nF7H][0xffffff83][0xffffff97]{[0xffffffb1]Q[0x5][\r][0xffffffb5]c[0xffffffb4][0xf][0x2][0xffffffb3][0xffffffb4][0xffffff93][0xe]C[0xffffffa7][0xffffffb3]kAD][0xffffff9d][0xffffffde][0xffffffdb][0xffffffda][0xffffff88][0xffffffec][0xffffffa5][0xffffffbc][0xffffff99][0xffffffd9][0xffffffba]t[0xffffffb5][0xffffffea]9[0xffffffea][0x10])[0xffffffb7][0xffffffca][0xffffff9e][0xfffffff2][0xffffffe2]d^N[0xffffffd8]FW[0x16][0xffffffcd][0xffffffdc]_[0x10][0xfffffff9]i|[0x1c][0xffffff93][0xffffff8e][0xfffffff9]o[0x16][0xffffff86]4'!$G[0xffffffdf]W[0xfffffff4]W*j[[0xfffffff3]xR[0xffffffae][0xffffffb6][0xc][0xffffffd0],; #[0xffffffa9][0xffffff92]5[0xffffffb5][0x7][0xffffff9c][0xffffffb5][0xffffffd0][0x7f][0xffffff90][0xffffffc7]jgs[0xfffffffc][0xffffffc2][0xb][0xffffffd9][0x0]t[0xffffff9e]^'Y[0xfffffffb][0xffffff9f][0xffffffb1][0xffffffd8]:[0xffffffbf][0xffffff8d][0xffffffa5][0xffffff9a][0xffffffad][0x7f]m[0x5]&[0xffffffaa][0xffffffa0]^[0xffffff9b][0xffffffcb][0x5]f[0xffffffae][0xffffffe0]RU[0xffffff82][0x10]MS9l[0xffffff91]4t[0xfffffffb][0xffffff8a]][0xffffffd6][0xfffffff4][0xffffff96][0xffffffa6][0xffffff9f]P[0xffffffce][0xffffffd5][0xffffffce][0xffffff93][0xffffffff][0xffffff97][0xffffffcc]p[0xfffffffd][0xfffffff3][0xffffffe8][0x1b][0xffffffcc][0xffffffa2][0xffffffd9]Q[0xffffffbe][0xffffffb2][0xffffffa3][0xffffffc7]m'[0xffffffdf][0xffffffe4][[0xfffffffb]^[0xffffffb0][0xffffff9a][0xffffffbe][0xffffffda][0xffffffda]_[0xffffffce][0xffffff80][0xffffffd2][0xffffffc1]7[0xffffffb7]][0xffffffc1]b[0xffffffee][0xffffffb5][0xffffffff]w[0xffffff83][0xffffffed][0xffffffa7];[0x15]<[0x10]4[0xffffff92][0xffffff84][0x18][\n]"
19:05:22.931 [main] DEBUG org.apache.hc.client5.http.wire - http-outgoing-0 << "BB[0xffffffba][0xffffff8e]][0xffffffb5]jo[0xffffffb9]+"[0xffffffea][0xffffffb4][0xffffffff]h"[0xffffffea]\?5[0xffffffa9][0xffffffaf]k[0xffffffec][0xffffffff]P[0xffffffea][\n]"
19:05:22.932 [main] DEBUG org.apache.hc.client5.http.wire - http-outgoing-0 << "w[0xffffffe1]K[0x13][0xffffffda][0xffffffec][0xffffff98][0xffffffe6]Y[0xfffffffd]h8m6[0xffffff9c]T[0xffffffc1][0xfffffff2][0xffffffa7][0xffffff91]z_[0xffffff95]o85p[0x1c][0x13][0xffffffe6][0xfffffff0]5[0xffffffee][0xfffffffc][0xffffff92][0xffffff96][0xffffffda][0xfffffff7][0xffffffcf][0xffffffb1][0x5][0x1d][0xffffffea]K[0xffffff9b]9[0xffffff8e][0xffffffad]e[0xfffffff7][0xffffff93][0xffffffa8]`[0xffffffda][0xffffffff][0x1a][0xffffffd2][0xffffff88][0xffffff85][0xfffffffd][0xfffffff2][0xffffff91]N[0xfffffff6]`[0xffffffdf]2[0xffffffcf][0xffffffae]E[0xffffff97][0xffffffc5][0xffffffa2][0xffffff9d][0xffffffef]'[0xffffff9d]mun.[0xffffffd3]f^[0xffffffc7][0xffffff82][0xffffffda][0xffffff82]9[0xfffffff5][0xffffffa9]`[0x5][0xffffffbc]4[0xffffffa1][0x1d]<M[0xffffffb5]A[0xffffffa7]3[[0xffffffc0][0x7f][0x0][0xffffffc1][0xffffffd0]$[0xffffff85][0x1d][\r][0x0][0x0]"
19:05:22.932 [main] DEBUG org.apache.hc.client5.http.impl.classic.InternalHttpClient - ep-00000000: releasing valid endpoint
19:05:22.932 [main] DEBUG org.apache.hc.client5.http.impl.io.PoolingHttpClientConnectionManager - ep-00000000: releasing endpoint
19:05:22.932 [main] DEBUG org.apache.hc.client5.http.impl.io.PoolingHttpClientConnectionManager - ep-00000000: connection http-outgoing-0 can be kept alive for 3 MINUTES
19:05:22.936 [main] DEBUG org.apache.hc.client5.http.impl.io.PoolingHttpClientConnectionManager - ep-00000000: connection released [route: {s}->https://raw.githubusercontent.com:443][total available: 1; route allocated: 1 of 5; total allocated: 1 of 25]
19:05:22.936 [main] DEBUG io.github.bonigarcia.wdm.versions.VersionDetector - Detecting chrome version using online commands.properties
19:05:22.939 [main] DEBUG io.github.bonigarcia.wdm.versions.Shell - Running command on the shell: [cmd.exe, /C, wmic, datafile, where, name="%PROGRAMFILES:\=\\%\\Google\\Chrome\\Application\\chrome.exe", get, Version, /value]
19:05:23.205 [main] DEBUG io.github.bonigarcia.wdm.versions.Shell - Result: 
19:05:23.206 [main] DEBUG io.github.bonigarcia.wdm.versions.Shell - Running command on the shell: [cmd.exe, /C, wmic, datafile, where, name="%PROGRAMFILES(X86):\=\\%\\Google\\Chrome\\Application\\chrome.exe", get, Version, /value]
19:05:23.354 [main] DEBUG io.github.bonigarcia.wdm.versions.Shell - Result: Version=103.0.5060.114
19:05:23.367 [main] DEBUG io.github.bonigarcia.wdm.cache.ResolutionCache - Resolution chrome103=103.0.5060.53 in cache (valid until 17:54:33 18/07/2022 ICT)
19:05:23.367 [main] INFO io.github.bonigarcia.wdm.WebDriverManager - Using chromedriver 103.0.5060.53 (resolved driver for Chrome 103)
19:05:23.383 [main] DEBUG io.github.bonigarcia.wdm.cache.ResolutionCache - Storing resolution chrome=103 in cache (valid until 20:05:23 17/07/2022 ICT)
19:05:23.418 [main] DEBUG io.github.bonigarcia.wdm.WebDriverManager - Driver chromedriver 103.0.5060.53 found in cache
19:05:23.418 [main] INFO io.github.bonigarcia.wdm.WebDriverManager - Exporting webdriver.chrome.driver as C:\Users\Bagas Dwi Saputra\.cache\selenium\chromedriver\win32\103.0.5060.53\chromedriver.exe
19:05:24.448 [main] DEBUG net.thucydides.core.reflection.ClassFinder - Could not load class .CucumberTestSuite
19:05:24.448 [main] DEBUG net.thucydides.core.reflection.ClassFinder - Could not load class .starter.pages.ArsipJadwalPage
19:05:24.448 [main] DEBUG net.thucydides.core.reflection.ClassFinder - Could not load class .starter.pages.DashboardPage
19:05:24.451 [main] DEBUG net.thucydides.core.reflection.ClassFinder - Could not load class .starter.pages.DokterDataPage
19:05:24.451 [main] DEBUG net.thucydides.core.reflection.ClassFinder - Could not load class .starter.pages.KelolaJadwalPage
19:05:24.451 [main] DEBUG net.thucydides.core.reflection.ClassFinder - Could not load class .starter.pages.LoginPage
19:05:24.451 [main] DEBUG net.thucydides.core.reflection.ClassFinder - Could not load class .starter.pages.PatientDataPage
19:05:24.451 [main] DEBUG net.thucydides.core.reflection.ClassFinder - Could not load class .starter.stepdefinitios.ArsipJadwalSteps
19:05:24.451 [main] DEBUG net.thucydides.core.reflection.ClassFinder - Could not load class .starter.stepdefinitios.DokterDataSteps
19:05:24.451 [main] DEBUG net.thucydides.core.reflection.ClassFinder - Could not load class .starter.stepdefinitios.KelolaJadwalSteps
19:05:24.451 [main] DEBUG net.thucydides.core.reflection.ClassFinder - Could not load class .starter.stepdefinitios.LoginSteps
19:05:24.451 [main] DEBUG net.thucydides.core.reflection.ClassFinder - Could not load class .starter.stepdefinitios.PatientDataSteps
19:05:24.452 [main] DEBUG net.thucydides.core.reflection.ClassFinder - Could not load class META-INF.versions.9.com.sun.istack.logging.StackHelper
19:05:24.452 [main] DEBUG net.thucydides.core.reflection.ClassFinder - Could not load class META-INF.versions.9.com.sun.xml.bind.v2.runtime.reflect.opt.AccessorInjector
19:05:24.452 [main] DEBUG net.thucydides.core.reflection.ClassFinder - Could not load class META-INF.versions.9.com.sun.xml.bind.v2.runtime.reflect.opt.Injector
19:05:24.453 [main] DEBUG net.thucydides.core.reflection.ClassFinder - Could not load class META-INF.versions.9.com.sun.xml.bind.v2.runtime.reflect.opt.OptimizedAccessorFactory
19:05:24.453 [main] DEBUG net.thucydides.core.reflection.ClassFinder - Could not load class META-INF.versions.9.com.sun.xml.bind.v2.runtime.reflect.opt.OptimizedTransducedAccessorFactory
19:05:24.453 [main] DEBUG net.thucydides.core.reflection.ClassFinder - Could not load class META-INF.versions.9.io.opentelemetry.sdk.internal.CurrentJavaVersionSpecific
19:05:24.454 [main] DEBUG net.thucydides.core.reflection.ClassFinder - Could not load class META-INF.versions.9.io.opentelemetry.sdk.internal.Java9VersionSpecific
19:05:24.454 [main] DEBUG net.thucydides.core.reflection.ClassFinder - Could not load class META-INF.versions.9.javax.xml.bind.ModuleUtil
19:05:24.454 [main] DEBUG net.thucydides.core.reflection.ClassFinder - Could not load class META-INF.versions.9.module-info
19:05:24.455 [main] DEBUG net.thucydides.core.reflection.ClassFinder - Could not load class META-INF.versions.9.org.codehaus.plexus.languages.java.jpms.BinaryModuleInfoParser
19:05:24.455 [main] DEBUG net.thucydides.core.reflection.ClassFinder - Could not load class META-INF.versions.9.org.codehaus.plexus.languages.java.jpms.CmdModuleNameExtractor
19:05:24.455 [main] DEBUG net.thucydides.core.reflection.ClassFinder - Could not load class META-INF.versions.9.org.junit.platform.commons.util.ModuleUtils
19:05:24.845 [main] DEBUG net.thucydides.core.reflection.ClassFinder - Could not load class com.google.gson.internal.
19:05:25.108 [main] DEBUG net.thucydides.core.reflection.ClassFinder - Could not load class com.sun.xml.bind.v2.runtime.output.FastInfosetStreamWriterOutput
19:05:25.668 [main] DEBUG net.thucydides.core.reflection.ClassFinder - Could not load class module-info
19:05:29.978 [main] DEBUG io.netty.util.internal.logging.InternalLoggerFactory - Using SLF4J as the default logging framework
19:05:29.978 [main] DEBUG io.netty.util.ResourceLeakDetector - -Dio.netty.leakDetection.level: simple
19:05:29.978 [main] DEBUG io.netty.util.ResourceLeakDetector - -Dio.netty.leakDetection.targetRecords: 4
19:05:29.987 [main] DEBUG io.netty.util.ResourceLeakDetectorFactory - Loaded default ResourceLeakDetector: io.netty.util.ResourceLeakDetector@1532b1d
19:05:30.024 [main] DEBUG io.netty.util.internal.PlatformDependent0 - -Dio.netty.noUnsafe: false
19:05:30.024 [main] DEBUG io.netty.util.internal.PlatformDependent0 - Java version: 11
19:05:30.025 [main] DEBUG io.netty.util.internal.PlatformDependent0 - sun.misc.Unsafe.theUnsafe: available
19:05:30.025 [main] DEBUG io.netty.util.internal.PlatformDependent0 - sun.misc.Unsafe.copyMemory: available
19:05:30.026 [main] DEBUG io.netty.util.internal.PlatformDependent0 - java.nio.Buffer.address: available
19:05:30.026 [main] DEBUG io.netty.util.internal.PlatformDependent0 - direct buffer constructor: unavailable: Reflective setAccessible(true) disabled
19:05:30.028 [main] DEBUG io.netty.util.internal.PlatformDependent0 - java.nio.Bits.unaligned: available, true
19:05:30.029 [main] DEBUG io.netty.util.internal.PlatformDependent0 - jdk.internal.misc.Unsafe.allocateUninitializedArray(int): unavailable: class io.netty.util.internal.PlatformDependent0$6 cannot access class jdk.internal.misc.Unsafe (in module java.base) because module java.base does not export jdk.internal.misc to unnamed module @29d2d081
19:05:30.029 [main] DEBUG io.netty.util.internal.PlatformDependent0 - java.nio.DirectByteBuffer.<init>(long, int): unavailable
19:05:30.029 [main] DEBUG io.netty.util.internal.PlatformDependent - sun.misc.Unsafe: available
19:05:30.029 [main] DEBUG io.netty.util.internal.PlatformDependent - maxDirectMemory: 3179282432 bytes (maybe)
19:05:30.029 [main] DEBUG io.netty.util.internal.PlatformDependent - -Dio.netty.tmpdir: C:\Users\BAGASD~1\AppData\Local\Temp (java.io.tmpdir)
19:05:30.029 [main] DEBUG io.netty.util.internal.PlatformDependent - -Dio.netty.bitMode: 64 (sun.arch.data.model)
19:05:30.029 [main] DEBUG io.netty.util.internal.PlatformDependent - Platform: Windows
19:05:30.029 [main] DEBUG io.netty.util.internal.PlatformDependent - -Dio.netty.maxDirectMemory: -1 bytes
19:05:30.029 [main] DEBUG io.netty.util.internal.PlatformDependent - -Dio.netty.uninitializedArrayAllocationThreshold: -1
19:05:30.029 [main] DEBUG io.netty.util.internal.CleanerJava9 - java.nio.ByteBuffer.cleaner(): available
19:05:30.029 [main] DEBUG io.netty.util.internal.PlatformDependent - -Dio.netty.noPreferDirect: false
19:05:30.045 [main] DEBUG io.netty.util.internal.PlatformDependent - org.jctools-core.MpscChunkedArrayQueue: available
19:05:30.070 [main] DEBUG io.netty.util.internal.InternalThreadLocalMap - -Dio.netty.threadLocalMap.stringBuilder.initialSize: 1024
19:05:30.070 [main] DEBUG io.netty.util.internal.InternalThreadLocalMap - -Dio.netty.threadLocalMap.stringBuilder.maxSize: 4096
19:05:30.086 [main] DEBUG io.netty.handler.ssl.JdkSslContext - Default protocols (JDK): [TLSv1.3, TLSv1.2] 
19:05:30.086 [main] DEBUG io.netty.handler.ssl.JdkSslContext - Default cipher suites (JDK): [TLS_ECDHE_ECDSA_WITH_AES_256_GCM_SHA384, TLS_ECDHE_ECDSA_WITH_AES_128_GCM_SHA256, TLS_ECDHE_RSA_WITH_AES_128_GCM_SHA256, TLS_ECDHE_RSA_WITH_AES_256_GCM_SHA384, TLS_ECDHE_RSA_WITH_AES_128_CBC_SHA, TLS_ECDHE_RSA_WITH_AES_256_CBC_SHA, TLS_RSA_WITH_AES_128_GCM_SHA256, TLS_RSA_WITH_AES_128_CBC_SHA, TLS_RSA_WITH_AES_256_CBC_SHA, TLS_AES_128_GCM_SHA256, TLS_AES_256_GCM_SHA384]
19:05:30.131 [main] DEBUG io.netty.channel.MultithreadEventLoopGroup - -Dio.netty.eventLoopThreads: 8
19:05:30.147 [main] DEBUG io.netty.channel.nio.NioEventLoop - -Dio.netty.noKeySetOptimization: false
19:05:30.147 [main] DEBUG io.netty.channel.nio.NioEventLoop - -Dio.netty.selectorAutoRebuildThreshold: 512
19:05:30.201 [main] DEBUG io.netty.buffer.PooledByteBufAllocator - -Dio.netty.allocator.numHeapArenas: 8
19:05:30.201 [main] DEBUG io.netty.buffer.PooledByteBufAllocator - -Dio.netty.allocator.numDirectArenas: 8
19:05:30.201 [main] DEBUG io.netty.buffer.PooledByteBufAllocator - -Dio.netty.allocator.pageSize: 8192
19:05:30.201 [main] DEBUG io.netty.buffer.PooledByteBufAllocator - -Dio.netty.allocator.maxOrder: 9
19:05:30.201 [main] DEBUG io.netty.buffer.PooledByteBufAllocator - -Dio.netty.allocator.chunkSize: 4194304
19:05:30.201 [main] DEBUG io.netty.buffer.PooledByteBufAllocator - -Dio.netty.allocator.smallCacheSize: 256
19:05:30.201 [main] DEBUG io.netty.buffer.PooledByteBufAllocator - -Dio.netty.allocator.normalCacheSize: 64
19:05:30.201 [main] DEBUG io.netty.buffer.PooledByteBufAllocator - -Dio.netty.allocator.maxCachedBufferCapacity: 32768
19:05:30.201 [main] DEBUG io.netty.buffer.PooledByteBufAllocator - -Dio.netty.allocator.cacheTrimInterval: 8192
19:05:30.201 [main] DEBUG io.netty.buffer.PooledByteBufAllocator - -Dio.netty.allocator.cacheTrimIntervalMillis: 0
19:05:30.201 [main] DEBUG io.netty.buffer.PooledByteBufAllocator - -Dio.netty.allocator.useCacheForAllThreads: false
19:05:30.201 [main] DEBUG io.netty.buffer.PooledByteBufAllocator - -Dio.netty.allocator.maxCachedByteBuffersPerChunk: 1023
19:05:30.219 [main] DEBUG io.netty.buffer.ByteBufUtil - -Dio.netty.allocator.type: pooled
19:05:30.219 [main] DEBUG io.netty.buffer.ByteBufUtil - -Dio.netty.threadLocalDirectBufferSize: 0
19:05:30.219 [main] DEBUG io.netty.buffer.ByteBufUtil - -Dio.netty.maxThreadLocalCharBufferSize: 16384
19:05:30.477 [main] DEBUG net.serenitybdd.core.webdriver.driverproviders.ProvideNewDriver - Instantiating driver
19:05:30.477 [main] DEBUG net.serenitybdd.core.webdriver.driverproviders.ProvideNewDriver - Driver capabilities: Capabilities {acceptInsecureCerts: false, base.url: https://fanciful-trifle-360..., browserName: chrome, chorme.driver: src/test/resources/webdrive..., driver: chrome, goog:chromeOptions: {args: [], extensions: []}}
19:05:30.935 [Forwarding newSession on session null to remote] DEBUG io.netty.channel.DefaultChannelId - -Dio.netty.processId: 22208 (auto-detected)
19:05:30.943 [Forwarding newSession on session null to remote] DEBUG io.netty.util.NetUtil - -Djava.net.preferIPv4Stack: false
19:05:30.943 [Forwarding newSession on session null to remote] DEBUG io.netty.util.NetUtil - -Djava.net.preferIPv6Addresses: false
19:05:31.068 [Forwarding newSession on session null to remote] DEBUG io.netty.util.NetUtilInitializations - Loopback interface: lo (Software Loopback Interface 1, 127.0.0.1)
19:05:31.070 [Forwarding newSession on session null to remote] DEBUG io.netty.util.NetUtil - Failed to get SOMAXCONN from sysctl and file \proc\sys\net\core\somaxconn. Default: 200
19:05:31.279 [Forwarding newSession on session null to remote] DEBUG io.netty.channel.DefaultChannelId - -Dio.netty.machineId: 80:38:fb:ff:fe:ac:4a:4a (auto-detected)
19:05:31.381 [AsyncHttpClient-1-2] DEBUG io.netty.buffer.AbstractByteBuf - -Dio.netty.buffer.checkAccessible: true
19:05:31.382 [AsyncHttpClient-1-2] DEBUG io.netty.buffer.AbstractByteBuf - -Dio.netty.buffer.checkBounds: true
19:05:31.382 [AsyncHttpClient-1-2] DEBUG io.netty.util.ResourceLeakDetectorFactory - Loaded default ResourceLeakDetector: io.netty.util.ResourceLeakDetector@1d86410a
19:05:31.401 [AsyncHttpClient-1-2] DEBUG org.asynchttpclient.netty.channel.NettyConnectListener - Using new Channel '[id: 0xb279cbd5, L:/127.0.0.1:50372 - R:localhost/127.0.0.1:63697]' for 'POST' to '/session'
19:05:31.418 [AsyncHttpClient-1-2] DEBUG io.netty.util.Recycler - -Dio.netty.recycler.maxCapacityPerThread: 4096
19:05:31.418 [AsyncHttpClient-1-2] DEBUG io.netty.util.Recycler - -Dio.netty.recycler.ratio: 8
19:05:31.418 [AsyncHttpClient-1-2] DEBUG io.netty.util.Recycler - -Dio.netty.recycler.chunkSize: 32
19:05:31.418 [AsyncHttpClient-1-2] DEBUG io.netty.util.Recycler - -Dio.netty.recycler.blocking: false
19:05:32.235 [AsyncHttpClient-1-2] DEBUG io.netty.handler.codec.compression.Brotli - brotli4j not in the classpath; Brotli support will be unavailable.
19:05:32.235 [AsyncHttpClient-1-2] DEBUG org.asynchttpclient.netty.handler.HttpHandler - 

Request DefaultHttpRequest(decodeResult: success, version: HTTP/1.1)
POST /session HTTP/1.1
User-Agent: selenium/4.1.4 (java windows)
Content-Length: 629
Content-Type: application/json; charset=utf-8
host: localhost:63697
accept: */*

Response DefaultHttpResponse(decodeResult: success, version: HTTP/1.1)
HTTP/1.1 200 OK
Content-Type: application/json; charset=utf-8
cache-control: no-cache
content-length: 793

19:05:32.250 [AsyncHttpClient-1-2] DEBUG org.asynchttpclient.netty.channel.ChannelManager - Adding key: http://localhost:63697 for channel [id: 0xb279cbd5, L:/127.0.0.1:50372 - R:localhost/127.0.0.1:63697]
19:05:32.267 [AsyncHttpClient-1-1] DEBUG org.asynchttpclient.netty.channel.DefaultChannelPool - Entry count for : http://localhost:63697 : 1
19:05:32.412 [AsyncHttpClient-1-3] DEBUG org.asynchttpclient.netty.channel.NettyConnectListener - Using new Channel '[id: 0x0ae0c031, L:/127.0.0.1:50379 - R:localhost/127.0.0.1:50373]' for 'GET' to '/json/version'
19:05:32.419 [AsyncHttpClient-1-3] DEBUG org.asynchttpclient.netty.handler.HttpHandler - 

Request DefaultFullHttpRequest(decodeResult: success, version: HTTP/1.1, content: EmptyByteBufBE)
GET /json/version HTTP/1.1
User-Agent: selenium/4.1.4 (java windows)
host: localhost:50373
accept: */*

Response DefaultHttpResponse(decodeResult: success, version: HTTP/1.1)
HTTP/1.1 200 OK
Content-Type: application/json; charset=UTF-8
content-length: 429

19:05:32.419 [AsyncHttpClient-1-3] DEBUG org.asynchttpclient.netty.channel.ChannelManager - Adding key: http://localhost:50373 for channel [id: 0x0ae0c031, L:/127.0.0.1:50379 - R:localhost/127.0.0.1:50373]
19:05:32.431 [main] DEBUG io.netty.util.internal.ThreadLocalRandom - -Dio.netty.initialSeedUniquifier: 0x0a585824a424c017
19:05:32.441 [AsyncHttpClient-1-4] DEBUG org.asynchttpclient.netty.channel.NettyConnectListener - Using new Channel '[id: 0x891a6433, L:/127.0.0.1:50381 - R:localhost/127.0.0.1:50373]' for 'GET' to '/devtools/browser/d775140c-bc86-457b-b234-625e856500dc'
19:05:32.447 [AsyncHttpClient-1-4] DEBUG org.asynchttpclient.netty.handler.WebSocketHandler - 

Request DefaultFullHttpRequest(decodeResult: success, version: HTTP/1.1, content: EmptyByteBufBE)
GET /devtools/browser/d775140c-bc86-457b-b234-625e856500dc HTTP/1.1
upgrade: websocket
connection: upgrade
sec-websocket-key: h3BuBwOL+H/kDLdZj8DmCQ==
sec-websocket-version: 13
origin: http://localhost:50373
host: localhost:50373
accept: */*
user-agent: AHC/2.1

Response DefaultHttpResponse(decodeResult: success, version: HTTP/1.1)
HTTP/1.1 101 WebSocket Protocol Handshake
Upgrade: WebSocket
Connection: Upgrade
Sec-WebSocket-Accept: niS4nLVZaHoOIBYCWMHPanQRVZk=

19:05:33.355 [AsyncHttpClient-1-1] DEBUG org.asynchttpclient.netty.channel.DefaultChannelPool - Entry count for : http://localhost:63697 : 1
19:05:33.355 [AsyncHttpClient-1-1] DEBUG org.asynchttpclient.netty.channel.DefaultChannelPool - Entry count for : http://localhost:50373 : 1
19:05:33.847 [main] DEBUG net.thucydides.core.reflection.ClassFinder - Could not load class .CucumberTestSuite
19:05:33.847 [main] DEBUG net.thucydides.core.reflection.ClassFinder - Could not load class .starter.pages.ArsipJadwalPage
19:05:33.848 [main] DEBUG net.thucydides.core.reflection.ClassFinder - Could not load class .starter.pages.DashboardPage
19:05:33.848 [main] DEBUG net.thucydides.core.reflection.ClassFinder - Could not load class .starter.pages.DokterDataPage
19:05:33.849 [main] DEBUG net.thucydides.core.reflection.ClassFinder - Could not load class .starter.pages.KelolaJadwalPage
19:05:33.849 [main] DEBUG net.thucydides.core.reflection.ClassFinder - Could not load class .starter.pages.LoginPage
19:05:33.849 [main] DEBUG net.thucydides.core.reflection.ClassFinder - Could not load class .starter.pages.PatientDataPage
19:05:33.849 [main] DEBUG net.thucydides.core.reflection.ClassFinder - Could not load class .starter.stepdefinitios.ArsipJadwalSteps
19:05:33.849 [main] DEBUG net.thucydides.core.reflection.ClassFinder - Could not load class .starter.stepdefinitios.DokterDataSteps
19:05:33.849 [main] DEBUG net.thucydides.core.reflection.ClassFinder - Could not load class .starter.stepdefinitios.KelolaJadwalSteps
19:05:33.849 [main] DEBUG net.thucydides.core.reflection.ClassFinder - Could not load class .starter.stepdefinitios.LoginSteps
19:05:33.849 [main] DEBUG net.thucydides.core.reflection.ClassFinder - Could not load class .starter.stepdefinitios.PatientDataSteps
19:05:33.849 [main] DEBUG net.thucydides.core.reflection.ClassFinder - Could not load class META-INF.versions.9.com.sun.istack.logging.StackHelper
19:05:33.849 [main] DEBUG net.thucydides.core.reflection.ClassFinder - Could not load class META-INF.versions.9.com.sun.xml.bind.v2.runtime.reflect.opt.AccessorInjector
19:05:33.849 [main] DEBUG net.thucydides.core.reflection.ClassFinder - Could not load class META-INF.versions.9.com.sun.xml.bind.v2.runtime.reflect.opt.Injector
19:05:33.849 [main] DEBUG net.thucydides.core.reflection.ClassFinder - Could not load class META-INF.versions.9.com.sun.xml.bind.v2.runtime.reflect.opt.OptimizedAccessorFactory
19:05:33.849 [main] DEBUG net.thucydides.core.reflection.ClassFinder - Could not load class META-INF.versions.9.com.sun.xml.bind.v2.runtime.reflect.opt.OptimizedTransducedAccessorFactory
19:05:33.849 [main] DEBUG net.thucydides.core.reflection.ClassFinder - Could not load class META-INF.versions.9.io.opentelemetry.sdk.internal.CurrentJavaVersionSpecific
19:05:33.849 [main] DEBUG net.thucydides.core.reflection.ClassFinder - Could not load class META-INF.versions.9.io.opentelemetry.sdk.internal.Java9VersionSpecific
19:05:33.849 [main] DEBUG net.thucydides.core.reflection.ClassFinder - Could not load class META-INF.versions.9.javax.xml.bind.ModuleUtil
19:05:33.849 [main] DEBUG net.thucydides.core.reflection.ClassFinder - Could not load class META-INF.versions.9.module-info
19:05:33.849 [main] DEBUG net.thucydides.core.reflection.ClassFinder - Could not load class META-INF.versions.9.org.codehaus.plexus.languages.java.jpms.BinaryModuleInfoParser
19:05:33.849 [main] DEBUG net.thucydides.core.reflection.ClassFinder - Could not load class META-INF.versions.9.org.codehaus.plexus.languages.java.jpms.CmdModuleNameExtractor
19:05:33.849 [main] DEBUG net.thucydides.core.reflection.ClassFinder - Could not load class META-INF.versions.9.org.junit.platform.commons.util.ModuleUtils
19:05:33.849 [main] DEBUG net.thucydides.core.reflection.ClassFinder - Could not load class com.google.gson.internal.
19:05:33.849 [main] DEBUG net.thucydides.core.reflection.ClassFinder - Could not load class com.sun.xml.bind.v2.runtime.output.FastInfosetStreamWriterOutput
19:05:33.862 [main] DEBUG net.thucydides.core.reflection.ClassFinder - Could not load class module-info
19:05:33.893 [Forwarding get on session a0174ffd67e2347404d423da39abf51d to remote] DEBUG org.asynchttpclient.netty.request.NettyRequestSender - Using pooled Channel '[id: 0xb279cbd5, L:/127.0.0.1:50372 - R:localhost/127.0.0.1:63697]' for 'POST' to 'http://localhost:63697/session/a0174ffd67e2347404d423da39abf51d/url'
19:05:33.893 [Forwarding get on session a0174ffd67e2347404d423da39abf51d to remote] DEBUG org.asynchttpclient.netty.request.NettyRequestSender - Using open Channel [id: 0xb279cbd5, L:/127.0.0.1:50372 - R:localhost/127.0.0.1:63697] for POST '/session/a0174ffd67e2347404d423da39abf51d/url'
19:05:34.451 [AsyncHttpClient-1-1] DEBUG org.asynchttpclient.netty.channel.DefaultChannelPool - Entry count for : http://localhost:50373 : 1
19:05:34.608 [AsyncHttpClient-1-2] DEBUG org.asynchttpclient.netty.handler.HttpHandler - 

Request DefaultHttpRequest(decodeResult: success, version: HTTP/1.1)
POST /session/a0174ffd67e2347404d423da39abf51d/url HTTP/1.1
User-Agent: selenium/4.1.4 (java windows)
Content-Length: 78
Content-Type: application/json; charset=utf-8
host: localhost:63697
accept: */*

Response DefaultHttpResponse(decodeResult: success, version: HTTP/1.1)
HTTP/1.1 200 OK
Content-Type: application/json; charset=utf-8
cache-control: no-cache
content-length: 14

19:05:34.608 [AsyncHttpClient-1-2] DEBUG org.asynchttpclient.netty.channel.ChannelManager - Adding key: http://localhost:63697 for channel [id: 0xb279cbd5, L:/127.0.0.1:50372 - R:localhost/127.0.0.1:63697]
19:05:34.615 [Forwarding setTimeout on session a0174ffd67e2347404d423da39abf51d to remote] DEBUG org.asynchttpclient.netty.request.NettyRequestSender - Using pooled Channel '[id: 0xb279cbd5, L:/127.0.0.1:50372 - R:localhost/127.0.0.1:63697]' for 'POST' to 'http://localhost:63697/session/a0174ffd67e2347404d423da39abf51d/timeouts'
19:05:34.615 [Forwarding setTimeout on session a0174ffd67e2347404d423da39abf51d to remote] DEBUG org.asynchttpclient.netty.request.NettyRequestSender - Using open Channel [id: 0xb279cbd5, L:/127.0.0.1:50372 - R:localhost/127.0.0.1:63697] for POST '/session/a0174ffd67e2347404d423da39abf51d/timeouts'
19:05:34.622 [AsyncHttpClient-1-2] DEBUG org.asynchttpclient.netty.handler.HttpHandler - 

Request DefaultHttpRequest(decodeResult: success, version: HTTP/1.1)
POST /session/a0174ffd67e2347404d423da39abf51d/timeouts HTTP/1.1
User-Agent: selenium/4.1.4 (java windows)
Content-Length: 22
Content-Type: application/json; charset=utf-8
host: localhost:63697
accept: */*

Response DefaultHttpResponse(decodeResult: success, version: HTTP/1.1)
HTTP/1.1 200 OK
Content-Type: application/json; charset=utf-8
cache-control: no-cache
content-length: 14

19:05:34.623 [AsyncHttpClient-1-2] DEBUG org.asynchttpclient.netty.channel.ChannelManager - Adding key: http://localhost:63697 for channel [id: 0xb279cbd5, L:/127.0.0.1:50372 - R:localhost/127.0.0.1:63697]
19:05:34.627 [Forwarding getCurrentUrl on session a0174ffd67e2347404d423da39abf51d to remote] DEBUG org.asynchttpclient.netty.request.NettyRequestSender - Using pooled Channel '[id: 0xb279cbd5, L:/127.0.0.1:50372 - R:localhost/127.0.0.1:63697]' for 'GET' to 'http://localhost:63697/session/a0174ffd67e2347404d423da39abf51d/url'
19:05:34.627 [Forwarding getCurrentUrl on session a0174ffd67e2347404d423da39abf51d to remote] DEBUG org.asynchttpclient.netty.request.NettyRequestSender - Using open Channel [id: 0xb279cbd5, L:/127.0.0.1:50372 - R:localhost/127.0.0.1:63697] for GET '/session/a0174ffd67e2347404d423da39abf51d/url'
19:05:34.663 [AsyncHttpClient-1-2] DEBUG org.asynchttpclient.netty.handler.HttpHandler - 

Request DefaultFullHttpRequest(decodeResult: success, version: HTTP/1.1, content: EmptyByteBufBE)
GET /session/a0174ffd67e2347404d423da39abf51d/url HTTP/1.1
User-Agent: selenium/4.1.4 (java windows)
Cache-Control: no-cache
Content-Type: application/json; charset=utf-8
host: localhost:63697
accept: */*

Response DefaultHttpResponse(decodeResult: success, version: HTTP/1.1)
HTTP/1.1 200 OK
Content-Type: application/json; charset=utf-8
cache-control: no-cache
content-length: 60

19:05:34.663 [AsyncHttpClient-1-2] DEBUG org.asynchttpclient.netty.channel.ChannelManager - Adding key: http://localhost:63697 for channel [id: 0xb279cbd5, L:/127.0.0.1:50372 - R:localhost/127.0.0.1:63697]
19:05:34.708 [main] DEBUG net.serenitybdd.core.photography.Darkroom - Opening darkroom
19:05:34.709 [Darkroom Processing Line] DEBUG net.serenitybdd.core.photography.DarkroomProcessingLine - Darkroom processing line starting up
19:05:34.711 [Forwarding screenshot on session a0174ffd67e2347404d423da39abf51d to remote] DEBUG org.asynchttpclient.netty.request.NettyRequestSender - Using pooled Channel '[id: 0xb279cbd5, L:/127.0.0.1:50372 - R:localhost/127.0.0.1:63697]' for 'GET' to 'http://localhost:63697/session/a0174ffd67e2347404d423da39abf51d/screenshot'
19:05:34.711 [Forwarding screenshot on session a0174ffd67e2347404d423da39abf51d to remote] DEBUG org.asynchttpclient.netty.request.NettyRequestSender - Using open Channel [id: 0xb279cbd5, L:/127.0.0.1:50372 - R:localhost/127.0.0.1:63697] for GET '/session/a0174ffd67e2347404d423da39abf51d/screenshot'
19:05:34.930 [AsyncHttpClient-1-2] DEBUG org.asynchttpclient.netty.handler.HttpHandler - 

Request DefaultFullHttpRequest(decodeResult: success, version: HTTP/1.1, content: EmptyByteBufBE)
GET /session/a0174ffd67e2347404d423da39abf51d/screenshot HTTP/1.1
User-Agent: selenium/4.1.4 (java windows)
Cache-Control: no-cache
Content-Type: application/json; charset=utf-8
host: localhost:63697
accept: */*

Response DefaultHttpResponse(decodeResult: success, version: HTTP/1.1)
HTTP/1.1 200 OK
Content-Type: application/json; charset=utf-8
cache-control: no-cache
content-length: 380436

19:05:34.936 [AsyncHttpClient-1-2] DEBUG org.asynchttpclient.netty.channel.ChannelManager - Adding key: http://localhost:63697 for channel [id: 0xb279cbd5, L:/127.0.0.1:50372 - R:localhost/127.0.0.1:63697]
19:05:35.024 [main] DEBUG net.serenitybdd.core.photography.Darkroom - Send negative for processing for target\site\serenity\d122c364c40ece9db0ad32cd97c3fcf63e95ba606118dda8d3e5a1d2b8235ce2.png
19:05:35.025 [Darkroom Processing Line] DEBUG net.serenitybdd.core.photography.DarkroomProcessingLine - Processing screenshot image in /var/screenshots/screenshot-11218414923355356705
19:05:35.025 [Darkroom Processing Line] DEBUG net.serenitybdd.core.photography.DarkroomProcessingLine - Saving screenshot to target\site\serenity\d122c364c40ece9db0ad32cd97c3fcf63e95ba606118dda8d3e5a1d2b8235ce2.png
19:05:35.028 [main] DEBUG net.thucydides.core.steps.StepInterceptor - STEP DONE: openLogin
  &amp#27;[32mGiven &amp#27;[0m&amp#27;[32mOpen login page&amp#27;[0m                       &amp#27;[90m# starter.stepdefinitios.LoginSteps.openLoginPage()&amp#27;[0m
19:05:35.553 [AsyncHttpClient-1-1] DEBUG org.asynchttpclient.netty.channel.DefaultChannelPool - Entry count for : http://localhost:63697 : 1
19:05:35.553 [AsyncHttpClient-1-1] DEBUG org.asynchttpclient.netty.channel.DefaultChannelPool - Entry count for : http://localhost:50373 : 1
19:05:36.196 [Forwarding findElement on session a0174ffd67e2347404d423da39abf51d to remote] DEBUG org.asynchttpclient.netty.request.NettyRequestSender - Using pooled Channel '[id: 0xb279cbd5, L:/127.0.0.1:50372 - R:localhost/127.0.0.1:63697]' for 'POST' to 'http://localhost:63697/session/a0174ffd67e2347404d423da39abf51d/element'
19:05:36.196 [Forwarding findElement on session a0174ffd67e2347404d423da39abf51d to remote] DEBUG org.asynchttpclient.netty.request.NettyRequestSender - Using open Channel [id: 0xb279cbd5, L:/127.0.0.1:50372 - R:localhost/127.0.0.1:63697] for POST '/session/a0174ffd67e2347404d423da39abf51d/element'
19:05:36.217 [AsyncHttpClient-1-2] DEBUG org.asynchttpclient.netty.handler.HttpHandler - 

Request DefaultHttpRequest(decodeResult: success, version: HTTP/1.1)
POST /session/a0174ffd67e2347404d423da39abf51d/element HTTP/1.1
User-Agent: selenium/4.1.4 (java windows)
Content-Length: 70
Content-Type: application/json; charset=utf-8
host: localhost:63697
accept: */*

Response DefaultHttpResponse(decodeResult: success, version: HTTP/1.1)
HTTP/1.1 200 OK
Content-Type: application/json; charset=utf-8
cache-control: no-cache
content-length: 88

19:05:36.218 [AsyncHttpClient-1-2] DEBUG org.asynchttpclient.netty.channel.ChannelManager - Adding key: http://localhost:63697 for channel [id: 0xb279cbd5, L:/127.0.0.1:50372 - R:localhost/127.0.0.1:63697]
19:05:36.224 [Forwarding sendKeysToElement on session a0174ffd67e2347404d423da39abf51d to remote] DEBUG org.asynchttpclient.netty.request.NettyRequestSender - Using pooled Channel '[id: 0xb279cbd5, L:/127.0.0.1:50372 - R:localhost/127.0.0.1:63697]' for 'POST' to 'http://localhost:63697/session/a0174ffd67e2347404d423da39abf51d/element/8db41685-7126-4874-92ad-d21c5a70574a/value'
19:05:36.224 [Forwarding sendKeysToElement on session a0174ffd67e2347404d423da39abf51d to remote] DEBUG org.asynchttpclient.netty.request.NettyRequestSender - Using open Channel [id: 0xb279cbd5, L:/127.0.0.1:50372 - R:localhost/127.0.0.1:63697] for POST '/session/a0174ffd67e2347404d423da39abf51d/element/8db41685-7126-4874-92ad-d21c5a70574a/value'
19:05:36.315 [AsyncHttpClient-1-2] DEBUG org.asynchttpclient.netty.handler.HttpHandler - 

Request DefaultHttpRequest(decodeResult: success, version: HTTP/1.1)
POST /session/a0174ffd67e2347404d423da39abf51d/element/8db41685-7126-4874-92ad-d21c5a70574a/value HTTP/1.1
User-Agent: selenium/4.1.4 (java windows)
Content-Length: 131
Content-Type: application/json; charset=utf-8
host: localhost:63697
accept: */*

Response DefaultHttpResponse(decodeResult: success, version: HTTP/1.1)
HTTP/1.1 200 OK
Content-Type: application/json; charset=utf-8
cache-control: no-cache
content-length: 14

19:05:36.315 [AsyncHttpClient-1-2] DEBUG org.asynchttpclient.netty.channel.ChannelManager - Adding key: http://localhost:63697 for channel [id: 0xb279cbd5, L:/127.0.0.1:50372 - R:localhost/127.0.0.1:63697]
  &amp#27;[32mWhen &amp#27;[0m&amp#27;[32mI input &amp#27;[0m&amp#27;[32m&amp#27;[1m"bagas"&amp#27;[0m&amp#27;[32m login email&amp#27;[0m            &amp#27;[90m# starter.stepdefinitios.LoginSteps.iInputEmailLogin(java.lang.String)&amp#27;[0m
19:05:36.325 [Forwarding screenshot on session a0174ffd67e2347404d423da39abf51d to remote] DEBUG org.asynchttpclient.netty.request.NettyRequestSender - Using pooled Channel '[id: 0xb279cbd5, L:/127.0.0.1:50372 - R:localhost/127.0.0.1:63697]' for 'GET' to 'http://localhost:63697/session/a0174ffd67e2347404d423da39abf51d/screenshot'
19:05:36.325 [Forwarding screenshot on session a0174ffd67e2347404d423da39abf51d to remote] DEBUG org.asynchttpclient.netty.request.NettyRequestSender - Using open Channel [id: 0xb279cbd5, L:/127.0.0.1:50372 - R:localhost/127.0.0.1:63697] for GET '/session/a0174ffd67e2347404d423da39abf51d/screenshot'
19:05:36.537 [AsyncHttpClient-1-2] DEBUG org.asynchttpclient.netty.handler.HttpHandler - 

Request DefaultFullHttpRequest(decodeResult: success, version: HTTP/1.1, content: EmptyByteBufBE)
GET /session/a0174ffd67e2347404d423da39abf51d/screenshot HTTP/1.1
User-Agent: selenium/4.1.4 (java windows)
Cache-Control: no-cache
Content-Type: application/json; charset=utf-8
host: localhost:63697
accept: */*

Response DefaultHttpResponse(decodeResult: success, version: HTTP/1.1)
HTTP/1.1 200 OK
Content-Type: application/json; charset=utf-8
cache-control: no-cache
content-length: 379952

19:05:36.537 [AsyncHttpClient-1-2] DEBUG org.asynchttpclient.netty.channel.ChannelManager - Adding key: http://localhost:63697 for channel [id: 0xb279cbd5, L:/127.0.0.1:50372 - R:localhost/127.0.0.1:63697]
19:05:36.562 [main] DEBUG net.serenitybdd.core.photography.Darkroom - Send negative for processing for target\site\serenity\183eb35d220b498d555af84703631a4327cd8097827af751b5655c6058dceed8.png
19:05:36.569 [Darkroom Processing Line] DEBUG net.serenitybdd.core.photography.DarkroomProcessingLine - Processing screenshot image in /var/screenshots/screenshot-8003925481842035405
19:05:36.569 [Darkroom Processing Line] DEBUG net.serenitybdd.core.photography.DarkroomProcessingLine - Saving screenshot to target\site\serenity\183eb35d220b498d555af84703631a4327cd8097827af751b5655c6058dceed8.png
19:05:36.653 [AsyncHttpClient-1-1] DEBUG org.asynchttpclient.netty.channel.DefaultChannelPool - Entry count for : http://localhost:63697 : 1
19:05:36.653 [AsyncHttpClient-1-1] DEBUG org.asynchttpclient.netty.channel.DefaultChannelPool - Entry count for : http://localhost:50373 : 1
19:05:37.589 [Forwarding screenshot on session a0174ffd67e2347404d423da39abf51d to remote] DEBUG org.asynchttpclient.netty.request.NettyRequestSender - Using pooled Channel '[id: 0xb279cbd5, L:/127.0.0.1:50372 - R:localhost/127.0.0.1:63697]' for 'GET' to 'http://localhost:63697/session/a0174ffd67e2347404d423da39abf51d/screenshot'
19:05:37.589 [Forwarding screenshot on session a0174ffd67e2347404d423da39abf51d to remote] DEBUG org.asynchttpclient.netty.request.NettyRequestSender - Using open Channel [id: 0xb279cbd5, L:/127.0.0.1:50372 - R:localhost/127.0.0.1:63697] for GET '/session/a0174ffd67e2347404d423da39abf51d/screenshot'
19:05:37.759 [AsyncHttpClient-1-1] DEBUG org.asynchttpclient.netty.channel.DefaultChannelPool - Entry count for : http://localhost:50373 : 1
19:05:37.831 [AsyncHttpClient-1-2] DEBUG org.asynchttpclient.netty.handler.HttpHandler - 

Request DefaultFullHttpRequest(decodeResult: success, version: HTTP/1.1, content: EmptyByteBufBE)
GET /session/a0174ffd67e2347404d423da39abf51d/screenshot HTTP/1.1
User-Agent: selenium/4.1.4 (java windows)
Cache-Control: no-cache
Content-Type: application/json; charset=utf-8
host: localhost:63697
accept: */*

Response DefaultHttpResponse(decodeResult: success, version: HTTP/1.1)
HTTP/1.1 200 OK
Content-Type: application/json; charset=utf-8
cache-control: no-cache
content-length: 380028

19:05:37.834 [AsyncHttpClient-1-2] DEBUG org.asynchttpclient.netty.channel.ChannelManager - Adding key: http://localhost:63697 for channel [id: 0xb279cbd5, L:/127.0.0.1:50372 - R:localhost/127.0.0.1:63697]
19:05:37.847 [main] DEBUG net.serenitybdd.core.photography.Darkroom - Send negative for processing for target\site\serenity\a2f92beac4bd2951df18933bf63e90629c82f605d4bcb42e13d55ac9156a13d9.png
19:05:37.847 [main] DEBUG net.thucydides.core.steps.StepInterceptor - STARTING STEP: LoginSteps.iInputPasswordLogin - inputPasswordLogin
19:05:37.847 [Darkroom Processing Line] DEBUG net.serenitybdd.core.photography.DarkroomProcessingLine - Processing screenshot image in /var/screenshots/screenshot-1922017664389591905
19:05:37.847 [Darkroom Processing Line] DEBUG net.serenitybdd.core.photography.DarkroomProcessingLine - Saving screenshot to target\site\serenity\a2f92beac4bd2951df18933bf63e90629c82f605d4bcb42e13d55ac9156a13d9.png
19:05:37.847 [Forwarding findElement on session a0174ffd67e2347404d423da39abf51d to remote] DEBUG org.asynchttpclient.netty.request.NettyRequestSender - Using pooled Channel '[id: 0xb279cbd5, L:/127.0.0.1:50372 - R:localhost/127.0.0.1:63697]' for 'POST' to 'http://localhost:63697/session/a0174ffd67e2347404d423da39abf51d/element'
19:05:37.847 [Forwarding findElement on session a0174ffd67e2347404d423da39abf51d to remote] DEBUG org.asynchttpclient.netty.request.NettyRequestSender - Using open Channel [id: 0xb279cbd5, L:/127.0.0.1:50372 - R:localhost/127.0.0.1:63697] for POST '/session/a0174ffd67e2347404d423da39abf51d/element'
19:05:37.868 [AsyncHttpClient-1-2] DEBUG org.asynchttpclient.netty.handler.HttpHandler - 

Request DefaultHttpRequest(decodeResult: success, version: HTTP/1.1)
POST /session/a0174ffd67e2347404d423da39abf51d/element HTTP/1.1
User-Agent: selenium/4.1.4 (java windows)
Content-Length: 70
Content-Type: application/json; charset=utf-8
host: localhost:63697
accept: */*

Response DefaultHttpResponse(decodeResult: success, version: HTTP/1.1)
HTTP/1.1 200 OK
Content-Type: application/json; charset=utf-8
cache-control: no-cache
content-length: 88

19:05:37.868 [AsyncHttpClient-1-2] DEBUG org.asynchttpclient.netty.channel.ChannelManager - Adding key: http://localhost:63697 for channel [id: 0xb279cbd5, L:/127.0.0.1:50372 - R:localhost/127.0.0.1:63697]
19:05:37.870 [Forwarding sendKeysToElement on session a0174ffd67e2347404d423da39abf51d to remote] DEBUG org.asynchttpclient.netty.request.NettyRequestSender - Using pooled Channel '[id: 0xb279cbd5, L:/127.0.0.1:50372 - R:localhost/127.0.0.1:63697]' for 'POST' to 'http://localhost:63697/session/a0174ffd67e2347404d423da39abf51d/element/a27a6c35-a5fc-4907-81d3-64bed94797e7/value'
19:05:37.870 [Forwarding sendKeysToElement on session a0174ffd67e2347404d423da39abf51d to remote] DEBUG org.asynchttpclient.netty.request.NettyRequestSender - Using open Channel [id: 0xb279cbd5, L:/127.0.0.1:50372 - R:localhost/127.0.0.1:63697] for POST '/session/a0174ffd67e2347404d423da39abf51d/element/a27a6c35-a5fc-4907-81d3-64bed94797e7/value'
19:05:37.914 [AsyncHttpClient-1-2] DEBUG org.asynchttpclient.netty.handler.HttpHandler - 

Request DefaultHttpRequest(decodeResult: success, version: HTTP/1.1)
POST /session/a0174ffd67e2347404d423da39abf51d/element/a27a6c35-a5fc-4907-81d3-64bed94797e7/value HTTP/1.1
User-Agent: selenium/4.1.4 (java windows)
Content-Length: 82
Content-Type: application/json; charset=utf-8
host: localhost:63697
accept: */*

Response DefaultHttpResponse(decodeResult: success, version: HTTP/1.1)
HTTP/1.1 200 OK
Content-Type: application/json; charset=utf-8
cache-control: no-cache
content-length: 14

19:05:37.915 [AsyncHttpClient-1-2] DEBUG org.asynchttpclient.netty.channel.ChannelManager - Adding key: http://localhost:63697 for channel [id: 0xb279cbd5, L:/127.0.0.1:50372 - R:localhost/127.0.0.1:63697]
19:05:37.917 [Forwarding screenshot on session a0174ffd67e2347404d423da39abf51d to remote] DEBUG org.asynchttpclient.netty.request.NettyRequestSender - Using pooled Channel '[id: 0xb279cbd5, L:/127.0.0.1:50372 - R:localhost/127.0.0.1:63697]' for 'GET' to 'http://localhost:63697/session/a0174ffd67e2347404d423da39abf51d/screenshot'
19:05:37.917 [Forwarding screenshot on session a0174ffd67e2347404d423da39abf51d to remote] DEBUG org.asynchttpclient.netty.request.NettyRequestSender - Using open Channel [id: 0xb279cbd5, L:/127.0.0.1:50372 - R:localhost/127.0.0.1:63697] for GET '/session/a0174ffd67e2347404d423da39abf51d/screenshot'
19:05:38.087 [AsyncHttpClient-1-2] DEBUG org.asynchttpclient.netty.handler.HttpHandler - 

Request DefaultFullHttpRequest(decodeResult: success, version: HTTP/1.1, content: EmptyByteBufBE)
GET /session/a0174ffd67e2347404d423da39abf51d/screenshot HTTP/1.1
User-Agent: selenium/4.1.4 (java windows)
Cache-Control: no-cache
Content-Type: application/json; charset=utf-8
host: localhost:63697
accept: */*

Response DefaultHttpResponse(decodeResult: success, version: HTTP/1.1)
HTTP/1.1 200 OK
Content-Type: application/json; charset=utf-8
cache-control: no-cache
content-length: 379968

19:05:38.094 [AsyncHttpClient-1-2] DEBUG org.asynchttpclient.netty.channel.ChannelManager - Adding key: http://localhost:63697 for channel [id: 0xb279cbd5, L:/127.0.0.1:50372 - R:localhost/127.0.0.1:63697]
19:05:38.102 [main] DEBUG net.serenitybdd.core.photography.Darkroom - Send negative for processing for target\site\serenity\091eaed15beb89a2eea19162163ebda1e0567598c0e9d228b8f2dd51eaa5278d.png
19:05:38.102 [main] DEBUG net.thucydides.core.steps.StepInterceptor - STEP DONE: inputPasswordLogin
19:05:38.102 [Darkroom Processing Line] DEBUG net.serenitybdd.core.photography.DarkroomProcessingLine - Processing screenshot image in /var/screenshots/screenshot-7648214402386142424
19:05:38.102 [Darkroom Processing Line] DEBUG net.serenitybdd.core.photography.DarkroomProcessingLine - Saving screenshot to target\site\serenity\091eaed15beb89a2eea19162163ebda1e0567598c0e9d228b8f2dd51eaa5278d.png
  &amp#27;[32mAnd &amp#27;[0m&amp#27;[32mI input &amp#27;[0m&amp#27;[32m&amp#27;[1m""&amp#27;[0m&amp#27;[32m login password&amp#27;[0m               &amp#27;[90m# starter.stepdefinitios.LoginSteps.iInputPasswordLogin(java.lang.String)&amp#27;[0m
19:05:38.116 [main] DEBUG net.thucydides.core.steps.StepInterceptor - STARTING STEP: LoginSteps.iClickButtonLogin - clickButtonLogin
19:05:38.124 [Forwarding findElement on session a0174ffd67e2347404d423da39abf51d to remote] DEBUG org.asynchttpclient.netty.request.NettyRequestSender - Using pooled Channel '[id: 0xb279cbd5, L:/127.0.0.1:50372 - R:localhost/127.0.0.1:63697]' for 'POST' to 'http://localhost:63697/session/a0174ffd67e2347404d423da39abf51d/element'
19:05:38.124 [Forwarding findElement on session a0174ffd67e2347404d423da39abf51d to remote] DEBUG org.asynchttpclient.netty.request.NettyRequestSender - Using open Channel [id: 0xb279cbd5, L:/127.0.0.1:50372 - R:localhost/127.0.0.1:63697] for POST '/session/a0174ffd67e2347404d423da39abf51d/element'
19:05:38.142 [AsyncHttpClient-1-2] DEBUG org.asynchttpclient.netty.handler.HttpHandler - 

Request DefaultHttpRequest(decodeResult: success, version: HTTP/1.1)
POST /session/a0174ffd67e2347404d423da39abf51d/element HTTP/1.1
User-Agent: selenium/4.1.4 (java windows)
Content-Length: 68
Content-Type: application/json; charset=utf-8
host: localhost:63697
accept: */*

Response DefaultHttpResponse(decodeResult: success, version: HTTP/1.1)
HTTP/1.1 200 OK
Content-Type: application/json; charset=utf-8
cache-control: no-cache
content-length: 88

19:05:38.142 [AsyncHttpClient-1-2] DEBUG org.asynchttpclient.netty.channel.ChannelManager - Adding key: http://localhost:63697 for channel [id: 0xb279cbd5, L:/127.0.0.1:50372 - R:localhost/127.0.0.1:63697]
19:05:38.144 [Forwarding getElementTagName on session a0174ffd67e2347404d423da39abf51d to remote] DEBUG org.asynchttpclient.netty.request.NettyRequestSender - Using pooled Channel '[id: 0xb279cbd5, L:/127.0.0.1:50372 - R:localhost/127.0.0.1:63697]' for 'GET' to 'http://localhost:63697/session/a0174ffd67e2347404d423da39abf51d/element/27548948-815c-4cc3-b760-24670e327340/name'
19:05:38.144 [Forwarding getElementTagName on session a0174ffd67e2347404d423da39abf51d to remote] DEBUG org.asynchttpclient.netty.request.NettyRequestSender - Using open Channel [id: 0xb279cbd5, L:/127.0.0.1:50372 - R:localhost/127.0.0.1:63697] for GET '/session/a0174ffd67e2347404d423da39abf51d/element/27548948-815c-4cc3-b760-24670e327340/name'
19:05:38.152 [AsyncHttpClient-1-2] DEBUG org.asynchttpclient.netty.handler.HttpHandler - 

Request DefaultFullHttpRequest(decodeResult: success, version: HTTP/1.1, content: EmptyByteBufBE)
GET /session/a0174ffd67e2347404d423da39abf51d/element/27548948-815c-4cc3-b760-24670e327340/name HTTP/1.1
User-Agent: selenium/4.1.4 (java windows)
Cache-Control: no-cache
Content-Type: application/json; charset=utf-8
host: localhost:63697
accept: */*

Response DefaultHttpResponse(decodeResult: success, version: HTTP/1.1)
HTTP/1.1 200 OK
Content-Type: application/json; charset=utf-8
cache-control: no-cache
content-length: 18

19:05:38.152 [AsyncHttpClient-1-2] DEBUG org.asynchttpclient.netty.channel.ChannelManager - Adding key: http://localhost:63697 for channel [id: 0xb279cbd5, L:/127.0.0.1:50372 - R:localhost/127.0.0.1:63697]
19:05:38.154 [Forwarding getElementTagName on session a0174ffd67e2347404d423da39abf51d to remote] DEBUG org.asynchttpclient.netty.request.NettyRequestSender - Using pooled Channel '[id: 0xb279cbd5, L:/127.0.0.1:50372 - R:localhost/127.0.0.1:63697]' for 'GET' to 'http://localhost:63697/session/a0174ffd67e2347404d423da39abf51d/element/27548948-815c-4cc3-b760-24670e327340/name'
19:05:38.154 [Forwarding getElementTagName on session a0174ffd67e2347404d423da39abf51d to remote] DEBUG org.asynchttpclient.netty.request.NettyRequestSender - Using open Channel [id: 0xb279cbd5, L:/127.0.0.1:50372 - R:localhost/127.0.0.1:63697] for GET '/session/a0174ffd67e2347404d423da39abf51d/element/27548948-815c-4cc3-b760-24670e327340/name'
19:05:38.159 [AsyncHttpClient-1-2] DEBUG org.asynchttpclient.netty.handler.HttpHandler - 

Request DefaultFullHttpRequest(decodeResult: success, version: HTTP/1.1, content: EmptyByteBufBE)
GET /session/a0174ffd67e2347404d423da39abf51d/element/27548948-815c-4cc3-b760-24670e327340/name HTTP/1.1
User-Agent: selenium/4.1.4 (java windows)
Cache-Control: no-cache
Content-Type: application/json; charset=utf-8
host: localhost:63697
accept: */*

Response DefaultHttpResponse(decodeResult: success, version: HTTP/1.1)
HTTP/1.1 200 OK
Content-Type: application/json; charset=utf-8
cache-control: no-cache
content-length: 18

19:05:38.159 [AsyncHttpClient-1-2] DEBUG org.asynchttpclient.netty.channel.ChannelManager - Adding key: http://localhost:63697 for channel [id: 0xb279cbd5, L:/127.0.0.1:50372 - R:localhost/127.0.0.1:63697]
19:05:38.163 [Forwarding isElementEnabled on session a0174ffd67e2347404d423da39abf51d to remote] DEBUG org.asynchttpclient.netty.request.NettyRequestSender - Using pooled Channel '[id: 0xb279cbd5, L:/127.0.0.1:50372 - R:localhost/127.0.0.1:63697]' for 'GET' to 'http://localhost:63697/session/a0174ffd67e2347404d423da39abf51d/element/27548948-815c-4cc3-b760-24670e327340/enabled'
19:05:38.163 [Forwarding isElementEnabled on session a0174ffd67e2347404d423da39abf51d to remote] DEBUG org.asynchttpclient.netty.request.NettyRequestSender - Using open Channel [id: 0xb279cbd5, L:/127.0.0.1:50372 - R:localhost/127.0.0.1:63697] for GET '/session/a0174ffd67e2347404d423da39abf51d/element/27548948-815c-4cc3-b760-24670e327340/enabled'
19:05:38.171 [AsyncHttpClient-1-2] DEBUG org.asynchttpclient.netty.handler.HttpHandler - 

Request DefaultFullHttpRequest(decodeResult: success, version: HTTP/1.1, content: EmptyByteBufBE)
GET /session/a0174ffd67e2347404d423da39abf51d/element/27548948-815c-4cc3-b760-24670e327340/enabled HTTP/1.1
User-Agent: selenium/4.1.4 (java windows)
Cache-Control: no-cache
Content-Type: application/json; charset=utf-8
host: localhost:63697
accept: */*

Response DefaultHttpResponse(decodeResult: success, version: HTTP/1.1)
HTTP/1.1 200 OK
Content-Type: application/json; charset=utf-8
cache-control: no-cache
content-length: 14

19:05:38.172 [AsyncHttpClient-1-2] DEBUG org.asynchttpclient.netty.channel.ChannelManager - Adding key: http://localhost:63697 for channel [id: 0xb279cbd5, L:/127.0.0.1:50372 - R:localhost/127.0.0.1:63697]
19:05:38.173 [Forwarding isElementEnabled on session a0174ffd67e2347404d423da39abf51d to remote] DEBUG org.asynchttpclient.netty.request.NettyRequestSender - Using pooled Channel '[id: 0xb279cbd5, L:/127.0.0.1:50372 - R:localhost/127.0.0.1:63697]' for 'GET' to 'http://localhost:63697/session/a0174ffd67e2347404d423da39abf51d/element/27548948-815c-4cc3-b760-24670e327340/enabled'
19:05:38.173 [Forwarding isElementEnabled on session a0174ffd67e2347404d423da39abf51d to remote] DEBUG org.asynchttpclient.netty.request.NettyRequestSender - Using open Channel [id: 0xb279cbd5, L:/127.0.0.1:50372 - R:localhost/127.0.0.1:63697] for GET '/session/a0174ffd67e2347404d423da39abf51d/element/27548948-815c-4cc3-b760-24670e327340/enabled'
19:05:38.227 [AsyncHttpClient-1-2] DEBUG org.asynchttpclient.netty.handler.HttpHandler - 

[...]
19:06:54.204 [AsyncHttpClient-1-4] DEBUG org.asynchttpclient.netty.handler.HttpHandler - 

Request DefaultFullHttpRequest(decodeResult: success, version: HTTP/1.1, content: EmptyByteBufBE)
GET /session/2f5afa65b9ee4b1afe1ef01b2c5b6b2e/element/182f39f7-d7d4-476f-9bc3-5ad5870b2641/enabled HTTP/1.1
User-Agent: selenium/4.1.4 (java windows)
Cache-Control: no-cache
Content-Type: application/json; charset=utf-8
host: localhost:56224
accept: */*

Response DefaultHttpResponse(decodeResult: success, version: HTTP/1.1)
HTTP/1.1 200 OK
Content-Type: application/json; charset=utf-8
cache-control: no-cache
content-length: 14

19:06:54.204 [AsyncHttpClient-1-4] DEBUG org.asynchttpclient.netty.channel.ChannelManager - Adding key: http://localhost:56224 for channel [id: 0xed824431, L:/127.0.0.1:50517 - R:localhost/127.0.0.1:56224]
19:06:54.206 [Forwarding findElement on session 2f5afa65b9ee4b1afe1ef01b2c5b6b2e to remote] DEBUG org.asynchttpclient.netty.request.NettyRequestSender - Using pooled Channel '[id: 0xed824431, L:/127.0.0.1:50517 - R:localhost/127.0.0.1:56224]' for 'POST' to 'http://localhost:56224/session/2f5afa65b9ee4b1afe1ef01b2c5b6b2e/element'
19:06:54.206 [Forwarding findElement on session 2f5afa65b9ee4b1afe1ef01b2c5b6b2e to remote] DEBUG org.asynchttpclient.netty.request.NettyRequestSender - Using open Channel [id: 0xed824431, L:/127.0.0.1:50517 - R:localhost/127.0.0.1:56224] for POST '/session/2f5afa65b9ee4b1afe1ef01b2c5b6b2e/element'
19:06:54.215 [AsyncHttpClient-1-4] DEBUG org.asynchttpclient.netty.handler.HttpHandler - 

Request DefaultHttpRequest(decodeResult: success, version: HTTP/1.1)
POST /session/2f5afa65b9ee4b1afe1ef01b2c5b6b2e/element HTTP/1.1
User-Agent: selenium/4.1.4 (java windows)
Content-Length: 88
Content-Type: application/json; charset=utf-8
host: localhost:56224
accept: */*

Response DefaultHttpResponse(decodeResult: success, version: HTTP/1.1)
HTTP/1.1 200 OK
Content-Type: application/json; charset=utf-8
cache-control: no-cache
content-length: 88

19:06:54.215 [AsyncHttpClient-1-4] DEBUG org.asynchttpclient.netty.channel.ChannelManager - Adding key: http://localhost:56224 for channel [id: 0xed824431, L:/127.0.0.1:50517 - R:localhost/127.0.0.1:56224]
19:06:54.216 [Forwarding clickElement on session 2f5afa65b9ee4b1afe1ef01b2c5b6b2e to remote] DEBUG org.asynchttpclient.netty.request.NettyRequestSender - Using pooled Channel '[id: 0xed824431, L:/127.0.0.1:50517 - R:localhost/127.0.0.1:56224]' for 'POST' to 'http://localhost:56224/session/2f5afa65b9ee4b1afe1ef01b2c5b6b2e/element/182f39f7-d7d4-476f-9bc3-5ad5870b2641/click'
19:06:54.216 [Forwarding clickElement on session 2f5afa65b9ee4b1afe1ef01b2c5b6b2e to remote] DEBUG org.asynchttpclient.netty.request.NettyRequestSender - Using open Channel [id: 0xed824431, L:/127.0.0.1:50517 - R:localhost/127.0.0.1:56224] for POST '/session/2f5afa65b9ee4b1afe1ef01b2c5b6b2e/element/182f39f7-d7d4-476f-9bc3-5ad5870b2641/click'
19:06:54.309 [AsyncHttpClient-1-4] DEBUG org.asynchttpclient.netty.handler.HttpHandler - 

Request DefaultHttpRequest(decodeResult: success, version: HTTP/1.1)
POST /session/2f5afa65b9ee4b1afe1ef01b2c5b6b2e/element/182f39f7-d7d4-476f-9bc3-5ad5870b2641/click HTTP/1.1
User-Agent: selenium/4.1.4 (java windows)
Content-Length: 50
Content-Type: application/json; charset=utf-8
host: localhost:56224
accept: */*

Response DefaultHttpResponse(decodeResult: success, version: HTTP/1.1)
HTTP/1.1 200 OK
Content-Type: application/json; charset=utf-8
cache-control: no-cache
content-length: 14

19:06:54.309 [AsyncHttpClient-1-4] DEBUG org.asynchttpclient.netty.channel.ChannelManager - Adding key: http://localhost:56224 for channel [id: 0xed824431, L:/127.0.0.1:50517 - R:localhost/127.0.0.1:56224]
19:06:54.322 [Forwarding screenshot on session 2f5afa65b9ee4b1afe1ef01b2c5b6b2e to remote] DEBUG org.asynchttpclient.netty.request.NettyRequestSender - Using pooled Channel '[id: 0xed824431, L:/127.0.0.1:50517 - R:localhost/127.0.0.1:56224]' for 'GET' to 'http://localhost:56224/session/2f5afa65b9ee4b1afe1ef01b2c5b6b2e/screenshot'
19:06:54.322 [Forwarding screenshot on session 2f5afa65b9ee4b1afe1ef01b2c5b6b2e to remote] DEBUG org.asynchttpclient.netty.request.NettyRequestSender - Using open Channel [id: 0xed824431, L:/127.0.0.1:50517 - R:localhost/127.0.0.1:56224] for GET '/session/2f5afa65b9ee4b1afe1ef01b2c5b6b2e/screenshot'
19:06:54.666 [AsyncHttpClient-1-4] DEBUG org.asynchttpclient.netty.handler.HttpHandler - 

Request DefaultFullHttpRequest(decodeResult: success, version: HTTP/1.1, content: EmptyByteBufBE)
GET /session/2f5afa65b9ee4b1afe1ef01b2c5b6b2e/screenshot HTTP/1.1
User-Agent: selenium/4.1.4 (java windows)
Cache-Control: no-cache
Content-Type: application/json; charset=utf-8
host: localhost:56224
accept: */*

Response DefaultHttpResponse(decodeResult: success, version: HTTP/1.1)
HTTP/1.1 200 OK
Content-Type: application/json; charset=utf-8
cache-control: no-cache
content-length: 73804

19:06:54.666 [AsyncHttpClient-1-4] DEBUG org.asynchttpclient.netty.channel.ChannelManager - Adding key: http://localhost:56224 for channel [id: 0xed824431, L:/127.0.0.1:50517 - R:localhost/127.0.0.1:56224]
19:06:54.668 [main] DEBUG net.serenitybdd.core.photography.Darkroom - Send negative for processing for target\site\serenity\aaabcc68c76734b97ef2e447272b0d54c51d4ad566387ffb27fac1fff671eb31.png
19:06:54.668 [main] DEBUG net.thucydides.core.steps.StepInterceptor - STEP DONE: clickButtonErrorOK
  &amp#27;[32mAnd &amp#27;[0m&amp#27;[32mLogin validation invalid&amp#27;[0m                &amp#27;[90m# starter.stepdefinitios.LoginSteps.loginValidationInvalid()&amp#27;[0m
19:06:54.668 [Darkroom Processing Line] DEBUG net.serenitybdd.core.photography.DarkroomProcessingLine - Processing screenshot image in /var/screenshots/screenshot-9460513075193354504
19:06:54.668 [Darkroom Processing Line] DEBUG net.serenitybdd.core.photography.DarkroomProcessingLine - Saving screenshot to target\site\serenity\aaabcc68c76734b97ef2e447272b0d54c51d4ad566387ffb27fac1fff671eb31.png
19:06:54.759 [AsyncHttpClient-1-1] DEBUG org.asynchttpclient.netty.channel.DefaultChannelPool - Entry count for : http://localhost:56224 : 1
19:06:54.759 [AsyncHttpClient-1-1] DEBUG org.asynchttpclient.netty.channel.DefaultChannelPool - Entry count for : http://localhost:50518 : 1
19:06:55.855 [AsyncHttpClient-1-1] DEBUG org.asynchttpclient.netty.channel.DefaultChannelPool - Entry count for : http://localhost:56224 : 1
19:06:55.855 [AsyncHttpClient-1-1] DEBUG org.asynchttpclient.netty.channel.DefaultChannelPool - Entry count for : http://localhost:50518 : 1
19:06:56.961 [AsyncHttpClient-1-1] DEBUG org.asynchttpclient.netty.channel.DefaultChannelPool - Entry count for : http://localhost:56224 : 1
19:06:56.961 [AsyncHttpClient-1-1] DEBUG org.asynchttpclient.netty.channel.DefaultChannelPool - Entry count for : http://localhost:50518 : 1
19:06:58.065 [AsyncHttpClient-1-1] DEBUG org.asynchttpclient.netty.channel.DefaultChannelPool - Entry count for : http://localhost:56224 : 1
19:06:58.065 [AsyncHttpClient-1-1] DEBUG org.asynchttpclient.netty.channel.DefaultChannelPool - Entry count for : http://localhost:50518 : 1
19:06:59.157 [AsyncHttpClient-1-1] DEBUG org.asynchttpclient.netty.channel.DefaultChannelPool - Entry count for : http://localhost:56224 : 1
19:06:59.157 [AsyncHttpClient-1-1] DEBUG org.asynchttpclient.netty.channel.DefaultChannelPool - Entry count for : http://localhost:50518 : 1
19:06:59.702 [Forwarding screenshot on session 2f5afa65b9ee4b1afe1ef01b2c5b6b2e to remote] DEBUG org.asynchttpclient.netty.request.NettyRequestSender - Using pooled Channel '[id: 0xed824431, L:/127.0.0.1:50517 - R:localhost/127.0.0.1:56224]' for 'GET' to 'http://localhost:56224/session/2f5afa65b9ee4b1afe1ef01b2c5b6b2e/screenshot'
19:06:59.702 [Forwarding screenshot on session 2f5afa65b9ee4b1afe1ef01b2c5b6b2e to remote] DEBUG org.asynchttpclient.netty.request.NettyRequestSender - Using open Channel [id: 0xed824431, L:/127.0.0.1:50517 - R:localhost/127.0.0.1:56224] for GET '/session/2f5afa65b9ee4b1afe1ef01b2c5b6b2e/screenshot'
19:06:59.852 [AsyncHttpClient-1-4] DEBUG org.asynchttpclient.netty.handler.HttpHandler - 

Request DefaultFullHttpRequest(decodeResult: success, version: HTTP/1.1, content: EmptyByteBufBE)
GET /session/2f5afa65b9ee4b1afe1ef01b2c5b6b2e/screenshot HTTP/1.1
User-Agent: selenium/4.1.4 (java windows)
Cache-Control: no-cache
Content-Type: application/json; charset=utf-8
host: localhost:56224
accept: */*

Response DefaultHttpResponse(decodeResult: success, version: HTTP/1.1)
HTTP/1.1 200 OK
Content-Type: application/json; charset=utf-8
cache-control: no-cache
content-length: 78792

19:06:59.852 [AsyncHttpClient-1-4] DEBUG org.asynchttpclient.netty.channel.ChannelManager - Adding key: http://localhost:56224 for channel [id: 0xed824431, L:/127.0.0.1:50517 - R:localhost/127.0.0.1:56224]
19:06:59.857 [main] DEBUG net.serenitybdd.core.photography.Darkroom - Send negative for processing for target\site\serenity\7d6bd986d40d2ce7d09c99e3df4f2f7845451131625824cea4a6f296a4101466.png
19:06:59.857 [main] DEBUG net.thucydides.core.steps.StepInterceptor - STARTING STEP: LoginSteps.validateOnDashboard - validViewDashbord
19:06:59.857 [Darkroom Processing Line] DEBUG net.serenitybdd.core.photography.DarkroomProcessingLine - Processing screenshot image in /var/screenshots/screenshot-16482767324545324307
19:06:59.861 [Darkroom Processing Line] DEBUG net.serenitybdd.core.photography.DarkroomProcessingLine - Saving screenshot to target\site\serenity\7d6bd986d40d2ce7d09c99e3df4f2f7845451131625824cea4a6f296a4101466.png
19:06:59.865 [Forwarding findElement on session 2f5afa65b9ee4b1afe1ef01b2c5b6b2e to remote] DEBUG org.asynchttpclient.netty.request.NettyRequestSender - Using pooled Channel '[id: 0xed824431, L:/127.0.0.1:50517 - R:localhost/127.0.0.1:56224]' for 'POST' to 'http://localhost:56224/session/2f5afa65b9ee4b1afe1ef01b2c5b6b2e/element'
19:06:59.865 [Forwarding findElement on session 2f5afa65b9ee4b1afe1ef01b2c5b6b2e to remote] DEBUG org.asynchttpclient.netty.request.NettyRequestSender - Using open Channel [id: 0xed824431, L:/127.0.0.1:50517 - R:localhost/127.0.0.1:56224] for POST '/session/2f5afa65b9ee4b1afe1ef01b2c5b6b2e/element'
19:06:59.883 [AsyncHttpClient-1-4] DEBUG org.asynchttpclient.netty.handler.HttpHandler - 

Request DefaultHttpRequest(decodeResult: success, version: HTTP/1.1)
POST /session/2f5afa65b9ee4b1afe1ef01b2c5b6b2e/element HTTP/1.1
User-Agent: selenium/4.1.4 (java windows)
Content-Length: 96
Content-Type: application/json; charset=utf-8
host: localhost:56224
accept: */*

Response DefaultHttpResponse(decodeResult: success, version: HTTP/1.1)
HTTP/1.1 200 OK
Content-Type: application/json; charset=utf-8
cache-control: no-cache
content-length: 88

19:06:59.883 [AsyncHttpClient-1-4] DEBUG org.asynchttpclient.netty.channel.ChannelManager - Adding key: http://localhost:56224 for channel [id: 0xed824431, L:/127.0.0.1:50517 - R:localhost/127.0.0.1:56224]
19:06:59.884 [Forwarding isElementEnabled on session 2f5afa65b9ee4b1afe1ef01b2c5b6b2e to remote] DEBUG org.asynchttpclient.netty.request.NettyRequestSender - Using pooled Channel '[id: 0xed824431, L:/127.0.0.1:50517 - R:localhost/127.0.0.1:56224]' for 'GET' to 'http://localhost:56224/session/2f5afa65b9ee4b1afe1ef01b2c5b6b2e/element/d7d1828f-1df1-4c9f-abc4-2a0b153d5fe0/enabled'
19:06:59.884 [Forwarding isElementEnabled on session 2f5afa65b9ee4b1afe1ef01b2c5b6b2e to remote] DEBUG org.asynchttpclient.netty.request.NettyRequestSender - Using open Channel [id: 0xed824431, L:/127.0.0.1:50517 - R:localhost/127.0.0.1:56224] for GET '/session/2f5afa65b9ee4b1afe1ef01b2c5b6b2e/element/d7d1828f-1df1-4c9f-abc4-2a0b153d5fe0/enabled'
19:06:59.899 [AsyncHttpClient-1-4] DEBUG org.asynchttpclient.netty.handler.HttpHandler - 

Request DefaultFullHttpRequest(decodeResult: success, version: HTTP/1.1, content: EmptyByteBufBE)
GET /session/2f5afa65b9ee4b1afe1ef01b2c5b6b2e/element/d7d1828f-1df1-4c9f-abc4-2a0b153d5fe0/enabled HTTP/1.1
User-Agent: selenium/4.1.4 (java windows)
Cache-Control: no-cache
Content-Type: application/json; charset=utf-8
host: localhost:56224
accept: */*

Response DefaultHttpResponse(decodeResult: success, version: HTTP/1.1)
HTTP/1.1 200 OK
Content-Type: application/json; charset=utf-8
cache-control: no-cache
content-length: 14

19:06:59.900 [AsyncHttpClient-1-4] DEBUG org.asynchttpclient.netty.channel.ChannelManager - Adding key: http://localhost:56224 for channel [id: 0xed824431, L:/127.0.0.1:50517 - R:localhost/127.0.0.1:56224]
19:06:59.901 [main] DEBUG net.thucydides.core.steps.StepInterceptor - STEP DONE: validViewDashbord
  &amp#27;[32mAnd &amp#27;[0m&amp#27;[32mValidate on dashboard&amp#27;[0m                   &amp#27;[90m# starter.stepdefinitios.LoginSteps.validateOnDashboard()&amp#27;[0m
19:06:59.915 [Forwarding screenshot on session 2f5afa65b9ee4b1afe1ef01b2c5b6b2e to remote] DEBUG org.asynchttpclient.netty.request.NettyRequestSender - Using pooled Channel '[id: 0xed824431, L:/127.0.0.1:50517 - R:localhost/127.0.0.1:56224]' for 'GET' to 'http://localhost:56224/session/2f5afa65b9ee4b1afe1ef01b2c5b6b2e/screenshot'
19:06:59.915 [Forwarding screenshot on session 2f5afa65b9ee4b1afe1ef01b2c5b6b2e to remote] DEBUG org.asynchttpclient.netty.request.NettyRequestSender - Using open Channel [id: 0xed824431, L:/127.0.0.1:50517 - R:localhost/127.0.0.1:56224] for GET '/session/2f5afa65b9ee4b1afe1ef01b2c5b6b2e/screenshot'
19:07:00.054 [AsyncHttpClient-1-4] DEBUG org.asynchttpclient.netty.handler.HttpHandler - 

Request DefaultFullHttpRequest(decodeResult: success, version: HTTP/1.1, content: EmptyByteBufBE)
GET /session/2f5afa65b9ee4b1afe1ef01b2c5b6b2e/screenshot HTTP/1.1
User-Agent: selenium/4.1.4 (java windows)
Cache-Control: no-cache
Content-Type: application/json; charset=utf-8
host: localhost:56224
accept: */*

Response DefaultHttpResponse(decodeResult: success, version: HTTP/1.1)
HTTP/1.1 200 OK
Content-Type: application/json; charset=utf-8
cache-control: no-cache
content-length: 78792

19:07:00.055 [AsyncHttpClient-1-4] DEBUG org.asynchttpclient.netty.channel.ChannelManager - Adding key: http://localhost:56224 for channel [id: 0xed824431, L:/127.0.0.1:50517 - R:localhost/127.0.0.1:56224]
19:07:00.056 [main] DEBUG net.serenitybdd.core.photography.Darkroom - Send negative for processing for target\site\serenity\7d6bd986d40d2ce7d09c99e3df4f2f7845451131625824cea4a6f296a4101466.png
19:07:00.059 [AsyncHttpClient-1-6] DEBUG org.asynchttpclient.netty.handler.WebSocketHandler - Channel Closed: [id: 0x0b6312ea, L:/127.0.0.1:50524 ! R:localhost/127.0.0.1:50518] with attribute NettyResponseFuture{currentRetry=5,
	isDone=1,
	isCancelled=0,
	asyncHandler=org.asynchttpclient.ws.WebSocketUpgradeHandler@1a9a092c,
	nettyRequest=org.asynchttpclient.netty.request.NettyRequest@53086e9e,
	future=java.util.concurrent.CompletableFuture@69f14ac9[Completed normally],
	uri=ws://localhost:50518/devtools/browser/9ba3a673-a43b-4107-95b0-b9f31b373282,
	keepAlive=true,
	redirectCount=0,
	timeoutsHolder=null,
	inAuth=0,
	touch=1658059603386}
19:07:00.059 [AsyncHttpClient-1-6] DEBUG org.asynchttpclient.netty.channel.ChannelManager - Closing Channel [id: 0x0b6312ea, L:/127.0.0.1:50524 ! R:localhost/127.0.0.1:50518] 
19:07:00.060 [Driver Command Executor] DEBUG org.asynchttpclient.netty.request.NettyRequestSender - Using pooled Channel '[id: 0xed824431, L:/127.0.0.1:50517 - R:localhost/127.0.0.1:56224]' for 'DELETE' to 'http://localhost:56224/session/2f5afa65b9ee4b1afe1ef01b2c5b6b2e'
19:07:00.060 [Driver Command Executor] DEBUG org.asynchttpclient.netty.request.NettyRequestSender - Using open Channel [id: 0xed824431, L:/127.0.0.1:50517 - R:localhost/127.0.0.1:56224] for DELETE '/session/2f5afa65b9ee4b1afe1ef01b2c5b6b2e'
19:07:00.103 [AsyncHttpClient-1-5] DEBUG org.asynchttpclient.netty.handler.HttpHandler - Unexpected I/O exception on channel [id: 0x9cc9a849, L:/127.0.0.1:50523 - R:localhost/127.0.0.1:50518]
java.io.IOException: An existing connection was forcibly closed by the remote host
	at java.base/sun.nio.ch.SocketDispatcher.read0(Native Method)
	at java.base/sun.nio.ch.SocketDispatcher.read(SocketDispatcher.java:43)
	at java.base/sun.nio.ch.IOUtil.readIntoNativeBuffer(IOUtil.java:276)
	at java.base/sun.nio.ch.IOUtil.read(IOUtil.java:233)
	at java.base/sun.nio.ch.IOUtil.read(IOUtil.java:223)
	at java.base/sun.nio.ch.SocketChannelImpl.read(SocketChannelImpl.java:356)
	at io.netty.buffer.PooledByteBuf.setBytes(PooledByteBuf.java:258)
	at io.netty.buffer.AbstractByteBuf.writeBytes(AbstractByteBuf.java:1132)
	at io.netty.channel.socket.nio.NioSocketChannel.doReadBytes(NioSocketChannel.java:357)
	at io.netty.channel.nio.AbstractNioByteChannel$NioByteUnsafe.read(AbstractNioByteChannel.java:151)
	at io.netty.channel.nio.NioEventLoop.processSelectedKey(NioEventLoop.java:722)
	at io.netty.channel.nio.NioEventLoop.processSelectedKeysOptimized(NioEventLoop.java:658)
	at io.netty.channel.nio.NioEventLoop.processSelectedKeys(NioEventLoop.java:584)
	at io.netty.channel.nio.NioEventLoop.run(NioEventLoop.java:496)
	at io.netty.util.concurrent.SingleThreadEventExecutor$4.run(SingleThreadEventExecutor.java:986)
	at io.netty.util.internal.ThreadExecutorMap$2.run(ThreadExecutorMap.java:74)
	at io.netty.util.concurrent.FastThreadLocalRunnable.run(FastThreadLocalRunnable.java:30)
	at java.base/java.lang.Thread.run(Thread.java:829)
19:07:00.103 [AsyncHttpClient-1-5] DEBUG org.asynchttpclient.netty.channel.ChannelManager - Closing Channel [id: 0x9cc9a849, L:/127.0.0.1:50523 - R:localhost/127.0.0.1:50518] 
19:07:00.104 [AsyncHttpClient-1-5] DEBUG org.asynchttpclient.netty.handler.HttpHandler - Channel Closed: [id: 0x9cc9a849, L:/127.0.0.1:50523 ! R:localhost/127.0.0.1:50518] with attribute DISCARD
19:07:00.160 [AsyncHttpClient-1-4] DEBUG org.asynchttpclient.netty.handler.HttpHandler - 

Request DefaultFullHttpRequest(decodeResult: success, version: HTTP/1.1, content: EmptyByteBufBE)
DELETE /session/2f5afa65b9ee4b1afe1ef01b2c5b6b2e HTTP/1.1
User-Agent: selenium/4.1.4 (java windows)
Content-Type: application/json; charset=utf-8
host: localhost:56224
accept: */*

Response DefaultHttpResponse(decodeResult: success, version: HTTP/1.1)
HTTP/1.1 200 OK
Content-Type: application/json; charset=utf-8
cache-control: no-cache
content-length: 14

19:07:00.160 [AsyncHttpClient-1-4] DEBUG org.asynchttpclient.netty.channel.ChannelManager - Adding key: http://localhost:56224 for channel [id: 0xed824431, L:/127.0.0.1:50517 - R:localhost/127.0.0.1:56224]
19:07:00.216 [AsyncHttpClient-1-4] DEBUG org.asynchttpclient.netty.handler.HttpHandler - Channel Closed: [id: 0xed824431, L:/127.0.0.1:50517 ! R:localhost/127.0.0.1:56224] with attribute DISCARD
19:07:00.255 [main] INFO  - 
  _____   ___   ___   _____     ___     _     ___   ___   ___   ___  
 |_   _| | __| / __| |_   _|   | _ \   /_\   / __| / __| | __| |   \ 
   | |   | _|  \__ \   | |     |  _/  / _ \  \__ \ \__ \ | _|  | |) |
   |_|   |___| |___/   |_|     |_|   /_/ \_\ |___/ |___/ |___| |___/ 

As a admin I login - Valid
----------------------------------------------------------------------
]]></system-out>
    <system-err><![CDATA[Starting ChromeDriver 103.0.5060.53 (a1711811edd74ff1cf2150f36ffa3b0dae40b17f-refs/branch-heads/5060@{#853}) on port 56224
Only local connections are allowed.
Please see https://chromedriver.chromium.org/security-considerations for suggestions on keeping ChromeDriver safe.
ChromeDriver was started successfully.
Jul 17, 2022 7:06:43 PM org.openqa.selenium.remote.ProtocolHandshake createSession
INFO: Detected dialect: W3C
Jul 17, 2022 7:06:43 PM org.openqa.selenium.devtools.CdpVersionFinder findNearestMatch
WARNING: Unable to find an exact match for CDP version 103, so returning the closest version found: 101
Jul 17, 2022 7:06:43 PM org.openqa.selenium.devtools.CdpVersionFinder findNearestMatch
INFO: Found CDP implementation for version 103 of 101
]]></system-err>
  </testcase>
</testsuite>