<?xml version="1.0" encoding="UTF-8" standalone="no"?><testsuite errors="0" failures="0" name="Data Pasien - Admin" skipped="0" tests="25" time="858.76" timestamp="2022-07-17 06:24:05"><testcase name="As a admin i want to view data pasien"/><testcase name="As a admin i want to detail data pasien"/><testcase name="As a admin i want to add data pasien (JK Laki-Laki) - Valid"/><testcase name="As a admin i want to add data pasien (JK Laki-Laki) - Valid not Gender"/><testcase name="As a admin i want to edit data pasien (JK Perempuan) - Valid"/><testcase name="As a admin i want to add data pasien (JK Laki-Laki) - Kosong"/><testcase name="As a admin i want to add data pasien (JK Laki-Laki) - Invlid"/><testcase name="As a admin i want to edit data pasien (JK Perempuan) - Invalid"/><testcase name="As a admin i want to delete data pasien - No"/><testcase name="As a admin i want to delete data pasien - Yes"/><testcase name="As a admin i want to search data pasien"/></testsuite>