<?xml version="1.0" encoding="UTF-8"?>
<testsuite xmlns:xsi="http://www.w3.org/2001/XMLSchema-instance" xsi:noNamespaceSchemaLocation="https://maven.apache.org/surefire/maven-failsafe-plugin/xsd/failsafe-test-report-3.0.xsd" version="3.0" name="CucumberTestSuite" time="90.927" tests="2" errors="0" skipped="0" failures="0">
  <properties>
[...]
</properties>
  <testcase name="As a admin I  Logout - Yes" classname="LogOut Acount - Admin" time="46.958">
    <system-out><![CDATA[19:28:06.380 [main] INFO io.cucumber.core.plugin.SerenityReporter - Running feature from file:///C:/Alterra/CapstoneBaru/QE/TestingWebUpdate/src/test/resources/features/2LogOut.feature
19:28:06.585 [main] INFO  - 

-------------------------------------------------------------------------------------
     _______. _______ .______       _______ .__   __.  __  .___________.____    ____ 
    /       ||   ____||   _  \     |   ____||  \ |  | |  | |           |\   \  /   / 
   |   (----`|  |__   |  |_)  |    |  |__   |   \|  | |  | `---|  |----` \   \/   /  
    \   \    |   __|  |      /     |   __|  |  . `  | |  |     |  |       \_    _/   
.----)   |   |  |____ |  |\  \----.|  |____ |  |\   | |  |     |  |         |  |     
|_______/    |_______|| _| `._____||_______||__| \__| |__|     |__|         |__|    
                                                                                     
 News and tutorials at http://www.serenity-bdd.info                                  
 Documentation at https://wakaleo.gitbooks.io/the-serenity-book/content/             
 Join the Serenity Community on Gitter: https://gitter.im/serenity-bdd/serenity-core 
 Serenity BDD Support and Training at http://serenity-bdd.info/#/trainingandsupport  
-------------------------------------------------------------------------------------

19:28:06.588 [main] DEBUG net.thucydides.core.steps.StepEventBus - Test suite started for story net.thucydides.core.model.Story@3f0256d1
19:28:06.590 [main] INFO  - Test Suite Started: LogOut Acount - Admin
19:28:06.609 [main] INFO io.cucumber.core.plugin.SerenityReporter - Running feature from file:///C:/Alterra/CapstoneBaru/QE/TestingWebUpdate/src/test/resources/features/4DataPasien.feature
19:28:06.632 [main] DEBUG net.thucydides.core.steps.StepEventBus - Test suite started for story net.thucydides.core.model.Story@b5b91de1
19:28:06.633 [main] INFO  - Test Suite Started: Data Pasien - Admin
19:28:06.633 [main] INFO io.cucumber.core.plugin.SerenityReporter - Running feature from file:///C:/Alterra/CapstoneBaru/QE/TestingWebUpdate/src/test/resources/features/6ArsipJadwal.feature
19:28:06.640 [main] DEBUG net.thucydides.core.steps.StepEventBus - Test suite started for story net.thucydides.core.model.Story@49b25d95
19:28:06.640 [main] INFO  - Test Suite Started: Arsip jadwal - admin
19:28:06.640 [main] INFO io.cucumber.core.plugin.SerenityReporter - Running feature from file:///C:/Alterra/CapstoneBaru/QE/TestingWebUpdate/src/test/resources/features/AddDataDokter.feature
19:28:06.654 [main] DEBUG net.thucydides.core.steps.StepEventBus - Test suite started for story net.thucydides.core.model.Story@f27570ba
19:28:06.654 [main] INFO  - Test Suite Started: Add Data Dokter - Admin
19:28:06.655 [main] INFO io.cucumber.core.plugin.SerenityReporter - Running feature from file:///C:/Alterra/CapstoneBaru/QE/TestingWebUpdate/src/test/resources/features/AddDataPasien.feature
19:28:06.669 [main] DEBUG net.thucydides.core.steps.StepEventBus - Test suite started for story net.thucydides.core.model.Story@2ed0929a
19:28:06.670 [main] INFO  - Test Suite Started: Add Data Pasien - Admin
19:28:06.670 [main] INFO io.cucumber.core.plugin.SerenityReporter - Running feature from file:///C:/Alterra/CapstoneBaru/QE/TestingWebUpdate/src/test/resources/features/AddKelolaJadwal.feature
19:28:06.672 [main] DEBUG net.thucydides.core.steps.StepEventBus - Test suite started for story net.thucydides.core.model.Story@346b43ca
19:28:06.680 [main] INFO  - Test Suite Started: Add Kelola Jadwal - Admin
19:28:06.680 [main] INFO io.cucumber.core.plugin.SerenityReporter - Running feature from file:///C:/Alterra/CapstoneBaru/QE/TestingWebUpdate/src/test/resources/features/DeleteDataDokter.feature
19:28:06.685 [main] DEBUG net.thucydides.core.steps.StepEventBus - Test suite started for story net.thucydides.core.model.Story@f29440ba
19:28:06.686 [main] INFO  - Test Suite Started: Delete Data Dokter - Admin
19:28:06.686 [main] INFO io.cucumber.core.plugin.SerenityReporter - Running feature from file:///C:/Alterra/CapstoneBaru/QE/TestingWebUpdate/src/test/resources/features/DeleteDataPasien.feature
19:28:06.692 [main] DEBUG net.thucydides.core.steps.StepEventBus - Test suite started for story net.thucydides.core.model.Story@2eef629a
19:28:06.692 [main] INFO  - Test Suite Started: Delete Data Pasien - Admin
19:28:06.692 [main] INFO io.cucumber.core.plugin.SerenityReporter - Running feature from file:///C:/Alterra/CapstoneBaru/QE/TestingWebUpdate/src/test/resources/features/DetailDataDokter.feature
19:28:06.695 [main] DEBUG net.thucydides.core.steps.StepEventBus - Test suite started for story net.thucydides.core.model.Story@4f1566fa
19:28:06.695 [main] INFO  - Test Suite Started: Detail Data Dokter - Admin
19:28:06.695 [main] INFO io.cucumber.core.plugin.SerenityReporter - Running feature from file:///C:/Alterra/CapstoneBaru/QE/TestingWebUpdate/src/test/resources/features/DetailDataPasien.feature
19:28:06.695 [main] DEBUG net.thucydides.core.steps.StepEventBus - Test suite started for story net.thucydides.core.model.Story@8b7088da
19:28:06.695 [main] INFO  - Test Suite Started: Detail Data Pasien - Admin
19:28:06.695 [main] INFO io.cucumber.core.plugin.SerenityReporter - Running feature from file:///C:/Alterra/CapstoneBaru/QE/TestingWebUpdate/src/test/resources/features/DetailDataReviewArsipJadwal.feature
19:28:06.715 [main] DEBUG net.thucydides.core.steps.StepEventBus - Test suite started for story net.thucydides.core.model.Story@8abb42ff
19:28:06.716 [main] INFO  - Test Suite Started: Detail Review Arsip Jadwal - Admin
19:28:06.716 [main] INFO io.cucumber.core.plugin.SerenityReporter - Running feature from file:///C:/Alterra/CapstoneBaru/QE/TestingWebUpdate/src/test/resources/features/EditDataDokter.feature
19:28:06.724 [main] DEBUG net.thucydides.core.steps.StepEventBus - Test suite started for story net.thucydides.core.model.Story@44a0505a
19:28:06.725 [main] INFO  - Test Suite Started: Edit Data Dokter - Admin
19:28:06.726 [main] INFO io.cucumber.core.plugin.SerenityReporter - Running feature from file:///C:/Alterra/CapstoneBaru/QE/TestingWebUpdate/src/test/resources/features/EditDataPasien.feature
19:28:06.728 [main] DEBUG net.thucydides.core.steps.StepEventBus - Test suite started for story net.thucydides.core.model.Story@80fb723a
19:28:06.728 [main] INFO  - Test Suite Started: Edit Data Pasien - Admin
19:28:06.728 [main] INFO io.cucumber.core.plugin.SerenityReporter - Running feature from file:///C:/Alterra/CapstoneBaru/QE/TestingWebUpdate/src/test/resources/features/SearchArsipJadwal.feature
19:28:06.737 [main] DEBUG net.thucydides.core.steps.StepEventBus - Test suite started for story net.thucydides.core.model.Story@4d12b45e
19:28:06.737 [main] INFO  - Test Suite Started: Search Arsip Jadwal - Admin
19:28:06.737 [main] INFO io.cucumber.core.plugin.SerenityReporter - Running feature from file:///C:/Alterra/CapstoneBaru/QE/TestingWebUpdate/src/test/resources/features/SearchDataDokter.feature
19:28:06.737 [main] DEBUG net.thucydides.core.steps.StepEventBus - Test suite started for story net.thucydides.core.model.Story@b9f7eb9a
19:28:06.737 [main] INFO  - Test Suite Started: Search Data Dokter - Admin
19:28:06.737 [main] INFO io.cucumber.core.plugin.SerenityReporter - Running feature from file:///C:/Alterra/CapstoneBaru/QE/TestingWebUpdate/src/test/resources/features/SearchDataPasien.feature
19:28:06.748 [main] DEBUG net.thucydides.core.steps.StepEventBus - Test suite started for story net.thucydides.core.model.Story@f6530d7a
19:28:06.748 [main] INFO  - Test Suite Started: Search Data Pasien - Admin
19:28:06.748 [main] INFO io.cucumber.core.plugin.SerenityReporter - Running feature from file:///C:/Alterra/CapstoneBaru/QE/TestingWebUpdate/src/test/resources/features/SearchKelolaJadwal.feature
19:28:06.748 [main] DEBUG net.thucydides.core.steps.StepEventBus - Test suite started for story net.thucydides.core.model.Story@253a86aa
19:28:06.748 [main] INFO  - Test Suite Started: Search Kelola Jadwal - Admin
19:28:06.748 [main] INFO io.cucumber.core.plugin.SerenityReporter - Running feature from file:///C:/Alterra/CapstoneBaru/QE/TestingWebUpdate/src/test/resources/features/ViewArsipJadwal.feature
19:28:06.771 [main] DEBUG net.thucydides.core.steps.StepEventBus - Test suite started for story net.thucydides.core.model.Story@cccefd7e
19:28:06.772 [main] INFO  - Test Suite Started: View Arsip Jadwal - Admin
19:28:06.772 [main] INFO io.cucumber.core.plugin.SerenityReporter - Running feature from file:///C:/Alterra/CapstoneBaru/QE/TestingWebUpdate/src/test/resources/features/ViewDataDokter.feature
19:28:06.782 [main] DEBUG net.thucydides.core.steps.StepEventBus - Test suite started for story net.thucydides.core.model.Story@5afdfe7a
19:28:06.783 [main] INFO  - Test Suite Started: View Data Dokter - Admin
19:28:06.783 [main] INFO io.cucumber.core.plugin.SerenityReporter - Running feature from file:///C:/Alterra/CapstoneBaru/QE/TestingWebUpdate/src/test/resources/features/ViewDataPasien.feature
19:28:06.789 [main] DEBUG net.thucydides.core.steps.StepEventBus - Test suite started for story net.thucydides.core.model.Story@9759205a
19:28:06.789 [main] INFO  - Test Suite Started: View Data Pasien - Admin
19:28:06.789 [main] INFO io.cucumber.core.plugin.SerenityReporter - Running feature from file:///C:/Alterra/CapstoneBaru/QE/TestingWebUpdate/src/test/resources/features/ViewKelolaJadwal.feature
19:28:06.794 [main] DEBUG net.thucydides.core.steps.StepEventBus - Test suite started for story net.thucydides.core.model.Story@9d07618a
19:28:06.794 [main] INFO  - Test Suite Started: View Kelola Jadwal - Admin
19:28:06.795 [main] INFO io.cucumber.core.plugin.SerenityReporter - Running feature from file:///C:/Alterra/CapstoneBaru/QE/TestingWebUpdate/src/test/resources/features/2LogOut.feature
19:28:06.799 [main] DEBUG net.thucydides.core.steps.StepEventBus - Test suite started for story net.thucydides.core.model.Story@3f0256d1
19:28:06.799 [main] INFO  - Test Suite Started: LogOut Acount - Admin

@LogOut @LogOutAccountAdminYes
Scenario Outline: As a admin I  Logout - Yes  &amp#27;[90m# src/test/resources/features/2LogOut.feature:17&amp#27;[0m
19:28:06.937 [main] INFO io.cucumber.core.plugin.SerenityReporter - Running feature from file:///C:/Alterra/CapstoneBaru/QE/TestingWebUpdate/src/test/resources/features/2LogOut.feature
19:28:07.066 [main] INFO  - 
  _____   ___   ___   _____     ___   _____     _     ___   _____   ___   ___  
 |_   _| | __| / __| |_   _|   / __| |_   _|   /_\   | _ \ |_   _| | __| |   \ 
   | |   | _|  \__ \   | |     \__ \   | |    / _ \  |   /   | |   | _|  | |) |
   |_|   |___| |___/   |_|     |___/   |_|   /_/ \_\ |_|_\   |_|   |___| |___/ 

As a admin I  Logout - Yes(logout-acount---admin;as-a-admin-i--logout---yes)
--------------------------------------------------------------------------------
19:28:08.313 [main] DEBUG net.thucydides.core.steps.StepInterceptor - STARTING STEP: LoginSteps.openLoginPage - openLogin
19:28:08.357 [main] INFO net.serenitybdd.core.webdriver.driverproviders.ChromeDriverProvider - Using automatically driver download
19:28:09.842 [main] DEBUG io.github.bonigarcia.wdm.cache.ResolutionCache - Resolution chrome=103 in cache (valid until 20:05:23 17/07/2022 ICT)
19:28:09.854 [main] DEBUG io.github.bonigarcia.wdm.cache.ResolutionCache - Resolution chrome103=103.0.5060.53 in cache (valid until 17:54:33 18/07/2022 ICT)
19:28:09.854 [main] INFO io.github.bonigarcia.wdm.WebDriverManager - Using chromedriver 103.0.5060.53 (resolved driver for Chrome 103)
19:28:09.915 [main] DEBUG io.github.bonigarcia.wdm.WebDriverManager - Driver chromedriver 103.0.5060.53 found in cache
19:28:09.915 [main] INFO io.github.bonigarcia.wdm.WebDriverManager - Exporting webdriver.chrome.driver as C:\Users\Bagas Dwi Saputra\.cache\selenium\chromedriver\win32\103.0.5060.53\chromedriver.exe
19:28:11.459 [main] DEBUG net.thucydides.core.reflection.ClassFinder - Could not load class .CucumberTestSuite
19:28:11.459 [main] DEBUG net.thucydides.core.reflection.ClassFinder - Could not load class .starter.pages.ArsipJadwalPage
19:28:11.459 [main] DEBUG net.thucydides.core.reflection.ClassFinder - Could not load class .starter.pages.DashboardPage
19:28:11.459 [main] DEBUG net.thucydides.core.reflection.ClassFinder - Could not load class .starter.pages.DokterDataPage
19:28:11.459 [main] DEBUG net.thucydides.core.reflection.ClassFinder - Could not load class .starter.pages.KelolaJadwalPage
19:28:11.459 [main] DEBUG net.thucydides.core.reflection.ClassFinder - Could not load class .starter.pages.LoginPage
19:28:11.459 [main] DEBUG net.thucydides.core.reflection.ClassFinder - Could not load class .starter.pages.PatientDataPage
19:28:11.459 [main] DEBUG net.thucydides.core.reflection.ClassFinder - Could not load class .starter.stepdefinitios.ArsipJadwalSteps
19:28:11.459 [main] DEBUG net.thucydides.core.reflection.ClassFinder - Could not load class .starter.stepdefinitios.DokterDataSteps
19:28:11.463 [main] DEBUG net.thucydides.core.reflection.ClassFinder - Could not load class .starter.stepdefinitios.KelolaJadwalSteps
19:28:11.463 [main] DEBUG net.thucydides.core.reflection.ClassFinder - Could not load class .starter.stepdefinitios.LoginSteps
19:28:11.463 [main] DEBUG net.thucydides.core.reflection.ClassFinder - Could not load class .starter.stepdefinitios.PatientDataSteps
19:28:11.463 [main] DEBUG net.thucydides.core.reflection.ClassFinder - Could not load class META-INF.versions.9.com.sun.istack.logging.StackHelper
19:28:11.464 [main] DEBUG net.thucydides.core.reflection.ClassFinder - Could not load class META-INF.versions.9.com.sun.xml.bind.v2.runtime.reflect.opt.AccessorInjector
19:28:11.464 [main] DEBUG net.thucydides.core.reflection.ClassFinder - Could not load class META-INF.versions.9.com.sun.xml.bind.v2.runtime.reflect.opt.Injector
19:28:11.465 [main] DEBUG net.thucydides.core.reflection.ClassFinder - Could not load class META-INF.versions.9.com.sun.xml.bind.v2.runtime.reflect.opt.OptimizedAccessorFactory
19:28:11.465 [main] DEBUG net.thucydides.core.reflection.ClassFinder - Could not load class META-INF.versions.9.com.sun.xml.bind.v2.runtime.reflect.opt.OptimizedTransducedAccessorFactory
19:28:11.467 [main] DEBUG net.thucydides.core.reflection.ClassFinder - Could not load class META-INF.versions.9.io.opentelemetry.sdk.internal.CurrentJavaVersionSpecific
19:28:11.467 [main] DEBUG net.thucydides.core.reflection.ClassFinder - Could not load class META-INF.versions.9.io.opentelemetry.sdk.internal.Java9VersionSpecific
19:28:11.467 [main] DEBUG net.thucydides.core.reflection.ClassFinder - Could not load class META-INF.versions.9.javax.xml.bind.ModuleUtil
19:28:11.468 [main] DEBUG net.thucydides.core.reflection.ClassFinder - Could not load class META-INF.versions.9.module-info
19:28:11.468 [main] DEBUG net.thucydides.core.reflection.ClassFinder - Could not load class META-INF.versions.9.org.codehaus.plexus.languages.java.jpms.BinaryModuleInfoParser
19:28:11.469 [main] DEBUG net.thucydides.core.reflection.ClassFinder - Could not load class META-INF.versions.9.org.codehaus.plexus.languages.java.jpms.CmdModuleNameExtractor
19:28:11.469 [main] DEBUG net.thucydides.core.reflection.ClassFinder - Could not load class META-INF.versions.9.org.junit.platform.commons.util.ModuleUtils
19:28:12.032 [main] DEBUG net.thucydides.core.reflection.ClassFinder - Could not load class com.google.gson.internal.
19:28:12.338 [main] DEBUG net.thucydides.core.reflection.ClassFinder - Could not load class com.sun.xml.bind.v2.runtime.output.FastInfosetStreamWriterOutput
19:28:12.882 [main] DEBUG net.thucydides.core.reflection.ClassFinder - Could not load class module-info
19:28:17.117 [main] DEBUG io.netty.util.internal.logging.InternalLoggerFactory - Using SLF4J as the default logging framework
19:28:17.134 [main] DEBUG io.netty.util.ResourceLeakDetector - -Dio.netty.leakDetection.level: simple
19:28:17.134 [main] DEBUG io.netty.util.ResourceLeakDetector - -Dio.netty.leakDetection.targetRecords: 4
19:28:17.134 [main] DEBUG io.netty.util.ResourceLeakDetectorFactory - Loaded default ResourceLeakDetector: io.netty.util.ResourceLeakDetector@60019f4b
19:28:17.163 [main] DEBUG io.netty.util.internal.PlatformDependent0 - -Dio.netty.noUnsafe: false
19:28:17.163 [main] DEBUG io.netty.util.internal.PlatformDependent0 - Java version: 11
19:28:17.164 [main] DEBUG io.netty.util.internal.PlatformDependent0 - sun.misc.Unsafe.theUnsafe: available
19:28:17.165 [main] DEBUG io.netty.util.internal.PlatformDependent0 - sun.misc.Unsafe.copyMemory: available
19:28:17.166 [main] DEBUG io.netty.util.internal.PlatformDependent0 - java.nio.Buffer.address: available
19:28:17.167 [main] DEBUG io.netty.util.internal.PlatformDependent0 - direct buffer constructor: unavailable: Reflective setAccessible(true) disabled
19:28:17.168 [main] DEBUG io.netty.util.internal.PlatformDependent0 - java.nio.Bits.unaligned: available, true
19:28:17.168 [main] DEBUG io.netty.util.internal.PlatformDependent0 - jdk.internal.misc.Unsafe.allocateUninitializedArray(int): unavailable: class io.netty.util.internal.PlatformDependent0$6 cannot access class jdk.internal.misc.Unsafe (in module java.base) because module java.base does not export jdk.internal.misc to unnamed module @29d2d081
19:28:17.168 [main] DEBUG io.netty.util.internal.PlatformDependent0 - java.nio.DirectByteBuffer.<init>(long, int): unavailable
19:28:17.168 [main] DEBUG io.netty.util.internal.PlatformDependent - sun.misc.Unsafe: available
19:28:17.168 [main] DEBUG io.netty.util.internal.PlatformDependent - maxDirectMemory: 3179282432 bytes (maybe)
19:28:17.168 [main] DEBUG io.netty.util.internal.PlatformDependent - -Dio.netty.tmpdir: C:\Users\BAGASD~1\AppData\Local\Temp (java.io.tmpdir)
19:28:17.168 [main] DEBUG io.netty.util.internal.PlatformDependent - -Dio.netty.bitMode: 64 (sun.arch.data.model)
19:28:17.168 [main] DEBUG io.netty.util.internal.PlatformDependent - Platform: Windows
19:28:17.174 [main] DEBUG io.netty.util.internal.PlatformDependent - -Dio.netty.maxDirectMemory: -1 bytes
19:28:17.174 [main] DEBUG io.netty.util.internal.PlatformDependent - -Dio.netty.uninitializedArrayAllocationThreshold: -1
19:28:17.174 [main] DEBUG io.netty.util.internal.CleanerJava9 - java.nio.ByteBuffer.cleaner(): available
19:28:17.174 [main] DEBUG io.netty.util.internal.PlatformDependent - -Dio.netty.noPreferDirect: false
19:28:17.174 [main] DEBUG io.netty.util.internal.PlatformDependent - org.jctools-core.MpscChunkedArrayQueue: available
19:28:17.211 [main] DEBUG io.netty.util.internal.InternalThreadLocalMap - -Dio.netty.threadLocalMap.stringBuilder.initialSize: 1024
19:28:17.212 [main] DEBUG io.netty.util.internal.InternalThreadLocalMap - -Dio.netty.threadLocalMap.stringBuilder.maxSize: 4096
19:28:17.257 [main] DEBUG io.netty.handler.ssl.JdkSslContext - Default protocols (JDK): [TLSv1.3, TLSv1.2] 
19:28:17.257 [main] DEBUG io.netty.handler.ssl.JdkSslContext - Default cipher suites (JDK): [TLS_ECDHE_ECDSA_WITH_AES_256_GCM_SHA384, TLS_ECDHE_ECDSA_WITH_AES_128_GCM_SHA256, TLS_ECDHE_RSA_WITH_AES_128_GCM_SHA256, TLS_ECDHE_RSA_WITH_AES_256_GCM_SHA384, TLS_ECDHE_RSA_WITH_AES_128_CBC_SHA, TLS_ECDHE_RSA_WITH_AES_256_CBC_SHA, TLS_RSA_WITH_AES_128_GCM_SHA256, TLS_RSA_WITH_AES_128_CBC_SHA, TLS_RSA_WITH_AES_256_CBC_SHA, TLS_AES_128_GCM_SHA256, TLS_AES_256_GCM_SHA384]
19:28:17.307 [main] DEBUG io.netty.channel.MultithreadEventLoopGroup - -Dio.netty.eventLoopThreads: 8
19:28:17.319 [main] DEBUG io.netty.channel.nio.NioEventLoop - -Dio.netty.noKeySetOptimization: false
19:28:17.319 [main] DEBUG io.netty.channel.nio.NioEventLoop - -Dio.netty.selectorAutoRebuildThreshold: 512
19:28:17.365 [main] DEBUG io.netty.buffer.PooledByteBufAllocator - -Dio.netty.allocator.numHeapArenas: 8
19:28:17.365 [main] DEBUG io.netty.buffer.PooledByteBufAllocator - -Dio.netty.allocator.numDirectArenas: 8
19:28:17.365 [main] DEBUG io.netty.buffer.PooledByteBufAllocator - -Dio.netty.allocator.pageSize: 8192
19:28:17.365 [main] DEBUG io.netty.buffer.PooledByteBufAllocator - -Dio.netty.allocator.maxOrder: 9
19:28:17.365 [main] DEBUG io.netty.buffer.PooledByteBufAllocator - -Dio.netty.allocator.chunkSize: 4194304
19:28:17.365 [main] DEBUG io.netty.buffer.PooledByteBufAllocator - -Dio.netty.allocator.smallCacheSize: 256
19:28:17.365 [main] DEBUG io.netty.buffer.PooledByteBufAllocator - -Dio.netty.allocator.normalCacheSize: 64
19:28:17.365 [main] DEBUG io.netty.buffer.PooledByteBufAllocator - -Dio.netty.allocator.maxCachedBufferCapacity: 32768
19:28:17.365 [main] DEBUG io.netty.buffer.PooledByteBufAllocator - -Dio.netty.allocator.cacheTrimInterval: 8192
19:28:17.365 [main] DEBUG io.netty.buffer.PooledByteBufAllocator - -Dio.netty.allocator.cacheTrimIntervalMillis: 0
19:28:17.365 [main] DEBUG io.netty.buffer.PooledByteBufAllocator - -Dio.netty.allocator.useCacheForAllThreads: false
19:28:17.365 [main] DEBUG io.netty.buffer.PooledByteBufAllocator - -Dio.netty.allocator.maxCachedByteBuffersPerChunk: 1023
19:28:17.379 [main] DEBUG io.netty.buffer.ByteBufUtil - -Dio.netty.allocator.type: pooled
19:28:17.379 [main] DEBUG io.netty.buffer.ByteBufUtil - -Dio.netty.threadLocalDirectBufferSize: 0
19:28:17.379 [main] DEBUG io.netty.buffer.ByteBufUtil - -Dio.netty.maxThreadLocalCharBufferSize: 16384
19:28:17.636 [main] DEBUG net.serenitybdd.core.webdriver.driverproviders.ProvideNewDriver - Instantiating driver
19:28:17.636 [main] DEBUG net.serenitybdd.core.webdriver.driverproviders.ProvideNewDriver - Driver capabilities: Capabilities {acceptInsecureCerts: false, base.url: https://fanciful-trifle-360..., browserName: chrome, chorme.driver: src/test/resources/webdrive..., driver: chrome, goog:chromeOptions: {args: [], extensions: []}}
19:28:17.894 [Forwarding newSession on session null to remote] DEBUG io.netty.channel.DefaultChannelId - -Dio.netty.processId: 5436 (auto-detected)
19:28:17.896 [Forwarding newSession on session null to remote] DEBUG io.netty.util.NetUtil - -Djava.net.preferIPv4Stack: false
19:28:17.897 [Forwarding newSession on session null to remote] DEBUG io.netty.util.NetUtil - -Djava.net.preferIPv6Addresses: false
19:28:17.991 [Forwarding newSession on session null to remote] DEBUG io.netty.util.NetUtilInitializations - Loopback interface: lo (Software Loopback Interface 1, 127.0.0.1)
19:28:17.992 [Forwarding newSession on session null to remote] DEBUG io.netty.util.NetUtil - Failed to get SOMAXCONN from sysctl and file \proc\sys\net\core\somaxconn. Default: 200
19:28:18.087 [Forwarding newSession on session null to remote] DEBUG io.netty.channel.DefaultChannelId - -Dio.netty.machineId: 80:38:fb:ff:fe:ac:4a:4a (auto-detected)
19:28:18.140 [AsyncHttpClient-1-2] DEBUG io.netty.buffer.AbstractByteBuf - -Dio.netty.buffer.checkAccessible: true
19:28:18.140 [AsyncHttpClient-1-2] DEBUG io.netty.buffer.AbstractByteBuf - -Dio.netty.buffer.checkBounds: true
19:28:18.140 [AsyncHttpClient-1-2] DEBUG io.netty.util.ResourceLeakDetectorFactory - Loaded default ResourceLeakDetector: io.netty.util.ResourceLeakDetector@658f6ac2
19:28:18.155 [AsyncHttpClient-1-2] DEBUG org.asynchttpclient.netty.channel.NettyConnectListener - Using new Channel '[id: 0x31ef5195, L:/127.0.0.1:50668 - R:localhost/127.0.0.1:62050]' for 'POST' to '/session'
19:28:18.172 [AsyncHttpClient-1-2] DEBUG io.netty.util.Recycler - -Dio.netty.recycler.maxCapacityPerThread: 4096
19:28:18.172 [AsyncHttpClient-1-2] DEBUG io.netty.util.Recycler - -Dio.netty.recycler.ratio: 8
19:28:18.172 [AsyncHttpClient-1-2] DEBUG io.netty.util.Recycler - -Dio.netty.recycler.chunkSize: 32
19:28:18.172 [AsyncHttpClient-1-2] DEBUG io.netty.util.Recycler - -Dio.netty.recycler.blocking: false
19:28:19.206 [AsyncHttpClient-1-2] DEBUG io.netty.handler.codec.compression.Brotli - brotli4j not in the classpath; Brotli support will be unavailable.
19:28:19.206 [AsyncHttpClient-1-2] DEBUG org.asynchttpclient.netty.handler.HttpHandler - 

Request DefaultHttpRequest(decodeResult: success, version: HTTP/1.1)
POST /session HTTP/1.1
User-Agent: selenium/4.1.4 (java windows)
Content-Length: 629
Content-Type: application/json; charset=utf-8
host: localhost:62050
accept: */*

Response DefaultHttpResponse(decodeResult: success, version: HTTP/1.1)
HTTP/1.1 200 OK
Content-Type: application/json; charset=utf-8
cache-control: no-cache
content-length: 792

19:28:19.225 [AsyncHttpClient-1-2] DEBUG org.asynchttpclient.netty.channel.ChannelManager - Adding key: http://localhost:62050 for channel [id: 0x31ef5195, L:/127.0.0.1:50668 - R:localhost/127.0.0.1:62050]
19:28:19.391 [AsyncHttpClient-1-1] DEBUG org.asynchttpclient.netty.channel.DefaultChannelPool - Entry count for : http://localhost:62050 : 1
19:28:19.400 [AsyncHttpClient-1-3] DEBUG org.asynchttpclient.netty.channel.NettyConnectListener - Using new Channel '[id: 0x481df76c, L:/127.0.0.1:50675 - R:localhost/127.0.0.1:50669]' for 'GET' to '/json/version'
19:28:19.406 [AsyncHttpClient-1-3] DEBUG org.asynchttpclient.netty.handler.HttpHandler - 

Request DefaultFullHttpRequest(decodeResult: success, version: HTTP/1.1, content: EmptyByteBufBE)
GET /json/version HTTP/1.1
User-Agent: selenium/4.1.4 (java windows)
host: localhost:50669
accept: */*

Response DefaultHttpResponse(decodeResult: success, version: HTTP/1.1)
HTTP/1.1 200 OK
Content-Type: application/json; charset=UTF-8
content-length: 429

19:28:19.407 [AsyncHttpClient-1-3] DEBUG org.asynchttpclient.netty.channel.ChannelManager - Adding key: http://localhost:50669 for channel [id: 0x481df76c, L:/127.0.0.1:50675 - R:localhost/127.0.0.1:50669]
19:28:19.419 [main] DEBUG io.netty.util.internal.ThreadLocalRandom - -Dio.netty.initialSeedUniquifier: 0x98b938b186513d75
19:28:19.431 [AsyncHttpClient-1-4] DEBUG org.asynchttpclient.netty.channel.NettyConnectListener - Using new Channel '[id: 0x6237d64f, L:/127.0.0.1:50677 - R:localhost/127.0.0.1:50669]' for 'GET' to '/devtools/browser/f5c89101-dd36-4e6d-a28e-d492ebd62a8e'
19:28:19.432 [AsyncHttpClient-1-4] DEBUG org.asynchttpclient.netty.handler.WebSocketHandler - 

Request DefaultFullHttpRequest(decodeResult: success, version: HTTP/1.1, content: EmptyByteBufBE)
GET /devtools/browser/f5c89101-dd36-4e6d-a28e-d492ebd62a8e HTTP/1.1
upgrade: websocket
connection: upgrade
sec-websocket-key: vNG28k1C13OwDzvI7OKL4g==
sec-websocket-version: 13
origin: http://localhost:50669
host: localhost:50669
accept: */*
user-agent: AHC/2.1

Response DefaultHttpResponse(decodeResult: success, version: HTTP/1.1)
HTTP/1.1 101 WebSocket Protocol Handshake
Upgrade: WebSocket
Connection: Upgrade
Sec-WebSocket-Accept: /BKSF2kS7mhNdotsvrZtshpHxr4=

19:28:20.506 [AsyncHttpClient-1-1] DEBUG org.asynchttpclient.netty.channel.DefaultChannelPool - Entry count for : http://localhost:50669 : 1
19:28:20.506 [AsyncHttpClient-1-1] DEBUG org.asynchttpclient.netty.channel.DefaultChannelPool - Entry count for : http://localhost:62050 : 1
19:28:21.098 [main] DEBUG net.thucydides.core.reflection.ClassFinder - Could not load class .CucumberTestSuite
19:28:21.098 [main] DEBUG net.thucydides.core.reflection.ClassFinder - Could not load class .starter.pages.ArsipJadwalPage
19:28:21.103 [main] DEBUG net.thucydides.core.reflection.ClassFinder - Could not load class .starter.pages.DashboardPage
19:28:21.103 [main] DEBUG net.thucydides.core.reflection.ClassFinder - Could not load class .starter.pages.DokterDataPage
19:28:21.103 [main] DEBUG net.thucydides.core.reflection.ClassFinder - Could not load class .starter.pages.KelolaJadwalPage
19:28:21.103 [main] DEBUG net.thucydides.core.reflection.ClassFinder - Could not load class .starter.pages.LoginPage
19:28:21.103 [main] DEBUG net.thucydides.core.reflection.ClassFinder - Could not load class .starter.pages.PatientDataPage
19:28:21.103 [main] DEBUG net.thucydides.core.reflection.ClassFinder - Could not load class .starter.stepdefinitios.ArsipJadwalSteps
19:28:21.103 [main] DEBUG net.thucydides.core.reflection.ClassFinder - Could not load class .starter.stepdefinitios.DokterDataSteps
19:28:21.103 [main] DEBUG net.thucydides.core.reflection.ClassFinder - Could not load class .starter.stepdefinitios.KelolaJadwalSteps
19:28:21.103 [main] DEBUG net.thucydides.core.reflection.ClassFinder - Could not load class .starter.stepdefinitios.LoginSteps
19:28:21.103 [main] DEBUG net.thucydides.core.reflection.ClassFinder - Could not load class .starter.stepdefinitios.PatientDataSteps
19:28:21.104 [main] DEBUG net.thucydides.core.reflection.ClassFinder - Could not load class META-INF.versions.9.com.sun.istack.logging.StackHelper
19:28:21.105 [main] DEBUG net.thucydides.core.reflection.ClassFinder - Could not load class META-INF.versions.9.com.sun.xml.bind.v2.runtime.reflect.opt.AccessorInjector
19:28:21.106 [main] DEBUG net.thucydides.core.reflection.ClassFinder - Could not load class META-INF.versions.9.com.sun.xml.bind.v2.runtime.reflect.opt.Injector
19:28:21.107 [main] DEBUG net.thucydides.core.reflection.ClassFinder - Could not load class META-INF.versions.9.com.sun.xml.bind.v2.runtime.reflect.opt.OptimizedAccessorFactory
19:28:21.108 [main] DEBUG net.thucydides.core.reflection.ClassFinder - Could not load class META-INF.versions.9.com.sun.xml.bind.v2.runtime.reflect.opt.OptimizedTransducedAccessorFactory
19:28:21.109 [main] DEBUG net.thucydides.core.reflection.ClassFinder - Could not load class META-INF.versions.9.io.opentelemetry.sdk.internal.CurrentJavaVersionSpecific
19:28:21.110 [main] DEBUG net.thucydides.core.reflection.ClassFinder - Could not load class META-INF.versions.9.io.opentelemetry.sdk.internal.Java9VersionSpecific
19:28:21.111 [main] DEBUG net.thucydides.core.reflection.ClassFinder - Could not load class META-INF.versions.9.javax.xml.bind.ModuleUtil
19:28:21.111 [main] DEBUG net.thucydides.core.reflection.ClassFinder - Could not load class META-INF.versions.9.module-info
19:28:21.112 [main] DEBUG net.thucydides.core.reflection.ClassFinder - Could not load class META-INF.versions.9.org.codehaus.plexus.languages.java.jpms.BinaryModuleInfoParser
19:28:21.113 [main] DEBUG net.thucydides.core.reflection.ClassFinder - Could not load class META-INF.versions.9.org.codehaus.plexus.languages.java.jpms.CmdModuleNameExtractor
19:28:21.114 [main] DEBUG net.thucydides.core.reflection.ClassFinder - Could not load class META-INF.versions.9.org.junit.platform.commons.util.ModuleUtils
19:28:21.118 [main] DEBUG net.thucydides.core.reflection.ClassFinder - Could not load class com.google.gson.internal.
19:28:21.120 [main] DEBUG net.thucydides.core.reflection.ClassFinder - Could not load class com.sun.xml.bind.v2.runtime.output.FastInfosetStreamWriterOutput
19:28:21.126 [main] DEBUG net.thucydides.core.reflection.ClassFinder - Could not load class module-info
19:28:21.175 [Forwarding get on session ac84c90b4c94524ddeaf96532a5cd012 to remote] DEBUG org.asynchttpclient.netty.request.NettyRequestSender - Using pooled Channel '[id: 0x31ef5195, L:/127.0.0.1:50668 - R:localhost/127.0.0.1:62050]' for 'POST' to 'http://localhost:62050/session/ac84c90b4c94524ddeaf96532a5cd012/url'
19:28:21.175 [Forwarding get on session ac84c90b4c94524ddeaf96532a5cd012 to remote] DEBUG org.asynchttpclient.netty.request.NettyRequestSender - Using open Channel [id: 0x31ef5195, L:/127.0.0.1:50668 - R:localhost/127.0.0.1:62050] for POST '/session/ac84c90b4c94524ddeaf96532a5cd012/url'
19:28:21.603 [AsyncHttpClient-1-1] DEBUG org.asynchttpclient.netty.channel.DefaultChannelPool - Entry count for : http://localhost:50669 : 1
19:28:21.675 [AsyncHttpClient-1-2] DEBUG org.asynchttpclient.netty.handler.HttpHandler - 

Request DefaultHttpRequest(decodeResult: success, version: HTTP/1.1)
POST /session/ac84c90b4c94524ddeaf96532a5cd012/url HTTP/1.1
User-Agent: selenium/4.1.4 (java windows)
Content-Length: 78
Content-Type: application/json; charset=utf-8
host: localhost:62050
accept: */*

Response DefaultHttpResponse(decodeResult: success, version: HTTP/1.1)
HTTP/1.1 200 OK
Content-Type: application/json; charset=utf-8
cache-control: no-cache
content-length: 14

19:28:21.675 [AsyncHttpClient-1-2] DEBUG org.asynchttpclient.netty.channel.ChannelManager - Adding key: http://localhost:62050 for channel [id: 0x31ef5195, L:/127.0.0.1:50668 - R:localhost/127.0.0.1:62050]
19:28:21.683 [Forwarding setTimeout on session ac84c90b4c94524ddeaf96532a5cd012 to remote] DEBUG org.asynchttpclient.netty.request.NettyRequestSender - Using pooled Channel '[id: 0x31ef5195, L:/127.0.0.1:50668 - R:localhost/127.0.0.1:62050]' for 'POST' to 'http://localhost:62050/session/ac84c90b4c94524ddeaf96532a5cd012/timeouts'
19:28:21.683 [Forwarding setTimeout on session ac84c90b4c94524ddeaf96532a5cd012 to remote] DEBUG org.asynchttpclient.netty.request.NettyRequestSender - Using open Channel [id: 0x31ef5195, L:/127.0.0.1:50668 - R:localhost/127.0.0.1:62050] for POST '/session/ac84c90b4c94524ddeaf96532a5cd012/timeouts'
19:28:21.686 [AsyncHttpClient-1-2] DEBUG org.asynchttpclient.netty.handler.HttpHandler - 

Request DefaultHttpRequest(decodeResult: success, version: HTTP/1.1)
POST /session/ac84c90b4c94524ddeaf96532a5cd012/timeouts HTTP/1.1
User-Agent: selenium/4.1.4 (java windows)
Content-Length: 22
Content-Type: application/json; charset=utf-8
host: localhost:62050
accept: */*

Response DefaultHttpResponse(decodeResult: success, version: HTTP/1.1)
HTTP/1.1 200 OK
Content-Type: application/json; charset=utf-8
cache-control: no-cache
content-length: 14

19:28:21.686 [AsyncHttpClient-1-2] DEBUG org.asynchttpclient.netty.channel.ChannelManager - Adding key: http://localhost:62050 for channel [id: 0x31ef5195, L:/127.0.0.1:50668 - R:localhost/127.0.0.1:62050]
19:28:21.694 [Forwarding getCurrentUrl on session ac84c90b4c94524ddeaf96532a5cd012 to remote] DEBUG org.asynchttpclient.netty.request.NettyRequestSender - Using pooled Channel '[id: 0x31ef5195, L:/127.0.0.1:50668 - R:localhost/127.0.0.1:62050]' for 'GET' to 'http://localhost:62050/session/ac84c90b4c94524ddeaf96532a5cd012/url'
19:28:21.694 [Forwarding getCurrentUrl on session ac84c90b4c94524ddeaf96532a5cd012 to remote] DEBUG org.asynchttpclient.netty.request.NettyRequestSender - Using open Channel [id: 0x31ef5195, L:/127.0.0.1:50668 - R:localhost/127.0.0.1:62050] for GET '/session/ac84c90b4c94524ddeaf96532a5cd012/url'
19:28:21.708 [AsyncHttpClient-1-2] DEBUG org.asynchttpclient.netty.handler.HttpHandler - 

Request DefaultFullHttpRequest(decodeResult: success, version: HTTP/1.1, content: EmptyByteBufBE)
GET /session/ac84c90b4c94524ddeaf96532a5cd012/url HTTP/1.1
User-Agent: selenium/4.1.4 (java windows)
Cache-Control: no-cache
Content-Type: application/json; charset=utf-8
host: localhost:62050
accept: */*

Response DefaultHttpResponse(decodeResult: success, version: HTTP/1.1)
HTTP/1.1 200 OK
Content-Type: application/json; charset=utf-8
cache-control: no-cache
content-length: 60

19:28:21.708 [AsyncHttpClient-1-2] DEBUG org.asynchttpclient.netty.channel.ChannelManager - Adding key: http://localhost:62050 for channel [id: 0x31ef5195, L:/127.0.0.1:50668 - R:localhost/127.0.0.1:62050]
19:28:21.734 [main] DEBUG net.serenitybdd.core.photography.Darkroom - Opening darkroom
19:28:21.734 [Forwarding screenshot on session ac84c90b4c94524ddeaf96532a5cd012 to remote] DEBUG org.asynchttpclient.netty.request.NettyRequestSender - Using pooled Channel '[id: 0x31ef5195, L:/127.0.0.1:50668 - R:localhost/127.0.0.1:62050]' for 'GET' to 'http://localhost:62050/session/ac84c90b4c94524ddeaf96532a5cd012/screenshot'
19:28:21.734 [Forwarding screenshot on session ac84c90b4c94524ddeaf96532a5cd012 to remote] DEBUG org.asynchttpclient.netty.request.NettyRequestSender - Using open Channel [id: 0x31ef5195, L:/127.0.0.1:50668 - R:localhost/127.0.0.1:62050] for GET '/session/ac84c90b4c94524ddeaf96532a5cd012/screenshot'
19:28:21.739 [Darkroom Processing Line] DEBUG net.serenitybdd.core.photography.DarkroomProcessingLine - Darkroom processing line starting up
19:28:22.068 [AsyncHttpClient-1-2] DEBUG org.asynchttpclient.netty.handler.HttpHandler - 

Request DefaultFullHttpRequest(decodeResult: success, version: HTTP/1.1, content: EmptyByteBufBE)
GET /session/ac84c90b4c94524ddeaf96532a5cd012/screenshot HTTP/1.1
User-Agent: selenium/4.1.4 (java windows)
Cache-Control: no-cache
Content-Type: application/json; charset=utf-8
host: localhost:62050
accept: */*

Response DefaultHttpResponse(decodeResult: success, version: HTTP/1.1)
HTTP/1.1 200 OK
Content-Type: application/json; charset=utf-8
cache-control: no-cache
content-length: 380436

19:28:22.075 [AsyncHttpClient-1-2] DEBUG org.asynchttpclient.netty.channel.ChannelManager - Adding key: http://localhost:62050 for channel [id: 0x31ef5195, L:/127.0.0.1:50668 - R:localhost/127.0.0.1:62050]
19:28:22.210 [main] DEBUG net.serenitybdd.core.photography.Darkroom - Send negative for processing for target\site\serenity\d122c364c40ece9db0ad32cd97c3fcf63e95ba606118dda8d3e5a1d2b8235ce2.png
19:28:22.211 [Darkroom Processing Line] DEBUG net.serenitybdd.core.photography.DarkroomProcessingLine - Processing screenshot image in /var/screenshots/screenshot-15423169984051108338
19:28:22.211 [Darkroom Processing Line] DEBUG net.serenitybdd.core.photography.DarkroomProcessingLine - Saving screenshot to target\site\serenity\d122c364c40ece9db0ad32cd97c3fcf63e95ba606118dda8d3e5a1d2b8235ce2.png
19:28:22.216 [main] DEBUG net.thucydides.core.steps.StepInterceptor - STEP DONE: openLogin
  &amp#27;[32mGiven &amp#27;[0m&amp#27;[32mOpen login page&amp#27;[0m                       &amp#27;[90m# starter.stepdefinitios.LoginSteps.openLoginPage()&amp#27;[0m
19:28:22.273 [Forwarding screenshot on session ac84c90b4c94524ddeaf96532a5cd012 to remote] DEBUG org.asynchttpclient.netty.request.NettyRequestSender - Using pooled Channel '[id: 0x31ef5195, L:/127.0.0.1:50668 - R:localhost/127.0.0.1:62050]' for 'GET' to 'http://localhost:62050/session/ac84c90b4c94524ddeaf96532a5cd012/screenshot'
19:28:22.273 [Forwarding screenshot on session ac84c90b4c94524ddeaf96532a5cd012 to remote] DEBUG org.asynchttpclient.netty.request.NettyRequestSender - Using open Channel [id: 0x31ef5195, L:/127.0.0.1:50668 - R:localhost/127.0.0.1:62050] for GET '/session/ac84c90b4c94524ddeaf96532a5cd012/screenshot'
19:28:22.433 [AsyncHttpClient-1-2] DEBUG org.asynchttpclient.netty.handler.HttpHandler - 

Request DefaultFullHttpRequest(decodeResult: success, version: HTTP/1.1, content: EmptyByteBufBE)
GET /session/ac84c90b4c94524ddeaf96532a5cd012/screenshot HTTP/1.1
User-Agent: selenium/4.1.4 (java windows)
Cache-Control: no-cache
Content-Type: application/json; charset=utf-8
host: localhost:62050
accept: */*

Response DefaultHttpResponse(decodeResult: success, version: HTTP/1.1)
HTTP/1.1 200 OK
Content-Type: application/json; charset=utf-8
cache-control: no-cache
content-length: 380436

19:28:22.433 [AsyncHttpClient-1-2] DEBUG org.asynchttpclient.netty.channel.ChannelManager - Adding key: http://localhost:62050 for channel [id: 0x31ef5195, L:/127.0.0.1:50668 - R:localhost/127.0.0.1:62050]
19:28:22.455 [main] DEBUG net.serenitybdd.core.photography.Darkroom - Send negative for processing for target\site\serenity\d122c364c40ece9db0ad32cd97c3fcf63e95ba606118dda8d3e5a1d2b8235ce2.png
19:28:22.700 [AsyncHttpClient-1-1] DEBUG org.asynchttpclient.netty.channel.DefaultChannelPool - Entry count for : http://localhost:50669 : 1
19:28:22.700 [AsyncHttpClient-1-1] DEBUG org.asynchttpclient.netty.channel.DefaultChannelPool - Entry count for : http://localhost:62050 : 1
19:28:23.035 [Forwarding findElement on session ac84c90b4c94524ddeaf96532a5cd012 to remote] DEBUG org.asynchttpclient.netty.request.NettyRequestSender - Using pooled Channel '[id: 0x31ef5195, L:/127.0.0.1:50668 - R:localhost/127.0.0.1:62050]' for 'POST' to 'http://localhost:62050/session/ac84c90b4c94524ddeaf96532a5cd012/element'
19:28:23.035 [Forwarding findElement on session ac84c90b4c94524ddeaf96532a5cd012 to remote] DEBUG org.asynchttpclient.netty.request.NettyRequestSender - Using open Channel [id: 0x31ef5195, L:/127.0.0.1:50668 - R:localhost/127.0.0.1:62050] for POST '/session/ac84c90b4c94524ddeaf96532a5cd012/element'
19:28:23.049 [AsyncHttpClient-1-2] DEBUG org.asynchttpclient.netty.handler.HttpHandler - 

Request DefaultHttpRequest(decodeResult: success, version: HTTP/1.1)
POST /session/ac84c90b4c94524ddeaf96532a5cd012/element HTTP/1.1
User-Agent: selenium/4.1.4 (java windows)
Content-Length: 70
Content-Type: application/json; charset=utf-8
host: localhost:62050
accept: */*

Response DefaultHttpResponse(decodeResult: success, version: HTTP/1.1)
HTTP/1.1 200 OK
Content-Type: application/json; charset=utf-8
cache-control: no-cache
content-length: 88

19:28:23.049 [AsyncHttpClient-1-2] DEBUG org.asynchttpclient.netty.channel.ChannelManager - Adding key: http://localhost:62050 for channel [id: 0x31ef5195, L:/127.0.0.1:50668 - R:localhost/127.0.0.1:62050]
19:28:23.051 [Forwarding sendKeysToElement on session ac84c90b4c94524ddeaf96532a5cd012 to remote] DEBUG org.asynchttpclient.netty.request.NettyRequestSender - Using pooled Channel '[id: 0x31ef5195, L:/127.0.0.1:50668 - R:localhost/127.0.0.1:62050]' for 'POST' to 'http://localhost:62050/session/ac84c90b4c94524ddeaf96532a5cd012/element/015cffb0-554a-4a5d-b6ad-79c24986820a/value'
19:28:23.051 [Forwarding sendKeysToElement on session ac84c90b4c94524ddeaf96532a5cd012 to remote] DEBUG org.asynchttpclient.netty.request.NettyRequestSender - Using open Channel [id: 0x31ef5195, L:/127.0.0.1:50668 - R:localhost/127.0.0.1:62050] for POST '/session/ac84c90b4c94524ddeaf96532a5cd012/element/015cffb0-554a-4a5d-b6ad-79c24986820a/value'
19:28:23.118 [AsyncHttpClient-1-2] DEBUG org.asynchttpclient.netty.handler.HttpHandler - 

Request DefaultHttpRequest(decodeResult: success, version: HTTP/1.1)
POST /session/ac84c90b4c94524ddeaf96532a5cd012/element/015cffb0-554a-4a5d-b6ad-79c24986820a/value HTTP/1.1
User-Agent: selenium/4.1.4 (java windows)
Content-Length: 131
Content-Type: application/json; charset=utf-8
host: localhost:62050
accept: */*

Response DefaultHttpResponse(decodeResult: success, version: HTTP/1.1)
HTTP/1.1 200 OK
Content-Type: application/json; charset=utf-8
cache-control: no-cache
content-length: 14

19:28:23.119 [AsyncHttpClient-1-2] DEBUG org.asynchttpclient.netty.channel.ChannelManager - Adding key: http://localhost:62050 for channel [id: 0x31ef5195, L:/127.0.0.1:50668 - R:localhost/127.0.0.1:62050]
  &amp#27;[32mWhen &amp#27;[0m&amp#27;[32mI input &amp#27;[0m&amp#27;[32m&amp#27;[1m"admin"&amp#27;[0m&amp#27;[32m login email valid&amp#27;[0m      &amp#27;[90m# starter.stepdefinitios.LoginSteps.iInputLoginEmailValid(java.lang.String)&amp#27;[0m
19:28:23.124 [Forwarding screenshot on session ac84c90b4c94524ddeaf96532a5cd012 to remote] DEBUG org.asynchttpclient.netty.request.NettyRequestSender - Using pooled Channel '[id: 0x31ef5195, L:/127.0.0.1:50668 - R:localhost/127.0.0.1:62050]' for 'GET' to 'http://localhost:62050/session/ac84c90b4c94524ddeaf96532a5cd012/screenshot'
19:28:23.124 [Forwarding screenshot on session ac84c90b4c94524ddeaf96532a5cd012 to remote] DEBUG org.asynchttpclient.netty.request.NettyRequestSender - Using open Channel [id: 0x31ef5195, L:/127.0.0.1:50668 - R:localhost/127.0.0.1:62050] for GET '/session/ac84c90b4c94524ddeaf96532a5cd012/screenshot'
19:28:23.286 [AsyncHttpClient-1-2] DEBUG org.asynchttpclient.netty.handler.HttpHandler - 

Request DefaultFullHttpRequest(decodeResult: success, version: HTTP/1.1, content: EmptyByteBufBE)
GET /session/ac84c90b4c94524ddeaf96532a5cd012/screenshot HTTP/1.1
User-Agent: selenium/4.1.4 (java windows)
Cache-Control: no-cache
Content-Type: application/json; charset=utf-8
host: localhost:62050
accept: */*

Response DefaultHttpResponse(decodeResult: success, version: HTTP/1.1)
HTTP/1.1 200 OK
Content-Type: application/json; charset=utf-8
cache-control: no-cache
content-length: 379420

19:28:23.286 [AsyncHttpClient-1-2] DEBUG org.asynchttpclient.netty.channel.ChannelManager - Adding key: http://localhost:62050 for channel [id: 0x31ef5195, L:/127.0.0.1:50668 - R:localhost/127.0.0.1:62050]
19:28:23.311 [main] DEBUG net.serenitybdd.core.photography.Darkroom - Send negative for processing for target\site\serenity\93df20195d3751dea78ac30a105f84d37c410e0341f58ded6fb231b5b47402e6.png
19:28:23.311 [Darkroom Processing Line] DEBUG net.serenitybdd.core.photography.DarkroomProcessingLine - Processing screenshot image in /var/screenshots/screenshot-16237573436976608942
19:28:23.311 [Darkroom Processing Line] DEBUG net.serenitybdd.core.photography.DarkroomProcessingLine - Saving screenshot to target\site\serenity\93df20195d3751dea78ac30a105f84d37c410e0341f58ded6fb231b5b47402e6.png
19:28:23.793 [AsyncHttpClient-1-1] DEBUG org.asynchttpclient.netty.channel.DefaultChannelPool - Entry count for : http://localhost:50669 : 1
19:28:23.793 [AsyncHttpClient-1-1] DEBUG org.asynchttpclient.netty.channel.DefaultChannelPool - Entry count for : http://localhost:62050 : 1
19:28:23.852 [Forwarding screenshot on session ac84c90b4c94524ddeaf96532a5cd012 to remote] DEBUG org.asynchttpclient.netty.request.NettyRequestSender - Using pooled Channel '[id: 0x31ef5195, L:/127.0.0.1:50668 - R:localhost/127.0.0.1:62050]' for 'GET' to 'http://localhost:62050/session/ac84c90b4c94524ddeaf96532a5cd012/screenshot'
19:28:23.852 [Forwarding screenshot on session ac84c90b4c94524ddeaf96532a5cd012 to remote] DEBUG org.asynchttpclient.netty.request.NettyRequestSender - Using open Channel [id: 0x31ef5195, L:/127.0.0.1:50668 - R:localhost/127.0.0.1:62050] for GET '/session/ac84c90b4c94524ddeaf96532a5cd012/screenshot'
19:28:24.041 [AsyncHttpClient-1-2] DEBUG org.asynchttpclient.netty.handler.HttpHandler - 

Request DefaultFullHttpRequest(decodeResult: success, version: HTTP/1.1, content: EmptyByteBufBE)
GET /session/ac84c90b4c94524ddeaf96532a5cd012/screenshot HTTP/1.1
User-Agent: selenium/4.1.4 (java windows)
Cache-Control: no-cache
Content-Type: application/json; charset=utf-8
host: localhost:62050
accept: */*

Response DefaultHttpResponse(decodeResult: success, version: HTTP/1.1)
HTTP/1.1 200 OK
Content-Type: application/json; charset=utf-8
cache-control: no-cache
content-length: 379404

19:28:24.041 [AsyncHttpClient-1-2] DEBUG org.asynchttpclient.netty.channel.ChannelManager - Adding key: http://localhost:62050 for channel [id: 0x31ef5195, L:/127.0.0.1:50668 - R:localhost/127.0.0.1:62050]
19:28:24.056 [main] DEBUG net.serenitybdd.core.photography.Darkroom - Send negative for processing for target\site\serenity\f684e1524ced0278b0b6c6b37709a7cbfb8281aeb576b04a4743fda17448b798.png
19:28:24.056 [Darkroom Processing Line] DEBUG net.serenitybdd.core.photography.DarkroomProcessingLine - Processing screenshot image in /var/screenshots/screenshot-5996004564410608711
19:28:24.060 [Darkroom Processing Line] DEBUG net.serenitybdd.core.photography.DarkroomProcessingLine - Saving screenshot to target\site\serenity\f684e1524ced0278b0b6c6b37709a7cbfb8281aeb576b04a4743fda17448b798.png
19:28:24.060 [main] DEBUG net.thucydides.core.steps.StepInterceptor - STARTING STEP: LoginSteps.iInputLoginPasswordValid - inputPasswordLogin
19:28:24.063 [Forwarding findElement on session ac84c90b4c94524ddeaf96532a5cd012 to remote] DEBUG org.asynchttpclient.netty.request.NettyRequestSender - Using pooled Channel '[id: 0x31ef5195, L:/127.0.0.1:50668 - R:localhost/127.0.0.1:62050]' for 'POST' to 'http://localhost:62050/session/ac84c90b4c94524ddeaf96532a5cd012/element'
19:28:24.063 [Forwarding findElement on session ac84c90b4c94524ddeaf96532a5cd012 to remote] DEBUG org.asynchttpclient.netty.request.NettyRequestSender - Using open Channel [id: 0x31ef5195, L:/127.0.0.1:50668 - R:localhost/127.0.0.1:62050] for POST '/session/ac84c90b4c94524ddeaf96532a5cd012/element'
19:28:24.077 [AsyncHttpClient-1-2] DEBUG org.asynchttpclient.netty.handler.HttpHandler - 

Request DefaultHttpRequest(decodeResult: success, version: HTTP/1.1)
POST /session/ac84c90b4c94524ddeaf96532a5cd012/element HTTP/1.1
User-Agent: selenium/4.1.4 (java windows)
Content-Length: 70
Content-Type: application/json; charset=utf-8
host: localhost:62050
accept: */*

Response DefaultHttpResponse(decodeResult: success, version: HTTP/1.1)
HTTP/1.1 200 OK
Content-Type: application/json; charset=utf-8
cache-control: no-cache
content-length: 88

19:28:24.077 [AsyncHttpClient-1-2] DEBUG org.asynchttpclient.netty.channel.ChannelManager - Adding key: http://localhost:62050 for channel [id: 0x31ef5195, L:/127.0.0.1:50668 - R:localhost/127.0.0.1:62050]
19:28:24.077 [Forwarding sendKeysToElement on session ac84c90b4c94524ddeaf96532a5cd012 to remote] DEBUG org.asynchttpclient.netty.request.NettyRequestSender - Using pooled Channel '[id: 0x31ef5195, L:/127.0.0.1:50668 - R:localhost/127.0.0.1:62050]' for 'POST' to 'http://localhost:62050/session/ac84c90b4c94524ddeaf96532a5cd012/element/20f0ab13-834b-43de-a9f8-6ec4a1712505/value'
19:28:24.077 [Forwarding sendKeysToElement on session ac84c90b4c94524ddeaf96532a5cd012 to remote] DEBUG org.asynchttpclient.netty.request.NettyRequestSender - Using open Channel [id: 0x31ef5195, L:/127.0.0.1:50668 - R:localhost/127.0.0.1:62050] for POST '/session/ac84c90b4c94524ddeaf96532a5cd012/element/20f0ab13-834b-43de-a9f8-6ec4a1712505/value'
19:28:24.146 [AsyncHttpClient-1-2] DEBUG org.asynchttpclient.netty.handler.HttpHandler - 

Request DefaultHttpRequest(decodeResult: success, version: HTTP/1.1)
POST /session/ac84c90b4c94524ddeaf96532a5cd012/element/20f0ab13-834b-43de-a9f8-6ec4a1712505/value HTTP/1.1
User-Agent: selenium/4.1.4 (java windows)
Content-Length: 161
Content-Type: application/json; charset=utf-8
host: localhost:62050
accept: */*

Response DefaultHttpResponse(decodeResult: success, version: HTTP/1.1)
HTTP/1.1 200 OK
Content-Type: application/json; charset=utf-8
cache-control: no-cache
content-length: 14

19:28:24.146 [AsyncHttpClient-1-2] DEBUG org.asynchttpclient.netty.channel.ChannelManager - Adding key: http://localhost:62050 for channel [id: 0x31ef5195, L:/127.0.0.1:50668 - R:localhost/127.0.0.1:62050]
19:28:24.148 [Forwarding screenshot on session ac84c90b4c94524ddeaf96532a5cd012 to remote] DEBUG org.asynchttpclient.netty.request.NettyRequestSender - Using pooled Channel '[id: 0x31ef5195, L:/127.0.0.1:50668 - R:localhost/127.0.0.1:62050]' for 'GET' to 'http://localhost:62050/session/ac84c90b4c94524ddeaf96532a5cd012/screenshot'
19:28:24.148 [Forwarding screenshot on session ac84c90b4c94524ddeaf96532a5cd012 to remote] DEBUG org.asynchttpclient.netty.request.NettyRequestSender - Using open Channel [id: 0x31ef5195, L:/127.0.0.1:50668 - R:localhost/127.0.0.1:62050] for GET '/session/ac84c90b4c94524ddeaf96532a5cd012/screenshot'
19:28:24.326 [AsyncHttpClient-1-2] DEBUG org.asynchttpclient.netty.handler.HttpHandler - 

Request DefaultFullHttpRequest(decodeResult: success, version: HTTP/1.1, content: EmptyByteBufBE)
GET /session/ac84c90b4c94524ddeaf96532a5cd012/screenshot HTTP/1.1
User-Agent: selenium/4.1.4 (java windows)
Cache-Control: no-cache
Content-Type: application/json; charset=utf-8
host: localhost:62050
accept: */*

Response DefaultHttpResponse(decodeResult: success, version: HTTP/1.1)
HTTP/1.1 200 OK
Content-Type: application/json; charset=utf-8
cache-control: no-cache
content-length: 377580

19:28:24.337 [AsyncHttpClient-1-2] DEBUG org.asynchttpclient.netty.channel.ChannelManager - Adding key: http://localhost:62050 for channel [id: 0x31ef5195, L:/127.0.0.1:50668 - R:localhost/127.0.0.1:62050]
19:28:24.337 [main] DEBUG net.serenitybdd.core.photography.Darkroom - Send negative for processing for target\site\serenity\44fa0aa493cf3a3837a7fab79c30bded8f584eda85d2cfd055a7ef5b4e3f0a4a.png
19:28:24.337 [main] DEBUG net.thucydides.core.steps.StepInterceptor - STEP DONE: inputPasswordLogin
19:28:24.337 [Darkroom Processing Line] DEBUG net.serenitybdd.core.photography.DarkroomProcessingLine - Processing screenshot image in /var/screenshots/screenshot-8163885677325689645
19:28:24.337 [Darkroom Processing Line] DEBUG net.serenitybdd.core.photography.DarkroomProcessingLine - Saving screenshot to target\site\serenity\44fa0aa493cf3a3837a7fab79c30bded8f584eda85d2cfd055a7ef5b4e3f0a4a.png
  &amp#27;[32mAnd &amp#27;[0m&amp#27;[32mI input &amp#27;[0m&amp#27;[32m&amp#27;[1m"admin123"&amp#27;[0m&amp#27;[32m login password valid&amp#27;[0m &amp#27;[90m# starter.stepdefinitios.LoginSteps.iInputLoginPasswordValid(java.lang.String)&amp#27;[0m
19:28:24.356 [main] DEBUG net.thucydides.core.steps.StepInterceptor - STARTING STEP: LoginSteps.iClickButtonLogin - clickButtonLogin
19:28:24.373 [Forwarding findElement on session ac84c90b4c94524ddeaf96532a5cd012 to remote] DEBUG org.asynchttpclient.netty.request.NettyRequestSender - Using pooled Channel '[id: 0x31ef5195, L:/127.0.0.1:50668 - R:localhost/127.0.0.1:62050]' for 'POST' to 'http://localhost:62050/session/ac84c90b4c94524ddeaf96532a5cd012/element'
19:28:24.373 [Forwarding findElement on session ac84c90b4c94524ddeaf96532a5cd012 to remote] DEBUG org.asynchttpclient.netty.request.NettyRequestSender - Using open Channel [id: 0x31ef5195, L:/127.0.0.1:50668 - R:localhost/127.0.0.1:62050] for POST '/session/ac84c90b4c94524ddeaf96532a5cd012/element'
19:28:24.392 [AsyncHttpClient-1-2] DEBUG org.asynchttpclient.netty.handler.HttpHandler - 

Request DefaultHttpRequest(decodeResult: success, version: HTTP/1.1)
POST /session/ac84c90b4c94524ddeaf96532a5cd012/element HTTP/1.1
User-Agent: selenium/4.1.4 (java windows)
Content-Length: 68
Content-Type: application/json; charset=utf-8
host: localhost:62050
accept: */*

Response DefaultHttpResponse(decodeResult: success, version: HTTP/1.1)
HTTP/1.1 200 OK
Content-Type: application/json; charset=utf-8
cache-control: no-cache
content-length: 88

19:28:24.392 [AsyncHttpClient-1-2] DEBUG org.asynchttpclient.netty.channel.ChannelManager - Adding key: http://localhost:62050 for channel [id: 0x31ef5195, L:/127.0.0.1:50668 - R:localhost/127.0.0.1:62050]
19:28:24.393 [Forwarding getElementTagName on session ac84c90b4c94524ddeaf96532a5cd012 to remote] DEBUG org.asynchttpclient.netty.request.NettyRequestSender - Using pooled Channel '[id: 0x31ef5195, L:/127.0.0.1:50668 - R:localhost/127.0.0.1:62050]' for 'GET' to 'http://localhost:62050/session/ac84c90b4c94524ddeaf96532a5cd012/element/672720bf-8811-4501-b2c1-4ba1defd79d1/name'
19:28:24.393 [Forwarding getElementTagName on session ac84c90b4c94524ddeaf96532a5cd012 to remote] DEBUG org.asynchttpclient.netty.request.NettyRequestSender - Using open Channel [id: 0x31ef5195, L:/127.0.0.1:50668 - R:localhost/127.0.0.1:62050] for GET '/session/ac84c90b4c94524ddeaf96532a5cd012/element/672720bf-8811-4501-b2c1-4ba1defd79d1/name'
19:28:24.398 [AsyncHttpClient-1-2] DEBUG org.asynchttpclient.netty.handler.HttpHandler - 

Request DefaultFullHttpRequest(decodeResult: success, version: HTTP/1.1, content: EmptyByteBufBE)
GET /session/ac84c90b4c94524ddeaf96532a5cd012/element/672720bf-8811-4501-b2c1-4ba1defd79d1/name HTTP/1.1
User-Agent: selenium/4.1.4 (java windows)
Cache-Control: no-cache
Content-Type: application/json; charset=utf-8
host: localhost:62050
accept: */*

Response DefaultHttpResponse(decodeResult: success, version: HTTP/1.1)
HTTP/1.1 200 OK
Content-Type: application/json; charset=utf-8
cache-control: no-cache
content-length: 18

19:28:24.399 [AsyncHttpClient-1-2] DEBUG org.asynchttpclient.netty.channel.ChannelManager - Adding key: http://localhost:62050 for channel [id: 0x31ef5195, L:/127.0.0.1:50668 - R:localhost/127.0.0.1:62050]
19:28:24.400 [Forwarding getElementTagName on session ac84c90b4c94524ddeaf96532a5cd012 to remote] DEBUG org.asynchttpclient.netty.request.NettyRequestSender - Using pooled Channel '[id: 0x31ef5195, L:/127.0.0.1:50668 - R:localhost/127.0.0.1:62050]' for 'GET' to 'http://localhost:62050/session/ac84c90b4c94524ddeaf96532a5cd012/element/672720bf-8811-4501-b2c1-4ba1defd79d1/name'
19:28:24.400 [Forwarding getElementTagName on session ac84c90b4c94524ddeaf96532a5cd012 to remote] DEBUG org.asynchttpclient.netty.request.NettyRequestSender - Using open Channel [id: 0x31ef5195, L:/127.0.0.1:50668 - R:localhost/127.0.0.1:62050] for GET '/session/ac84c90b4c94524ddeaf96532a5cd012/element/672720bf-8811-4501-b2c1-4ba1defd79d1/name'
19:28:24.404 [AsyncHttpClient-1-2] DEBUG org.asynchttpclient.netty.handler.HttpHandler - 

Request DefaultFullHttpRequest(decodeResult: success, version: HTTP/1.1, content: EmptyByteBufBE)
GET /session/ac84c90b4c94524ddeaf96532a5cd012/element/672720bf-8811-4501-b2c1-4ba1defd79d1/name HTTP/1.1
User-Agent: selenium/4.1.4 (java windows)
Cache-Control: no-cache
Content-Type: application/json; charset=utf-8
host: localhost:62050
accept: */*

Response DefaultHttpResponse(decodeResult: success, version: HTTP/1.1)
HTTP/1.1 200 OK
Content-Type: application/json; charset=utf-8
cache-control: no-cache
content-length: 18

19:28:24.405 [AsyncHttpClient-1-2] DEBUG org.asynchttpclient.netty.channel.ChannelManager - Adding key: http://localhost:62050 for channel [id: 0x31ef5195, L:/127.0.0.1:50668 - R:localhost/127.0.0.1:62050]
19:28:24.406 [Forwarding isElementEnabled on session ac84c90b4c94524ddeaf96532a5cd012 to remote] DEBUG org.asynchttpclient.netty.request.NettyRequestSender - Using pooled Channel '[id: 0x31ef5195, L:/127.0.0.1:50668 - R:localhost/127.0.0.1:62050]' for 'GET' to 'http://localhost:62050/session/ac84c90b4c94524ddeaf96532a5cd012/element/672720bf-8811-4501-b2c1-4ba1defd79d1/enabled'
19:28:24.406 [Forwarding isElementEnabled on session ac84c90b4c94524ddeaf96532a5cd012 to remote] DEBUG org.asynchttpclient.netty.request.NettyRequestSender - Using open Channel [id: 0x31ef5195, L:/127.0.0.1:50668 - R:localhost/127.0.0.1:62050] for GET '/session/ac84c90b4c94524ddeaf96532a5cd012/element/672720bf-8811-4501-b2c1-4ba1defd79d1/enabled'
19:28:24.416 [AsyncHttpClient-1-2] DEBUG org.asynchttpclient.netty.handler.HttpHandler - 

Request DefaultFullHttpRequest(decodeResult: success, version: HTTP/1.1, content: EmptyByteBufBE)
GET /session/ac84c90b4c94524ddeaf96532a5cd012/element/672720bf-8811-4501-b2c1-4ba1defd79d1/enabled HTTP/1.1
User-Agent: selenium/4.1.4 (java windows)
Cache-Control: no-cache
Content-Type: application/json; charset=utf-8
host: localhost:62050
accept: */*

Response DefaultHttpResponse(decodeResult: success, version: HTTP/1.1)
HTTP/1.1 200 OK
Content-Type: application/json; charset=utf-8
cache-control: no-cache
content-length: 14

19:28:24.416 [AsyncHttpClient-1-2] DEBUG org.asynchttpclient.netty.channel.ChannelManager - Adding key: http://localhost:62050 for channel [id: 0x31ef5195, L:/127.0.0.1:50668 - R:localhost/127.0.0.1:62050]
19:28:24.417 [Forwarding isElementEnabled on session ac84c90b4c94524ddeaf96532a5cd012 to remote] DEBUG org.asynchttpclient.netty.request.NettyRequestSender - Using pooled Channel '[id: 0x31ef5195, L:/127.0.0.1:50668 - R:localhost/127.0.0.1:62050]' for 'GET' to 'http://localhost:62050/session/ac84c90b4c94524ddeaf96532a5cd012/element/672720bf-8811-4501-b2c1-4ba1defd79d1/enabled'
19:28:24.417 [Forwarding isElementEnabled on session ac84c90b4c94524ddeaf96532a5cd012 to remote] DEBUG org.asynchttpclient.netty.request.NettyRequestSender - Using open Channel [id: 0x31ef5195, L:/127.0.0.1:50668 - R:localhost/127.0.0.1:62050] for GET '/session/ac84c90b4c94524ddeaf96532a5cd012/element/672720bf-8811-4501-b2c1-4ba1defd79d1/enabled'
19:28:24.424 [AsyncHttpClient-1-2] DEBUG org.asynchttpclient.netty.handler.HttpHandler - 

Request DefaultFullHttpRequest(decodeResult: success, version: HTTP/1.1, content: EmptyByteBufBE)
GET /session/ac84c90b4c94524ddeaf96532a5cd012/element/672720bf-8811-4501-b2c1-4ba1defd79d1/enabled HTTP/1.1
User-Agent: selenium/4.1.4 (java windows)
Cache-Control: no-cache
Content-Type: application/json; charset=utf-8
host: localhost:62050
accept: */*

Response DefaultHttpResponse(decodeResult: success, version: HTTP/1.1)
HTTP/1.1 200 OK
Content-Type: application/json; charset=utf-8
cache-control: no-cache
content-length: 14

19:28:24.424 [AsyncHttpClient-1-2] DEBUG org.asynchttpclient.netty.channel.ChannelManager - Adding key: http://localhost:62050 for channel [id: 0x31ef5195, L:/127.0.0.1:50668 - R:localhost/127.0.0.1:62050]
19:28:24.427 [Forwarding findElement on session ac84c90b4c94524ddeaf96532a5cd012 to remote] DEBUG org.asynchttpclient.netty.request.NettyRequestSender - Using pooled Channel '[id: 0x31ef5195, L:/127.0.0.1:50668 - R:localhost/127.0.0.1:62050]' for 'POST' to 'http://localhost:62050/session/ac84c90b4c94524ddeaf96532a5cd012/element'
19:28:24.428 [Forwarding findElement on session ac84c90b4c94524ddeaf96532a5cd012 to remote] DEBUG org.asynchttpclient.netty.request.NettyRequestSender - Using open Channel [id: 0x31ef5195, L:/127.0.0.1:50668 - R:localhost/127.0.0.1:62050] for POST '/session/ac84c90b4c94524ddeaf96532a5cd012/element'
19:28:24.434 [AsyncHttpClient-1-2] DEBUG org.asynchttpclient.netty.handler.HttpHandler - 

Request DefaultHttpRequest(decodeResult: success, version: HTTP/1.1)
POST /session/ac84c90b4c94524ddeaf96532a5cd012/element HTTP/1.1
User-Agent: selenium/4.1.4 (java windows)
Content-Length: 68
Content-Type: application/json; charset=utf-8
host: localhost:62050
accept: */*

Response DefaultHttpResponse(decodeResult: success, version: HTTP/1.1)
HTTP/1.1 200 OK
Content-Type: application/json; charset=utf-8
cache-control: no-cache
content-length: 88

19:28:24.434 [AsyncHttpClient-1-2] DEBUG org.asynchttpclient.netty.channel.ChannelManager - Adding key: http://localhost:62050 for channel [id: 0x31ef5195, L:/127.0.0.1:50668 - R:localhost/127.0.0.1:62050]
19:28:24.434 [Forwarding clickElement on session ac84c90b4c94524ddeaf96532a5cd012 to remote] DEBUG org.asynchttpclient.netty.request.NettyRequestSender - Using pooled Channel '[id: 0x31ef5195, L:/127.0.0.1:50668 - R:localhost/127.0.0.1:62050]' for 'POST' to 'http://localhost:62050/session/ac84c90b4c94524ddeaf96532a5cd012/element/672720bf-8811-4501-b2c1-4ba1defd79d1/click'
19:28:24.434 [Forwarding clickElement on session ac84c90b4c94524ddeaf96532a5cd012 to remote] DEBUG org.asynchttpclient.netty.request.NettyRequestSender - Using open Channel [id: 0x31ef5195, L:/127.0.0.1:50668 - R:localhost/127.0.0.1:62050] for POST '/session/ac84c90b4c94524ddeaf96532a5cd012/element/672720bf-8811-4501-b2c1-4ba1defd79d1/click'
19:28:24.484 [AsyncHttpClient-1-2] DEBUG org.asynchttpclient.netty.handler.HttpHandler - 

Request DefaultHttpRequest(decodeResult: success, version: HTTP/1.1)
POST /session/ac84c90b4c94524ddeaf96532a5cd012/element/672720bf-8811-4501-b2c1-4ba1defd79d1/click HTTP/1.1
User-Agent: selenium/4.1.4 (java windows)
Content-Length: 50
Content-Type: application/json; charset=utf-8
host: localhost:62050
accept: */*

Response DefaultHttpResponse(decodeResult: success, version: HTTP/1.1)
HTTP/1.1 200 OK
Content-Type: application/json; charset=utf-8
cache-control: no-cache
content-length: 14

19:28:24.484 [AsyncHttpClient-1-2] DEBUG org.asynchttpclient.netty.channel.ChannelManager - Adding key: http://localhost:62050 for channel [id: 0x31ef5195, L:/127.0.0.1:50668 - R:localhost/127.0.0.1:62050]
19:28:24.493 [Forwarding screenshot on session ac84c90b4c94524ddeaf96532a5cd012 to remote] DEBUG org.asynchttpclient.netty.request.NettyRequestSender - Using pooled Channel '[id: 0x31ef5195, L:/127.0.0.1:50668 - R:localhost/127.0.0.1:62050]' for 'GET' to 'http://localhost:62050/session/ac84c90b4c94524ddeaf96532a5cd012/screenshot'
19:28:24.495 [Forwarding screenshot on session ac84c90b4c94524ddeaf96532a5cd012 to remote] DEBUG org.asynchttpclient.netty.request.NettyRequestSender - Using open Channel [id: 0x31ef5195, L:/127.0.0.1:50668 - R:localhost/127.0.0.1:62050] for GET '/session/ac84c90b4c94524ddeaf96532a5cd012/screenshot'
19:28:24.727 [AsyncHttpClient-1-2] DEBUG org.asynchttpclient.netty.handler.HttpHandler - 

Request DefaultFullHttpRequest(decodeResult: success, version: HTTP/1.1, content: EmptyByteBufBE)
GET /session/ac84c90b4c94524ddeaf96532a5cd012/screenshot HTTP/1.1
User-Agent: selenium/4.1.4 (java windows)
Cache-Control: no-cache
Content-Type: application/json; charset=utf-8
host: localhost:62050
accept: */*

Response DefaultHttpResponse(decodeResult: success, version: HTTP/1.1)
HTTP/1.1 200 OK
Content-Type: application/json; charset=utf-8
cache-control: no-cache
content-length: 360756

19:28:24.735 [AsyncHttpClient-1-2] DEBUG org.asynchttpclient.netty.channel.ChannelManager - Adding key: http://localhost:62050 for channel [id: 0x31ef5195, L:/127.0.0.1:50668 - R:localhost/127.0.0.1:62050]
19:28:24.742 [main] DEBUG net.serenitybdd.core.photography.Darkroom - Send negative for processing for target\site\serenity\d35b91ce3d07a9fee4a431adcd1b0719dc7cb4a166e6b1b6f49fd9899092a5f7.png
19:28:24.742 [main] DEBUG net.thucydides.core.steps.StepInterceptor - STEP DONE: clickButtonLogin
19:28:24.742 [Darkroom Processing Line] DEBUG net.serenitybdd.core.photography.DarkroomProcessingLine - Processing screenshot image in /var/screenshots/screenshot-8243053180987814116
19:28:24.742 [Darkroom Processing Line] DEBUG net.serenitybdd.core.photography.DarkroomProcessingLine - Saving screenshot to target\site\serenity\d35b91ce3d07a9fee4a431adcd1b0719dc7cb4a166e6b1b6f49fd9899092a5f7.png
19:28:24.898 [AsyncHttpClient-1-1] DEBUG org.asynchttpclient.netty.channel.DefaultChannelPool - Entry count for : http://localhost:50669 : 1
19:28:24.898 [AsyncHttpClient-1-1] DEBUG org.asynchttpclient.netty.channel.DefaultChannelPool - Entry count for : http://localhost:62050 : 1
  &amp#27;[32mAnd &amp#27;[0m&amp#27;[32mI click button login&amp#27;[0m                    &amp#27;[90m# starter.stepdefinitios.LoginSteps.iClickButtonLogin()&amp#27;[0m
19:28:25.760 [Forwarding screenshot on session ac84c90b4c94524ddeaf96532a5cd012 to remote] DEBUG org.asynchttpclient.netty.request.NettyRequestSender - Using pooled Channel '[id: 0x31ef5195, L:/127.0.0.1:50668 - R:localhost/127.0.0.1:62050]' for 'GET' to 'http://localhost:62050/session/ac84c90b4c94524ddeaf96532a5cd012/screenshot'
19:28:25.760 [Forwarding screenshot on session ac84c90b4c94524ddeaf96532a5cd012 to remote] DEBUG org.asynchttpclient.netty.request.NettyRequestSender - Using open Channel [id: 0x31ef5195, L:/127.0.0.1:50668 - R:localhost/127.0.0.1:62050] for GET '/session/ac84c90b4c94524ddeaf96532a5cd012/screenshot'
19:28:26.000 [AsyncHttpClient-1-1] DEBUG org.asynchttpclient.netty.channel.DefaultChannelPool - Entry count for : http://localhost:50669 : 1
19:28:26.109 [AsyncHttpClient-1-2] DEBUG org.asynchttpclient.netty.handler.HttpHandler - 

Request DefaultFullHttpRequest(decodeResult: success, version: HTTP/1.1, content: EmptyByteBufBE)
GET /session/ac84c90b4c94524ddeaf96532a5cd012/screenshot HTTP/1.1
User-Agent: selenium/4.1.4 (java windows)
Cache-Control: no-cache
Content-Type: application/json; charset=utf-8
host: localhost:62050
accept: */*

Response DefaultHttpResponse(decodeResult: success, version: HTTP/1.1)
HTTP/1.1 200 OK
Content-Type: application/json; charset=utf-8
cache-control: no-cache
content-length: 313328

19:28:26.111 [AsyncHttpClient-1-2] DEBUG org.asynchttpclient.netty.channel.ChannelManager - Adding key: http://localhost:62050 for channel [id: 0x31ef5195, L:/127.0.0.1:50668 - R:localhost/127.0.0.1:62050]
19:28:26.123 [main] DEBUG net.serenitybdd.core.photography.Darkroom - Send negative for processing for target\site\serenity\104ba2489457f61254c3457a3242df8c7955ce5e75c181e57d336f2415047cc5.png
19:28:26.123 [Darkroom Processing Line] DEBUG net.serenitybdd.core.photography.DarkroomProcessingLine - Processing screenshot image in /var/screenshots/screenshot-2140091951169515086
19:28:26.123 [Darkroom Processing Line] DEBUG net.serenitybdd.core.photography.DarkroomProcessingLine - Saving screenshot to target\site\serenity\104ba2489457f61254c3457a3242df8c7955ce5e75c181e57d336f2415047cc5.png
19:28:27.091 [AsyncHttpClient-1-1] DEBUG org.asynchttpclient.netty.channel.DefaultChannelPool - Entry count for : http://localhost:50669 : 1
19:28:27.091 [AsyncHttpClient-1-1] DEBUG org.asynchttpclient.netty.channel.DefaultChannelPool - Entry count for : http://localhost:62050 : 1
19:28:28.198 [AsyncHttpClient-1-1] DEBUG org.asynchttpclient.netty.channel.DefaultChannelPool - Entry count for : http://localhost:50669 : 1
19:28:28.198 [AsyncHttpClient-1-1] DEBUG org.asynchttpclient.netty.channel.DefaultChannelPool - Entry count for : http://localhost:62050 : 1
19:28:29.304 [AsyncHttpClient-1-1] DEBUG org.asynchttpclient.netty.channel.DefaultChannelPool - Entry count for : http://localhost:50669 : 1
19:28:29.304 [AsyncHttpClient-1-1] DEBUG org.asynchttpclient.netty.channel.DefaultChannelPool - Entry count for : http://localhost:62050 : 1
19:28:30.404 [AsyncHttpClient-1-1] DEBUG org.asynchttpclient.netty.channel.DefaultChannelPool - Entry count for : http://localhost:50669 : 1
19:28:30.404 [AsyncHttpClient-1-1] DEBUG org.asynchttpclient.netty.channel.DefaultChannelPool - Entry count for : http://localhost:62050 : 1
19:28:31.141 [Forwarding findElement on session ac84c90b4c94524ddeaf96532a5cd012 to remote] DEBUG org.asynchttpclient.netty.request.NettyRequestSender - Using pooled Channel '[id: 0x31ef5195, L:/127.0.0.1:50668 - R:localhost/127.0.0.1:62050]' for 'POST' to 'http://localhost:62050/session/ac84c90b4c94524ddeaf96532a5cd012/element'
19:28:31.141 [Forwarding findElement on session ac84c90b4c94524ddeaf96532a5cd012 to remote] DEBUG org.asynchttpclient.netty.request.NettyRequestSender - Using open Channel [id: 0x31ef5195, L:/127.0.0.1:50668 - R:localhost/127.0.0.1:62050] for POST '/session/ac84c90b4c94524ddeaf96532a5cd012/element'
19:28:31.170 [AsyncHttpClient-1-2] DEBUG org.asynchttpclient.netty.handler.HttpHandler - 

Request DefaultHttpRequest(decodeResult: success, version: HTTP/1.1)
POST /session/ac84c90b4c94524ddeaf96532a5cd012/element HTTP/1.1
User-Agent: selenium/4.1.4 (java windows)
Content-Length: 68
Content-Type: application/json; charset=utf-8
host: localhost:62050
accept: */*

Response DefaultHttpResponse(decodeResult: success, version: HTTP/1.1)
HTTP/1.1 200 OK
Content-Type: application/json; charset=utf-8
cache-control: no-cache
content-length: 88

19:28:31.170 [AsyncHttpClient-1-2] DEBUG org.asynchttpclient.netty.channel.ChannelManager - Adding key: http://localhost:62050 for channel [id: 0x31ef5195, L:/127.0.0.1:50668 - R:localhost/127.0.0.1:62050]
19:28:31.170 [Forwarding isElementEnabled on session ac84c90b4c94524ddeaf96532a5cd012 to remote] DEBUG org.asynchttpclient.netty.request.NettyRequestSender - Using pooled Channel '[id: 0x31ef5195, L:/127.0.0.1:50668 - R:localhost/127.0.0.1:62050]' for 'GET' to 'http://localhost:62050/session/ac84c90b4c94524ddeaf96532a5cd012/element/0b428c5c-5c6e-4aad-970a-2906c1b5f506/enabled'
19:28:31.170 [Forwarding isElementEnabled on session ac84c90b4c94524ddeaf96532a5cd012 to remote] DEBUG org.asynchttpclient.netty.request.NettyRequestSender - Using open Channel [id: 0x31ef5195, L:/127.0.0.1:50668 - R:localhost/127.0.0.1:62050] for GET '/session/ac84c90b4c94524ddeaf96532a5cd012/element/0b428c5c-5c6e-4aad-970a-2906c1b5f506/enabled'
19:28:31.190 [AsyncHttpClient-1-2] DEBUG org.asynchttpclient.netty.handler.HttpHandler - 

Request DefaultFullHttpRequest(decodeResult: success, version: HTTP/1.1, content: EmptyByteBufBE)
GET /session/ac84c90b4c94524ddeaf96532a5cd012/element/0b428c5c-5c6e-4aad-970a-2906c1b5f506/enabled HTTP/1.1
User-Agent: selenium/4.1.4 (java windows)
Cache-Control: no-cache
Content-Type: application/json; charset=utf-8
host: localhost:62050
accept: */*

Response DefaultHttpResponse(decodeResult: success, version: HTTP/1.1)
HTTP/1.1 200 OK
Content-Type: application/json; charset=utf-8
cache-control: no-cache
content-length: 14

19:28:31.191 [AsyncHttpClient-1-2] DEBUG org.asynchttpclient.netty.channel.ChannelManager - Adding key: http://localhost:62050 for channel [id: 0x31ef5195, L:/127.0.0.1:50668 - R:localhost/127.0.0.1:62050]
19:28:31.497 [AsyncHttpClient-1-1] DEBUG org.asynchttpclient.netty.channel.DefaultChannelPool - Entry count for : http://localhost:50669 : 1
19:28:31.498 [AsyncHttpClient-1-1] DEBUG org.asynchttpclient.netty.channel.DefaultChannelPool - Entry count for : http://localhost:62050 : 1
19:28:31.735 [Forwarding screenshot on session ac84c90b4c94524ddeaf96532a5cd012 to remote] DEBUG org.asynchttpclient.netty.request.NettyRequestSender - Using pooled Channel '[id: 0x31ef5195, L:/127.0.0.1:50668 - R:localhost/127.0.0.1:62050]' for 'GET' to 'http://localhost:62050/session/ac84c90b4c94524ddeaf96532a5cd012/screenshot'
19:28:31.740 [Forwarding screenshot on session ac84c90b4c94524ddeaf96532a5cd012 to remote] DEBUG org.asynchttpclient.netty.request.NettyRequestSender - Using open Channel [id: 0x31ef5195, L:/127.0.0.1:50668 - R:localhost/127.0.0.1:62050] for GET '/session/ac84c90b4c94524ddeaf96532a5cd012/screenshot'
19:28:31.992 [AsyncHttpClient-1-2] DEBUG org.asynchttpclient.netty.handler.HttpHandler - 

Request DefaultFullHttpRequest(decodeResult: success, version: HTTP/1.1, content: EmptyByteBufBE)
GET /session/ac84c90b4c94524ddeaf96532a5cd012/screenshot HTTP/1.1
User-Agent: selenium/4.1.4 (java windows)
Cache-Control: no-cache
Content-Type: application/json; charset=utf-8
host: localhost:62050
accept: */*

Response DefaultHttpResponse(decodeResult: success, version: HTTP/1.1)
HTTP/1.1 200 OK
Content-Type: application/json; charset=utf-8
cache-control: no-cache
content-length: 301044

19:28:31.993 [AsyncHttpClient-1-2] DEBUG org.asynchttpclient.netty.channel.ChannelManager - Adding key: http://localhost:62050 for channel [id: 0x31ef5195, L:/127.0.0.1:50668 - R:localhost/127.0.0.1:62050]
19:28:32.023 [main] DEBUG net.serenitybdd.core.photography.Darkroom - Send negative for processing for target\site\serenity\163e386af0b12517552a74a3d5043b94e8c0f9215c0f21d464e3b04d27a0859d.png
19:28:32.023 [Darkroom Processing Line] DEBUG net.serenitybdd.core.photography.DarkroomProcessingLine - Processing screenshot image in /var/screenshots/screenshot-2140340967528069640
19:28:32.024 [Darkroom Processing Line] DEBUG net.serenitybdd.core.photography.DarkroomProcessingLine - Saving screenshot to target\site\serenity\163e386af0b12517552a74a3d5043b94e8c0f9215c0f21d464e3b04d27a0859d.png
19:28:32.024 [main] DEBUG net.thucydides.core.steps.StepInterceptor - STARTING STEP: LoginSteps.loginValidationInvalid - clickButtonErrorOK
19:28:32.036 [Forwarding findElement on session ac84c90b4c94524ddeaf96532a5cd012 to remote] DEBUG org.asynchttpclient.netty.request.NettyRequestSender - Using pooled Channel '[id: 0x31ef5195, L:/127.0.0.1:50668 - R:localhost/127.0.0.1:62050]' for 'POST' to 'http://localhost:62050/session/ac84c90b4c94524ddeaf96532a5cd012/element'
19:28:32.036 [Forwarding findElement on session ac84c90b4c94524ddeaf96532a5cd012 to remote] DEBUG org.asynchttpclient.netty.request.NettyRequestSender - Using open Channel [id: 0x31ef5195, L:/127.0.0.1:50668 - R:localhost/127.0.0.1:62050] for POST '/session/ac84c90b4c94524ddeaf96532a5cd012/element'
19:28:32.068 [AsyncHttpClient-1-2] DEBUG org.asynchttpclient.netty.handler.HttpHandler - 

Request DefaultHttpRequest(decodeResult: success, version: HTTP/1.1)
POST /session/ac84c90b4c94524ddeaf96532a5cd012/element HTTP/1.1
User-Agent: selenium/4.1.4 (java windows)
Content-Length: 88
Content-Type: application/json; charset=utf-8
host: localhost:62050
accept: */*

Response DefaultHttpResponse(decodeResult: success, version: HTTP/1.1)
HTTP/1.1 200 OK
Content-Type: application/json; charset=utf-8
cache-control: no-cache
content-length: 88

19:28:32.069 [AsyncHttpClient-1-2] DEBUG org.asynchttpclient.netty.channel.ChannelManager - Adding key: http://localhost:62050 for channel [id: 0x31ef5195, L:/127.0.0.1:50668 - R:localhost/127.0.0.1:62050]
19:28:32.071 [Forwarding getElementTagName on session ac84c90b4c94524ddeaf96532a5cd012 to remote] DEBUG org.asynchttpclient.netty.request.NettyRequestSender - Using pooled Channel '[id: 0x31ef5195, L:/127.0.0.1:50668 - R:localhost/127.0.0.1:62050]' for 'GET' to 'http://localhost:62050/session/ac84c90b4c94524ddeaf96532a5cd012/element/578bdf18-1a0d-4d35-93ae-d1804b90024c/name'
19:28:32.071 [Forwarding getElementTagName on session ac84c90b4c94524ddeaf96532a5cd012 to remote] DEBUG org.asynchttpclient.netty.request.NettyRequestSender - Using open Channel [id: 0x31ef5195, L:/127.0.0.1:50668 - R:localhost/127.0.0.1:62050] for GET '/session/ac84c90b4c94524ddeaf96532a5cd012/element/578bdf18-1a0d-4d35-93ae-d1804b90024c/name'
19:28:32.085 [AsyncHttpClient-1-2] DEBUG org.asynchttpclient.netty.handler.HttpHandler - 

Request DefaultFullHttpRequest(decodeResult: success, version: HTTP/1.1, content: EmptyByteBufBE)
GET /session/ac84c90b4c94524ddeaf96532a5cd012/element/578bdf18-1a0d-4d35-93ae-d1804b90024c/name HTTP/1.1
User-Agent: selenium/4.1.4 (java windows)
Cache-Control: no-cache
Content-Type: application/json; charset=utf-8
host: localhost:62050
accept: */*

Response DefaultHttpResponse(decodeResult: success, version: HTTP/1.1)
HTTP/1.1 200 OK
Content-Type: application/json; charset=utf-8
cache-control: no-cache
content-length: 18

19:28:32.085 [AsyncHttpClient-1-2] DEBUG org.asynchttpclient.netty.channel.ChannelManager - Adding key: http://localhost:62050 for channel [id: 0x31ef5195, L:/127.0.0.1:50668 - R:localhost/127.0.0.1:62050]
19:28:32.090 [Forwarding getElementTagName on session ac84c90b4c94524ddeaf96532a5cd012 to remote] DEBUG org.asynchttpclient.netty.request.NettyRequestSender - Using pooled Channel '[id: 0x31ef5195, L:/127.0.0.1:50668 - R:localhost/127.0.0.1:62050]' for 'GET' to 'http://localhost:62050/session/ac84c90b4c94524ddeaf96532a5cd012/element/578bdf18-1a0d-4d35-93ae-d1804b90024c/name'
19:28:32.090 [Forwarding getElementTagName on session ac84c90b4c94524ddeaf96532a5cd012 to remote] DEBUG org.asynchttpclient.netty.request.NettyRequestSender - Using open Channel [id: 0x31ef5195, L:/127.0.0.1:50668 - R:localhost/127.0.0.1:62050] for GET '/session/ac84c90b4c94524ddeaf96532a5cd012/element/578bdf18-1a0d-4d35-93ae-d1804b90024c/name'
19:28:32.099 [AsyncHttpClient-1-2] DEBUG org.asynchttpclient.netty.handler.HttpHandler - 

Request DefaultFullHttpRequest(decodeResult: success, version: HTTP/1.1, content: EmptyByteBufBE)
GET /session/ac84c90b4c94524ddeaf96532a5cd012/element/578bdf18-1a0d-4d35-93ae-d1804b90024c/name HTTP/1.1
User-Agent: selenium/4.1.4 (java windows)
Cache-Control: no-cache
Content-Type: application/json; charset=utf-8
host: localhost:62050
accept: */*

Response DefaultHttpResponse(decodeResult: success, version: HTTP/1.1)
HTTP/1.1 200 OK
Content-Type: application/json; charset=utf-8
cache-control: no-cache
content-length: 18

19:28:32.100 [AsyncHttpClient-1-2] DEBUG org.asynchttpclient.netty.channel.ChannelManager - Adding key: http://localhost:62050 for channel [id: 0x31ef5195, L:/127.0.0.1:50668 - R:localhost/127.0.0.1:62050]
19:28:32.106 [Forwarding isElementEnabled on session ac84c90b4c94524ddeaf96532a5cd012 to remote] DEBUG org.asynchttpclient.netty.request.NettyRequestSender - Using pooled Channel '[id: 0x31ef5195, L:/127.0.0.1:50668 - R:localhost/127.0.0.1:62050]' for 'GET' to 'http://localhost:62050/session/ac84c90b4c94524ddeaf96532a5cd012/element/578bdf18-1a0d-4d35-93ae-d1804b90024c/enabled'
19:28:32.106 [Forwarding isElementEnabled on session ac84c90b4c94524ddeaf96532a5cd012 to remote] DEBUG org.asynchttpclient.netty.request.NettyRequestSender - Using open Channel [id: 0x31ef5195, L:/127.0.0.1:50668 - R:localhost/127.0.0.1:62050] for GET '/session/ac84c90b4c94524ddeaf96532a5cd012/element/578bdf18-1a0d-4d35-93ae-d1804b90024c/enabled'
19:28:32.123 [AsyncHttpClient-1-2] DEBUG org.asynchttpclient.netty.handler.HttpHandler - 

Request DefaultFullHttpRequest(decodeResult: success, version: HTTP/1.1, content: EmptyByteBufBE)
[...]

19:29:23.931 [AsyncHttpClient-1-5] DEBUG org.asynchttpclient.netty.channel.ChannelManager - Adding key: http://localhost:55123 for channel [id: 0x09d9a47b, L:/127.0.0.1:50694 - R:localhost/127.0.0.1:55123]
19:29:23.934 [Forwarding isElementEnabled on session 71a2d44b2c96e7e11c81e4c61dc049fd to remote] DEBUG org.asynchttpclient.netty.request.NettyRequestSender - Using pooled Channel '[id: 0x09d9a47b, L:/127.0.0.1:50694 - R:localhost/127.0.0.1:55123]' for 'GET' to 'http://localhost:55123/session/71a2d44b2c96e7e11c81e4c61dc049fd/element/13fe3492-402d-440f-b8a5-2d1e00ff26b9/enabled'
19:29:23.934 [Forwarding isElementEnabled on session 71a2d44b2c96e7e11c81e4c61dc049fd to remote] DEBUG org.asynchttpclient.netty.request.NettyRequestSender - Using open Channel [id: 0x09d9a47b, L:/127.0.0.1:50694 - R:localhost/127.0.0.1:55123] for GET '/session/71a2d44b2c96e7e11c81e4c61dc049fd/element/13fe3492-402d-440f-b8a5-2d1e00ff26b9/enabled'
19:29:23.946 [AsyncHttpClient-1-5] DEBUG org.asynchttpclient.netty.handler.HttpHandler - 

Request DefaultFullHttpRequest(decodeResult: success, version: HTTP/1.1, content: EmptyByteBufBE)
GET /session/71a2d44b2c96e7e11c81e4c61dc049fd/element/13fe3492-402d-440f-b8a5-2d1e00ff26b9/enabled HTTP/1.1
User-Agent: selenium/4.1.4 (java windows)
Cache-Control: no-cache
Content-Type: application/json; charset=utf-8
host: localhost:55123
accept: */*

Response DefaultHttpResponse(decodeResult: success, version: HTTP/1.1)
HTTP/1.1 200 OK
Content-Type: application/json; charset=utf-8
cache-control: no-cache
content-length: 14

19:29:23.947 [AsyncHttpClient-1-5] DEBUG org.asynchttpclient.netty.channel.ChannelManager - Adding key: http://localhost:55123 for channel [id: 0x09d9a47b, L:/127.0.0.1:50694 - R:localhost/127.0.0.1:55123]
19:29:23.948 [Forwarding findElement on session 71a2d44b2c96e7e11c81e4c61dc049fd to remote] DEBUG org.asynchttpclient.netty.request.NettyRequestSender - Using pooled Channel '[id: 0x09d9a47b, L:/127.0.0.1:50694 - R:localhost/127.0.0.1:55123]' for 'POST' to 'http://localhost:55123/session/71a2d44b2c96e7e11c81e4c61dc049fd/element'
19:29:23.948 [Forwarding findElement on session 71a2d44b2c96e7e11c81e4c61dc049fd to remote] DEBUG org.asynchttpclient.netty.request.NettyRequestSender - Using open Channel [id: 0x09d9a47b, L:/127.0.0.1:50694 - R:localhost/127.0.0.1:55123] for POST '/session/71a2d44b2c96e7e11c81e4c61dc049fd/element'
19:29:23.965 [AsyncHttpClient-1-5] DEBUG org.asynchttpclient.netty.handler.HttpHandler - 

Request DefaultHttpRequest(decodeResult: success, version: HTTP/1.1)
POST /session/71a2d44b2c96e7e11c81e4c61dc049fd/element HTTP/1.1
User-Agent: selenium/4.1.4 (java windows)
Content-Length: 91
Content-Type: application/json; charset=utf-8
host: localhost:55123
accept: */*

Response DefaultHttpResponse(decodeResult: success, version: HTTP/1.1)
HTTP/1.1 200 OK
Content-Type: application/json; charset=utf-8
cache-control: no-cache
content-length: 88

19:29:23.965 [AsyncHttpClient-1-5] DEBUG org.asynchttpclient.netty.channel.ChannelManager - Adding key: http://localhost:55123 for channel [id: 0x09d9a47b, L:/127.0.0.1:50694 - R:localhost/127.0.0.1:55123]
19:29:23.968 [Forwarding clickElement on session 71a2d44b2c96e7e11c81e4c61dc049fd to remote] DEBUG org.asynchttpclient.netty.request.NettyRequestSender - Using pooled Channel '[id: 0x09d9a47b, L:/127.0.0.1:50694 - R:localhost/127.0.0.1:55123]' for 'POST' to 'http://localhost:55123/session/71a2d44b2c96e7e11c81e4c61dc049fd/element/13fe3492-402d-440f-b8a5-2d1e00ff26b9/click'
19:29:23.968 [Forwarding clickElement on session 71a2d44b2c96e7e11c81e4c61dc049fd to remote] DEBUG org.asynchttpclient.netty.request.NettyRequestSender - Using open Channel [id: 0x09d9a47b, L:/127.0.0.1:50694 - R:localhost/127.0.0.1:55123] for POST '/session/71a2d44b2c96e7e11c81e4c61dc049fd/element/13fe3492-402d-440f-b8a5-2d1e00ff26b9/click'
19:29:24.051 [AsyncHttpClient-1-5] DEBUG org.asynchttpclient.netty.handler.HttpHandler - 

Request DefaultHttpRequest(decodeResult: success, version: HTTP/1.1)
POST /session/71a2d44b2c96e7e11c81e4c61dc049fd/element/13fe3492-402d-440f-b8a5-2d1e00ff26b9/click HTTP/1.1
User-Agent: selenium/4.1.4 (java windows)
Content-Length: 50
Content-Type: application/json; charset=utf-8
host: localhost:55123
accept: */*

Response DefaultHttpResponse(decodeResult: success, version: HTTP/1.1)
HTTP/1.1 200 OK
Content-Type: application/json; charset=utf-8
cache-control: no-cache
content-length: 14

19:29:24.051 [AsyncHttpClient-1-5] DEBUG org.asynchttpclient.netty.channel.ChannelManager - Adding key: http://localhost:55123 for channel [id: 0x09d9a47b, L:/127.0.0.1:50694 - R:localhost/127.0.0.1:55123]
19:29:24.074 [Forwarding screenshot on session 71a2d44b2c96e7e11c81e4c61dc049fd to remote] DEBUG org.asynchttpclient.netty.request.NettyRequestSender - Using pooled Channel '[id: 0x09d9a47b, L:/127.0.0.1:50694 - R:localhost/127.0.0.1:55123]' for 'GET' to 'http://localhost:55123/session/71a2d44b2c96e7e11c81e4c61dc049fd/screenshot'
19:29:24.074 [Forwarding screenshot on session 71a2d44b2c96e7e11c81e4c61dc049fd to remote] DEBUG org.asynchttpclient.netty.request.NettyRequestSender - Using open Channel [id: 0x09d9a47b, L:/127.0.0.1:50694 - R:localhost/127.0.0.1:55123] for GET '/session/71a2d44b2c96e7e11c81e4c61dc049fd/screenshot'
19:29:24.253 [AsyncHttpClient-1-5] DEBUG org.asynchttpclient.netty.handler.HttpHandler - 

Request DefaultFullHttpRequest(decodeResult: success, version: HTTP/1.1, content: EmptyByteBufBE)
GET /session/71a2d44b2c96e7e11c81e4c61dc049fd/screenshot HTTP/1.1
User-Agent: selenium/4.1.4 (java windows)
Cache-Control: no-cache
Content-Type: application/json; charset=utf-8
host: localhost:55123
accept: */*

Response DefaultHttpResponse(decodeResult: success, version: HTTP/1.1)
HTTP/1.1 200 OK
Content-Type: application/json; charset=utf-8
cache-control: no-cache
content-length: 87672

19:29:24.254 [AsyncHttpClient-1-5] DEBUG org.asynchttpclient.netty.channel.ChannelManager - Adding key: http://localhost:55123 for channel [id: 0x09d9a47b, L:/127.0.0.1:50694 - R:localhost/127.0.0.1:55123]
19:29:24.260 [main] DEBUG net.serenitybdd.core.photography.Darkroom - Send negative for processing for target\site\serenity\b738c63944f86991818dae004fe4b6a0a9373459a99369eecd84f79a52aa88a2.png
19:29:24.260 [main] DEBUG net.thucydides.core.steps.StepInterceptor - STEP DONE: clickButtonLogoutAccountNo
  &amp#27;[32mAnd &amp#27;[0m&amp#27;[32mClick icon no for logout&amp#27;[0m                &amp#27;[90m# starter.stepdefinitios.LoginSteps.clickIconNoForLogout()&amp#27;[0m
19:29:24.260 [Darkroom Processing Line] DEBUG net.serenitybdd.core.photography.DarkroomProcessingLine - Processing screenshot image in /var/screenshots/screenshot-7205521266122557799
19:29:24.260 [Darkroom Processing Line] DEBUG net.serenitybdd.core.photography.DarkroomProcessingLine - Saving screenshot to target\site\serenity\b738c63944f86991818dae004fe4b6a0a9373459a99369eecd84f79a52aa88a2.png
19:29:24.296 [AsyncHttpClient-1-1] DEBUG org.asynchttpclient.netty.channel.DefaultChannelPool - Entry count for : http://localhost:55123 : 1
19:29:24.296 [AsyncHttpClient-1-1] DEBUG org.asynchttpclient.netty.channel.DefaultChannelPool - Entry count for : http://localhost:50695 : 1
19:29:25.398 [AsyncHttpClient-1-1] DEBUG org.asynchttpclient.netty.channel.DefaultChannelPool - Entry count for : http://localhost:55123 : 1
19:29:25.398 [AsyncHttpClient-1-1] DEBUG org.asynchttpclient.netty.channel.DefaultChannelPool - Entry count for : http://localhost:50695 : 1
19:29:25.808 [Forwarding screenshot on session 71a2d44b2c96e7e11c81e4c61dc049fd to remote] DEBUG org.asynchttpclient.netty.request.NettyRequestSender - Using pooled Channel '[id: 0x09d9a47b, L:/127.0.0.1:50694 - R:localhost/127.0.0.1:55123]' for 'GET' to 'http://localhost:55123/session/71a2d44b2c96e7e11c81e4c61dc049fd/screenshot'
19:29:25.808 [Forwarding screenshot on session 71a2d44b2c96e7e11c81e4c61dc049fd to remote] DEBUG org.asynchttpclient.netty.request.NettyRequestSender - Using open Channel [id: 0x09d9a47b, L:/127.0.0.1:50694 - R:localhost/127.0.0.1:55123] for GET '/session/71a2d44b2c96e7e11c81e4c61dc049fd/screenshot'
19:29:25.990 [AsyncHttpClient-1-5] DEBUG org.asynchttpclient.netty.handler.HttpHandler - 

Request DefaultFullHttpRequest(decodeResult: success, version: HTTP/1.1, content: EmptyByteBufBE)
GET /session/71a2d44b2c96e7e11c81e4c61dc049fd/screenshot HTTP/1.1
User-Agent: selenium/4.1.4 (java windows)
Cache-Control: no-cache
Content-Type: application/json; charset=utf-8
host: localhost:55123
accept: */*

Response DefaultHttpResponse(decodeResult: success, version: HTTP/1.1)
HTTP/1.1 200 OK
Content-Type: application/json; charset=utf-8
cache-control: no-cache
content-length: 80360

19:29:25.991 [AsyncHttpClient-1-5] DEBUG org.asynchttpclient.netty.channel.ChannelManager - Adding key: http://localhost:55123 for channel [id: 0x09d9a47b, L:/127.0.0.1:50694 - R:localhost/127.0.0.1:55123]
19:29:25.996 [main] DEBUG net.serenitybdd.core.photography.Darkroom - Send negative for processing for target\site\serenity\8b4e3b91b1e36c5f1b0bcefda2879939789081aa1fe3f99a409edcd5740efe91.png
19:29:25.996 [main] DEBUG net.thucydides.core.steps.StepInterceptor - STARTING STEP: LoginSteps.validNotLogout - validPagePasien
19:29:25.996 [Darkroom Processing Line] DEBUG net.serenitybdd.core.photography.DarkroomProcessingLine - Processing screenshot image in /var/screenshots/screenshot-4659928663105667020
19:29:25.996 [Darkroom Processing Line] DEBUG net.serenitybdd.core.photography.DarkroomProcessingLine - Saving screenshot to target\site\serenity\8b4e3b91b1e36c5f1b0bcefda2879939789081aa1fe3f99a409edcd5740efe91.png
19:29:26.002 [Forwarding findElement on session 71a2d44b2c96e7e11c81e4c61dc049fd to remote] DEBUG org.asynchttpclient.netty.request.NettyRequestSender - Using pooled Channel '[id: 0x09d9a47b, L:/127.0.0.1:50694 - R:localhost/127.0.0.1:55123]' for 'POST' to 'http://localhost:55123/session/71a2d44b2c96e7e11c81e4c61dc049fd/element'
19:29:26.002 [Forwarding findElement on session 71a2d44b2c96e7e11c81e4c61dc049fd to remote] DEBUG org.asynchttpclient.netty.request.NettyRequestSender - Using open Channel [id: 0x09d9a47b, L:/127.0.0.1:50694 - R:localhost/127.0.0.1:55123] for POST '/session/71a2d44b2c96e7e11c81e4c61dc049fd/element'
19:29:26.021 [AsyncHttpClient-1-5] DEBUG org.asynchttpclient.netty.handler.HttpHandler - 

Request DefaultHttpRequest(decodeResult: success, version: HTTP/1.1)
POST /session/71a2d44b2c96e7e11c81e4c61dc049fd/element HTTP/1.1
User-Agent: selenium/4.1.4 (java windows)
Content-Length: 126
Content-Type: application/json; charset=utf-8
host: localhost:55123
accept: */*

Response DefaultHttpResponse(decodeResult: success, version: HTTP/1.1)
HTTP/1.1 200 OK
Content-Type: application/json; charset=utf-8
cache-control: no-cache
content-length: 88

19:29:26.021 [AsyncHttpClient-1-5] DEBUG org.asynchttpclient.netty.channel.ChannelManager - Adding key: http://localhost:55123 for channel [id: 0x09d9a47b, L:/127.0.0.1:50694 - R:localhost/127.0.0.1:55123]
19:29:26.023 [Forwarding isElementEnabled on session 71a2d44b2c96e7e11c81e4c61dc049fd to remote] DEBUG org.asynchttpclient.netty.request.NettyRequestSender - Using pooled Channel '[id: 0x09d9a47b, L:/127.0.0.1:50694 - R:localhost/127.0.0.1:55123]' for 'GET' to 'http://localhost:55123/session/71a2d44b2c96e7e11c81e4c61dc049fd/element/32bc5abd-1459-4a0d-a4bb-6287f8398f19/enabled'
19:29:26.023 [Forwarding isElementEnabled on session 71a2d44b2c96e7e11c81e4c61dc049fd to remote] DEBUG org.asynchttpclient.netty.request.NettyRequestSender - Using open Channel [id: 0x09d9a47b, L:/127.0.0.1:50694 - R:localhost/127.0.0.1:55123] for GET '/session/71a2d44b2c96e7e11c81e4c61dc049fd/element/32bc5abd-1459-4a0d-a4bb-6287f8398f19/enabled'
19:29:26.037 [AsyncHttpClient-1-5] DEBUG org.asynchttpclient.netty.handler.HttpHandler - 

Request DefaultFullHttpRequest(decodeResult: success, version: HTTP/1.1, content: EmptyByteBufBE)
GET /session/71a2d44b2c96e7e11c81e4c61dc049fd/element/32bc5abd-1459-4a0d-a4bb-6287f8398f19/enabled HTTP/1.1
User-Agent: selenium/4.1.4 (java windows)
Cache-Control: no-cache
Content-Type: application/json; charset=utf-8
host: localhost:55123
accept: */*

Response DefaultHttpResponse(decodeResult: success, version: HTTP/1.1)
HTTP/1.1 200 OK
Content-Type: application/json; charset=utf-8
cache-control: no-cache
content-length: 14

19:29:26.037 [AsyncHttpClient-1-5] DEBUG org.asynchttpclient.netty.channel.ChannelManager - Adding key: http://localhost:55123 for channel [id: 0x09d9a47b, L:/127.0.0.1:50694 - R:localhost/127.0.0.1:55123]
19:29:26.039 [main] DEBUG net.thucydides.core.steps.StepInterceptor - STEP DONE: validPagePasien
  &amp#27;[32mAnd &amp#27;[0m&amp#27;[32mValid not logout&amp#27;[0m                        &amp#27;[90m# starter.stepdefinitios.LoginSteps.validNotLogout()&amp#27;[0m
19:29:26.052 [Forwarding screenshot on session 71a2d44b2c96e7e11c81e4c61dc049fd to remote] DEBUG org.asynchttpclient.netty.request.NettyRequestSender - Using pooled Channel '[id: 0x09d9a47b, L:/127.0.0.1:50694 - R:localhost/127.0.0.1:55123]' for 'GET' to 'http://localhost:55123/session/71a2d44b2c96e7e11c81e4c61dc049fd/screenshot'
19:29:26.052 [Forwarding screenshot on session 71a2d44b2c96e7e11c81e4c61dc049fd to remote] DEBUG org.asynchttpclient.netty.request.NettyRequestSender - Using open Channel [id: 0x09d9a47b, L:/127.0.0.1:50694 - R:localhost/127.0.0.1:55123] for GET '/session/71a2d44b2c96e7e11c81e4c61dc049fd/screenshot'
19:29:26.179 [AsyncHttpClient-1-5] DEBUG org.asynchttpclient.netty.handler.HttpHandler - 

Request DefaultFullHttpRequest(decodeResult: success, version: HTTP/1.1, content: EmptyByteBufBE)
GET /session/71a2d44b2c96e7e11c81e4c61dc049fd/screenshot HTTP/1.1
User-Agent: selenium/4.1.4 (java windows)
Cache-Control: no-cache
Content-Type: application/json; charset=utf-8
host: localhost:55123
accept: */*

Response DefaultHttpResponse(decodeResult: success, version: HTTP/1.1)
HTTP/1.1 200 OK
Content-Type: application/json; charset=utf-8
cache-control: no-cache
content-length: 80360

19:29:26.180 [AsyncHttpClient-1-5] DEBUG org.asynchttpclient.netty.channel.ChannelManager - Adding key: http://localhost:55123 for channel [id: 0x09d9a47b, L:/127.0.0.1:50694 - R:localhost/127.0.0.1:55123]
19:29:26.181 [main] DEBUG net.serenitybdd.core.photography.Darkroom - Send negative for processing for target\site\serenity\8b4e3b91b1e36c5f1b0bcefda2879939789081aa1fe3f99a409edcd5740efe91.png
19:29:26.198 [AsyncHttpClient-1-7] DEBUG org.asynchttpclient.netty.handler.WebSocketHandler - Channel Closed: [id: 0xa36fc18a, L:/127.0.0.1:50702 ! R:localhost/127.0.0.1:50695] with attribute NettyResponseFuture{currentRetry=5,
	isDone=1,
	isCancelled=0,
	asyncHandler=org.asynchttpclient.ws.WebSocketUpgradeHandler@4138337a,
	nettyRequest=org.asynchttpclient.netty.request.NettyRequest@43aa539,
	future=java.util.concurrent.CompletableFuture@4d73bdbc[Completed normally],
	uri=ws://localhost:50695/devtools/browser/937e7760-91bb-4c23-abe4-08199977ef46,
	keepAlive=true,
	redirectCount=0,
	timeoutsHolder=null,
	inAuth=0,
	touch=1658060935842}
19:29:26.198 [AsyncHttpClient-1-7] DEBUG org.asynchttpclient.netty.channel.ChannelManager - Closing Channel [id: 0xa36fc18a, L:/127.0.0.1:50702 ! R:localhost/127.0.0.1:50695] 
19:29:26.198 [Driver Command Executor] DEBUG org.asynchttpclient.netty.request.NettyRequestSender - Using pooled Channel '[id: 0x09d9a47b, L:/127.0.0.1:50694 - R:localhost/127.0.0.1:55123]' for 'DELETE' to 'http://localhost:55123/session/71a2d44b2c96e7e11c81e4c61dc049fd'
19:29:26.199 [Driver Command Executor] DEBUG org.asynchttpclient.netty.request.NettyRequestSender - Using open Channel [id: 0x09d9a47b, L:/127.0.0.1:50694 - R:localhost/127.0.0.1:55123] for DELETE '/session/71a2d44b2c96e7e11c81e4c61dc049fd'
19:29:26.281 [AsyncHttpClient-1-6] DEBUG org.asynchttpclient.netty.handler.HttpHandler - Unexpected I/O exception on channel [id: 0xc5e8810b, L:/127.0.0.1:50701 - R:localhost/127.0.0.1:50695]
java.io.IOException: An existing connection was forcibly closed by the remote host
	at java.base/sun.nio.ch.SocketDispatcher.read0(Native Method)
	at java.base/sun.nio.ch.SocketDispatcher.read(SocketDispatcher.java:43)
	at java.base/sun.nio.ch.IOUtil.readIntoNativeBuffer(IOUtil.java:276)
	at java.base/sun.nio.ch.IOUtil.read(IOUtil.java:233)
	at java.base/sun.nio.ch.IOUtil.read(IOUtil.java:223)
	at java.base/sun.nio.ch.SocketChannelImpl.read(SocketChannelImpl.java:356)
	at io.netty.buffer.PooledByteBuf.setBytes(PooledByteBuf.java:258)
	at io.netty.buffer.AbstractByteBuf.writeBytes(AbstractByteBuf.java:1132)
	at io.netty.channel.socket.nio.NioSocketChannel.doReadBytes(NioSocketChannel.java:357)
	at io.netty.channel.nio.AbstractNioByteChannel$NioByteUnsafe.read(AbstractNioByteChannel.java:151)
	at io.netty.channel.nio.NioEventLoop.processSelectedKey(NioEventLoop.java:722)
	at io.netty.channel.nio.NioEventLoop.processSelectedKeysOptimized(NioEventLoop.java:658)
	at io.netty.channel.nio.NioEventLoop.processSelectedKeys(NioEventLoop.java:584)
	at io.netty.channel.nio.NioEventLoop.run(NioEventLoop.java:496)
	at io.netty.util.concurrent.SingleThreadEventExecutor$4.run(SingleThreadEventExecutor.java:986)
	at io.netty.util.internal.ThreadExecutorMap$2.run(ThreadExecutorMap.java:74)
	at io.netty.util.concurrent.FastThreadLocalRunnable.run(FastThreadLocalRunnable.java:30)
	at java.base/java.lang.Thread.run(Thread.java:829)
19:29:26.281 [AsyncHttpClient-1-6] DEBUG org.asynchttpclient.netty.channel.ChannelManager - Closing Channel [id: 0xc5e8810b, L:/127.0.0.1:50701 - R:localhost/127.0.0.1:50695] 
19:29:26.281 [AsyncHttpClient-1-6] DEBUG org.asynchttpclient.netty.handler.HttpHandler - Channel Closed: [id: 0xc5e8810b, L:/127.0.0.1:50701 ! R:localhost/127.0.0.1:50695] with attribute DISCARD
19:29:26.361 [AsyncHttpClient-1-5] DEBUG org.asynchttpclient.netty.handler.HttpHandler - 

Request DefaultFullHttpRequest(decodeResult: success, version: HTTP/1.1, content: EmptyByteBufBE)
DELETE /session/71a2d44b2c96e7e11c81e4c61dc049fd HTTP/1.1
User-Agent: selenium/4.1.4 (java windows)
Content-Type: application/json; charset=utf-8
host: localhost:55123
accept: */*

Response DefaultHttpResponse(decodeResult: success, version: HTTP/1.1)
HTTP/1.1 200 OK
Content-Type: application/json; charset=utf-8
cache-control: no-cache
content-length: 14

19:29:26.361 [AsyncHttpClient-1-5] DEBUG org.asynchttpclient.netty.channel.ChannelManager - Adding key: http://localhost:55123 for channel [id: 0x09d9a47b, L:/127.0.0.1:50694 - R:localhost/127.0.0.1:55123]
19:29:26.418 [AsyncHttpClient-1-5] DEBUG org.asynchttpclient.netty.handler.HttpHandler - Channel Closed: [id: 0x09d9a47b, L:/127.0.0.1:50694 ! R:localhost/127.0.0.1:55123] with attribute DISCARD
19:29:26.461 [main] INFO  - 
  _____   ___   ___   _____     ___     _     ___   ___   ___   ___  
 |_   _| | __| / __| |_   _|   | _ \   /_\   / __| / __| | __| |   \ 
   | |   | _|  \__ \   | |     |  _/  / _ \  \__ \ \__ \ | _|  | |) |
   |_|   |___| |___/   |_|     |_|   /_/ \_\ |___/ |___/ |___| |___/ 

As a admin I Logout - No
----------------------------------------------------------------------
]]></system-out>
    <system-err><![CDATA[Starting ChromeDriver 103.0.5060.53 (a1711811edd74ff1cf2150f36ffa3b0dae40b17f-refs/branch-heads/5060@{#853}) on port 55123
Only local connections are allowed.
Please see https://chromedriver.chromium.org/security-considerations for suggestions on keeping ChromeDriver safe.
ChromeDriver was started successfully.
Jul 17, 2022 7:28:55 PM org.openqa.selenium.remote.ProtocolHandshake createSession
INFO: Detected dialect: W3C
Jul 17, 2022 7:28:55 PM org.openqa.selenium.devtools.CdpVersionFinder findNearestMatch
WARNING: Unable to find an exact match for CDP version 103, so returning the closest version found: 101
Jul 17, 2022 7:28:55 PM org.openqa.selenium.devtools.CdpVersionFinder findNearestMatch
INFO: Found CDP implementation for version 103 of 101
]]></system-err>
  </testcase>
</testsuite>